[ 2017-04-07T15:13:02+08:00 ] 172.17.0.1 /api_tp/api_tp/index.php/Index/test
INFO: [ app_init ] --START--
INFO: Run Behavior\BuildLiteBehavior [ RunTime:0.000024s ]
INFO: [ app_init ] --END-- [ RunTime:0.000132s ]
ERR: 无法加载模块:Index

[ 2017-04-07T15:25:03+08:00 ] 172.17.0.1 /api_tp/api_tp/index.php/Index/test
INFO: [ app_init ] --START--
INFO: Run Behavior\BuildLiteBehavior [ RunTime:0.000016s ]
INFO: [ app_init ] --END-- [ RunTime:0.000085s ]
ERR: 无法加载模块:Index

[ 2017-04-07T15:25:26+08:00 ] 172.17.0.1 /api_tp/api_tp/index.php/Index/test
INFO: [ app_init ] --START--
INFO: Run Behavior\BuildLiteBehavior [ RunTime:0.000016s ]
INFO: [ app_init ] --END-- [ RunTime:0.000085s ]
ERR: 无法加载模块:Index

[ 2017-04-07T15:25:33+08:00 ] 172.17.0.1 /api_tp/api_tp/index.php/Index/index
INFO: [ app_init ] --START--
INFO: Run Behavior\BuildLiteBehavior [ RunTime:0.000018s ]
INFO: [ app_init ] --END-- [ RunTime:0.000112s ]
ERR: 无法加载模块:Index

[ 2017-04-07T15:26:40+08:00 ] 172.17.0.1 /api_tp/api_tp/index.php/AlipayWapPay/index
INFO: [ app_init ] --START--
INFO: Run Behavior\BuildLiteBehavior [ RunTime:0.000016s ]
INFO: [ app_init ] --END-- [ RunTime:0.000090s ]
ERR: 无法加载模块:AlipayWapPay

