[ 2017-03-17T09:27:52+08:00 ] 172.17.0.1 /api_tp/index.php/Home/PageIndex/Index_OMS
INFO: [ app_init ] --START--
INFO: Run Behavior\BuildLiteBehavior [ RunTime:0.000018s ]
INFO: [ app_init ] --END-- [ RunTime:0.000130s ]
INFO: [ app_begin ] --START--
INFO: Run Behavior\ReadHtmlCacheBehavior [ RunTime:0.011330s ]
INFO: [ app_begin ] --END-- [ RunTime:0.011431s ]
NOTIC: [8] Undefined index: oms_hostBn /opt/htdocs/api_tp/Application/Home/Controller/PageIndexController.class.php 第 69 行.
INFO: [ app_end ] --START--
INFO: Run Behavior\ShowPageTraceBehavior [ RunTime:0.152906s ]
INFO: [ app_end ] --END-- [ RunTime:0.153023s ]

[ 2017-03-17T09:28:04+08:00 ] 172.17.0.1 /api_tp/index.php/Home/PageIndex/Index_B2C
INFO: [ app_init ] --START--
INFO: Run Behavior\BuildLiteBehavior [ RunTime:0.000029s ]
INFO: [ app_init ] --END-- [ RunTime:0.000197s ]
INFO: [ app_begin ] --START--
INFO: Run Behavior\ReadHtmlCacheBehavior [ RunTime:0.000424s ]
INFO: [ app_begin ] --END-- [ RunTime:0.000560s ]
INFO: [ app_end ] --START--
INFO: Run Behavior\ShowPageTraceBehavior [ RunTime:0.000353s ]
INFO: [ app_end ] --END-- [ RunTime:0.000461s ]

[ 2017-03-17T09:43:17+08:00 ] 172.17.0.1 /api_tp/index.php/Home/PageIndex/Index_B2C?method=b2c.advertising2.homefocus&direct=true
INFO: [ app_init ] --START--
INFO: Run Behavior\BuildLiteBehavior [ RunTime:0.000022s ]
INFO: [ app_init ] --END-- [ RunTime:0.000127s ]
INFO: [ app_begin ] --START--
INFO: Run Behavior\ReadHtmlCacheBehavior [ RunTime:0.000477s ]
INFO: [ app_begin ] --END-- [ RunTime:0.000615s ]
INFO: [ app_end ] --START--
INFO: Run Behavior\ShowPageTraceBehavior [ RunTime:0.000381s ]
INFO: [ app_end ] --END-- [ RunTime:0.000500s ]

[ 2017-03-17T10:54:39+08:00 ] 172.17.0.1 /api_tp/index.php/Home/PageIndex/Index_OMS?method=customerRestApi.customer.address.add&oms_hostBn=1
INFO: [ app_init ] --START--
INFO: Run Behavior\BuildLiteBehavior [ RunTime:0.000014s ]
INFO: [ app_init ] --END-- [ RunTime:0.000078s ]
INFO: [ app_begin ] --START--
INFO: Run Behavior\ReadHtmlCacheBehavior [ RunTime:0.000237s ]
INFO: [ app_begin ] --END-- [ RunTime:0.000329s ]
INFO: [ app_end ] --START--
INFO: Run Behavior\ShowPageTraceBehavior [ RunTime:0.000329s ]
INFO: [ app_end ] --END-- [ RunTime:0.000428s ]

[ 2017-03-17T13:52:28+08:00 ] 172.17.0.1 /api_tp/index.php/Home/PageIndex/Index_OMS?method=goodsRestApi.goods.goodsInfo
INFO: [ app_init ] --START--
INFO: Run Behavior\BuildLiteBehavior [ RunTime:0.000020s ]
INFO: [ app_init ] --END-- [ RunTime:0.000113s ]
INFO: [ app_begin ] --START--
INFO: Run Behavior\ReadHtmlCacheBehavior [ RunTime:0.011386s ]
INFO: [ app_begin ] --END-- [ RunTime:0.011492s ]
NOTIC: [8] Undefined index: oms_hostBn /opt/htdocs/api_tp/Application/Home/Controller/PageIndexController.class.php 第 69 行.
INFO: [ app_end ] --START--
INFO: Run Behavior\ShowPageTraceBehavior [ RunTime:0.168926s ]
INFO: [ app_end ] --END-- [ RunTime:0.169102s ]

[ 2017-03-17T13:53:22+08:00 ] 172.17.0.1 /api_tp/index.php/Home/PageIndex/Index_B2C?method=b2c.product2.app_productBaseInfo&direct=true
INFO: [ app_init ] --START--
INFO: Run Behavior\BuildLiteBehavior [ RunTime:0.000016s ]
INFO: [ app_init ] --END-- [ RunTime:0.000084s ]
INFO: [ app_begin ] --START--
INFO: Run Behavior\ReadHtmlCacheBehavior [ RunTime:0.000449s ]
INFO: [ app_begin ] --END-- [ RunTime:0.000585s ]
INFO: [ app_end ] --START--
INFO: Run Behavior\ShowPageTraceBehavior [ RunTime:0.000371s ]
INFO: [ app_end ] --END-- [ RunTime:0.000485s ]

[ 2017-03-17T13:54:44+08:00 ] 172.17.0.1 /api_tp/index.php/Home/PageIndex/Index_OMS?method=goodsRestApi.goods.goodsInfo
INFO: [ app_init ] --START--
INFO: Run Behavior\BuildLiteBehavior [ RunTime:0.000018s ]
INFO: [ app_init ] --END-- [ RunTime:0.000097s ]
INFO: [ app_begin ] --START--
INFO: Run Behavior\ReadHtmlCacheBehavior [ RunTime:0.000237s ]
INFO: [ app_begin ] --END-- [ RunTime:0.000305s ]
NOTIC: [8] Undefined index: oms_hostBn /opt/htdocs/api_tp/Application/Home/Controller/PageIndexController.class.php 第 69 行.
INFO: [ app_end ] --START--
INFO: Run Behavior\ShowPageTraceBehavior [ RunTime:0.000343s ]
INFO: [ app_end ] --END-- [ RunTime:0.000444s ]

[ 2017-03-17T13:57:30+08:00 ] 172.17.0.1 /api_tp/index.php/Home/PageIndex/Index_OMS?method=goodsRestApi.goods.goodsInfo
INFO: [ app_init ] --START--
INFO: Run Behavior\BuildLiteBehavior [ RunTime:0.000015s ]
INFO: [ app_init ] --END-- [ RunTime:0.000083s ]
INFO: [ app_begin ] --START--
INFO: Run Behavior\ReadHtmlCacheBehavior [ RunTime:0.000240s ]
INFO: [ app_begin ] --END-- [ RunTime:0.000311s ]
NOTIC: [8] Undefined index: oms_hostBn /opt/htdocs/api_tp/Application/Home/Controller/PageIndexController.class.php 第 69 行.
INFO: [ app_end ] --START--
INFO: Run Behavior\ShowPageTraceBehavior [ RunTime:0.000344s ]
INFO: [ app_end ] --END-- [ RunTime:0.000445s ]

[ 2017-03-17T13:58:39+08:00 ] 172.17.0.1 /api_tp/index.php/Home/PageIndex/Index_B2C?method=b2c.product2.app_productBaseInfo&direct=true
INFO: [ app_init ] --START--
INFO: Run Behavior\BuildLiteBehavior [ RunTime:0.000014s ]
INFO: [ app_init ] --END-- [ RunTime:0.000081s ]
INFO: [ app_begin ] --START--
INFO: Run Behavior\ReadHtmlCacheBehavior [ RunTime:0.000231s ]
INFO: [ app_begin ] --END-- [ RunTime:0.000301s ]
INFO: [ app_end ] --START--
INFO: Run Behavior\ShowPageTraceBehavior [ RunTime:0.000344s ]
INFO: [ app_end ] --END-- [ RunTime:0.000451s ]

[ 2017-03-17T14:03:12+08:00 ] 172.17.0.1 /api_tp/index.php/Home/PageIndex/Index_B2C?method=b2c.product2.app_productBaseInfo&direct=true
INFO: [ app_init ] --START--
INFO: Run Behavior\BuildLiteBehavior [ RunTime:0.000018s ]
INFO: [ app_init ] --END-- [ RunTime:0.000099s ]
INFO: [ app_begin ] --START--
INFO: Run Behavior\ReadHtmlCacheBehavior [ RunTime:0.000326s ]
INFO: [ app_begin ] --END-- [ RunTime:0.000427s ]
INFO: [ app_end ] --START--
INFO: Run Behavior\ShowPageTraceBehavior [ RunTime:0.000575s ]
INFO: [ app_end ] --END-- [ RunTime:0.000748s ]

[ 2017-03-17T14:03:38+08:00 ] 172.17.0.1 /api_tp/index.php/Home/PageIndex/Index_OMS?method=goodsRestApi.goods.goodsInfo
INFO: [ app_init ] --START--
INFO: Run Behavior\BuildLiteBehavior [ RunTime:0.000019s ]
INFO: [ app_init ] --END-- [ RunTime:0.000094s ]
INFO: [ app_begin ] --START--
INFO: Run Behavior\ReadHtmlCacheBehavior [ RunTime:0.000236s ]
INFO: [ app_begin ] --END-- [ RunTime:0.000303s ]
NOTIC: [8] Undefined index: oms_hostBn /opt/htdocs/api_tp/Application/Home/Controller/PageIndexController.class.php 第 69 行.
INFO: [ app_end ] --START--
INFO: Run Behavior\ShowPageTraceBehavior [ RunTime:0.000346s ]
INFO: [ app_end ] --END-- [ RunTime:0.000448s ]

[ 2017-03-17T14:12:28+08:00 ] 172.17.0.1 /api_tp/index.php/Home/PageIndex/Index_B2C?method=b2c.product2.app_productBaseInfo&direct=true
INFO: [ app_init ] --START--
INFO: Run Behavior\BuildLiteBehavior [ RunTime:0.000016s ]
INFO: [ app_init ] --END-- [ RunTime:0.000086s ]
INFO: [ app_begin ] --START--
INFO: Run Behavior\ReadHtmlCacheBehavior [ RunTime:0.000283s ]
INFO: [ app_begin ] --END-- [ RunTime:0.000367s ]
INFO: [ app_end ] --START--
INFO: Run Behavior\ShowPageTraceBehavior [ RunTime:0.000361s ]
INFO: [ app_end ] --END-- [ RunTime:0.000470s ]

[ 2017-03-17T14:12:56+08:00 ] 172.17.0.1 /api_tp/index.php/Home/PageIndex/Index_B2C?method=b2c.product2.app_productBaseInfo&direct=true
INFO: [ app_init ] --START--
INFO: Run Behavior\BuildLiteBehavior [ RunTime:0.000015s ]
INFO: [ app_init ] --END-- [ RunTime:0.000079s ]
INFO: [ app_begin ] --START--
INFO: Run Behavior\ReadHtmlCacheBehavior [ RunTime:0.000258s ]
INFO: [ app_begin ] --END-- [ RunTime:0.000330s ]
INFO: [ app_end ] --START--
INFO: Run Behavior\ShowPageTraceBehavior [ RunTime:0.000350s ]
INFO: [ app_end ] --END-- [ RunTime:0.000456s ]

[ 2017-03-17T14:13:55+08:00 ] 172.17.0.1 /api_tp/index.php/Home/PageIndex/Index_OMS?method=goodsRestApi.goods.goodsInfo
INFO: [ app_init ] --START--
INFO: Run Behavior\BuildLiteBehavior [ RunTime:0.000014s ]
INFO: [ app_init ] --END-- [ RunTime:0.000079s ]
INFO: [ app_begin ] --START--
INFO: Run Behavior\ReadHtmlCacheBehavior [ RunTime:0.000233s ]
INFO: [ app_begin ] --END-- [ RunTime:0.000302s ]
NOTIC: [8] Undefined index: oms_hostBn /opt/htdocs/api_tp/Application/Home/Controller/PageIndexController.class.php 第 69 行.
INFO: [ app_end ] --START--
INFO: Run Behavior\ShowPageTraceBehavior [ RunTime:0.000366s ]
INFO: [ app_end ] --END-- [ RunTime:0.000462s ]

[ 2017-03-17T14:28:56+08:00 ] 172.17.0.1 /api_tp/index.php/Home/PageIndex/Index_B2C?method=b2c.advertising2.indextv&direct=true
INFO: [ app_init ] --START--
INFO: Run Behavior\BuildLiteBehavior [ RunTime:0.000014s ]
INFO: [ app_init ] --END-- [ RunTime:0.000081s ]
INFO: [ app_begin ] --START--
INFO: Run Behavior\ReadHtmlCacheBehavior [ RunTime:0.000239s ]
INFO: [ app_begin ] --END-- [ RunTime:0.000308s ]
INFO: [ app_end ] --START--
INFO: Run Behavior\ShowPageTraceBehavior [ RunTime:0.000352s ]
INFO: [ app_end ] --END-- [ RunTime:0.000452s ]

[ 2017-03-17T14:34:40+08:00 ] 172.17.0.1 /api_tp/index.php/Home/PageIndex/Index_B2C?method=b2c.product2.app_productBaseInfo&direct=true
INFO: [ app_init ] --START--
INFO: Run Behavior\BuildLiteBehavior [ RunTime:0.000015s ]
INFO: [ app_init ] --END-- [ RunTime:0.000079s ]
INFO: [ app_begin ] --START--
INFO: Run Behavior\ReadHtmlCacheBehavior [ RunTime:0.000426s ]
INFO: [ app_begin ] --END-- [ RunTime:0.000586s ]
INFO: [ app_end ] --START--
INFO: Run Behavior\ShowPageTraceBehavior [ RunTime:0.000361s ]
INFO: [ app_end ] --END-- [ RunTime:0.000470s ]

[ 2017-03-17T14:38:09+08:00 ] 172.17.0.1 /api_tp/index.php/Home/PageIndex/Index_OMS?method=goodsRestApi.goods.goodsInfo
INFO: [ app_init ] --START--
INFO: Run Behavior\BuildLiteBehavior [ RunTime:0.000015s ]
INFO: [ app_init ] --END-- [ RunTime:0.000080s ]
INFO: [ app_begin ] --START--
INFO: Run Behavior\ReadHtmlCacheBehavior [ RunTime:0.000208s ]
INFO: [ app_begin ] --END-- [ RunTime:0.000277s ]
NOTIC: [8] Undefined index: oms_hostBn /opt/htdocs/api_tp/Application/Home/Controller/PageIndexController.class.php 第 69 行.
INFO: [ app_end ] --START--
INFO: Run Behavior\ShowPageTraceBehavior [ RunTime:0.000343s ]
INFO: [ app_end ] --END-- [ RunTime:0.000452s ]

[ 2017-03-17T14:48:10+08:00 ] 172.17.0.1 /api_tp/index.php/Home/PageIndex/Index_B2C?method=b2c.product2.app_productBaseInfo&direct=true
INFO: [ app_init ] --START--
INFO: Run Behavior\BuildLiteBehavior [ RunTime:0.000024s ]
INFO: [ app_init ] --END-- [ RunTime:0.000136s ]
INFO: [ app_begin ] --START--
INFO: Run Behavior\ReadHtmlCacheBehavior [ RunTime:0.000247s ]
INFO: [ app_begin ] --END-- [ RunTime:0.000319s ]
INFO: [ app_end ] --START--
INFO: Run Behavior\ShowPageTraceBehavior [ RunTime:0.000370s ]
INFO: [ app_end ] --END-- [ RunTime:0.000475s ]

[ 2017-03-17T14:49:08+08:00 ] 172.17.0.1 /api_tp/index.php/Home/PageIndex/Index_OMS?method=goodsRestApi.goods.goodsInfo
INFO: [ app_init ] --START--
INFO: Run Behavior\BuildLiteBehavior [ RunTime:0.000016s ]
INFO: [ app_init ] --END-- [ RunTime:0.000086s ]
INFO: [ app_begin ] --START--
INFO: Run Behavior\ReadHtmlCacheBehavior [ RunTime:0.000296s ]
INFO: [ app_begin ] --END-- [ RunTime:0.000386s ]
NOTIC: [8] Undefined index: oms_hostBn /opt/htdocs/api_tp/Application/Home/Controller/PageIndexController.class.php 第 69 行.
INFO: [ app_end ] --START--
INFO: Run Behavior\ShowPageTraceBehavior [ RunTime:0.000353s ]
INFO: [ app_end ] --END-- [ RunTime:0.000461s ]

[ 2017-03-17T14:49:44+08:00 ] 172.17.0.1 /api_tp/index.php/Home/PageIndex/Index_B2C?method=b2c.product2.app_productBaseInfo&direct=true
INFO: [ app_init ] --START--
INFO: Run Behavior\BuildLiteBehavior [ RunTime:0.000019s ]
INFO: [ app_init ] --END-- [ RunTime:0.000103s ]
INFO: [ app_begin ] --START--
INFO: Run Behavior\ReadHtmlCacheBehavior [ RunTime:0.000228s ]
INFO: [ app_begin ] --END-- [ RunTime:0.000301s ]
INFO: [ app_end ] --START--
INFO: Run Behavior\ShowPageTraceBehavior [ RunTime:0.000276s ]
INFO: [ app_end ] --END-- [ RunTime:0.000364s ]

[ 2017-03-17T14:50:05+08:00 ] 172.17.0.1 /api_tp/index.php/Home/PageIndex/Index_OMS?method=goodsRestApi.goods.goodsInfo
INFO: [ app_init ] --START--
INFO: Run Behavior\BuildLiteBehavior [ RunTime:0.000014s ]
INFO: [ app_init ] --END-- [ RunTime:0.000083s ]
INFO: [ app_begin ] --START--
INFO: Run Behavior\ReadHtmlCacheBehavior [ RunTime:0.000455s ]
INFO: [ app_begin ] --END-- [ RunTime:0.000623s ]
NOTIC: [8] Undefined index: oms_hostBn /opt/htdocs/api_tp/Application/Home/Controller/PageIndexController.class.php 第 69 行.
INFO: [ app_end ] --START--
INFO: Run Behavior\ShowPageTraceBehavior [ RunTime:0.000310s ]
INFO: [ app_end ] --END-- [ RunTime:0.000416s ]

[ 2017-03-17T14:55:37+08:00 ] 172.17.0.1 /api_tp/index.php/Home/PageIndex/Index_OMS?method=goodsRestApi.goods.goodsInfo
INFO: [ app_init ] --START--
INFO: Run Behavior\BuildLiteBehavior [ RunTime:0.000019s ]
INFO: [ app_init ] --END-- [ RunTime:0.000104s ]
INFO: [ app_begin ] --START--
INFO: Run Behavior\ReadHtmlCacheBehavior [ RunTime:0.000401s ]
INFO: [ app_begin ] --END-- [ RunTime:0.000540s ]
NOTIC: [8] Undefined index: oms_hostBn /opt/htdocs/api_tp/Application/Home/Controller/PageIndexController.class.php 第 69 行.
INFO: [ app_end ] --START--
INFO: Run Behavior\ShowPageTraceBehavior [ RunTime:0.000286s ]
INFO: [ app_end ] --END-- [ RunTime:0.000388s ]

[ 2017-03-17T14:56:40+08:00 ] 172.17.0.1 /api_tp/index.php/Home/PageIndex/Index_OMS?method=goodsRestApi.goods.goodsInfo
INFO: [ app_init ] --START--
INFO: Run Behavior\BuildLiteBehavior [ RunTime:0.000017s ]
INFO: [ app_init ] --END-- [ RunTime:0.000091s ]
INFO: [ app_begin ] --START--
INFO: Run Behavior\ReadHtmlCacheBehavior [ RunTime:0.000212s ]
INFO: [ app_begin ] --END-- [ RunTime:0.000281s ]
NOTIC: [8] Undefined index: oms_hostBn /opt/htdocs/api_tp/Application/Home/Controller/PageIndexController.class.php 第 69 行.
INFO: [ app_end ] --START--
INFO: Run Behavior\ShowPageTraceBehavior [ RunTime:0.000326s ]
INFO: [ app_end ] --END-- [ RunTime:0.000441s ]

[ 2017-03-17T14:56:56+08:00 ] 172.17.0.1 /api_tp/index.php/Home/PageIndex/Index_B2C?method=b2c.product2.app_productBaseInfo&direct=true
INFO: [ app_init ] --START--
INFO: Run Behavior\BuildLiteBehavior [ RunTime:0.000015s ]
INFO: [ app_init ] --END-- [ RunTime:0.000088s ]
INFO: [ app_begin ] --START--
INFO: Run Behavior\ReadHtmlCacheBehavior [ RunTime:0.000335s ]
INFO: [ app_begin ] --END-- [ RunTime:0.000426s ]
INFO: [ app_end ] --START--
INFO: Run Behavior\ShowPageTraceBehavior [ RunTime:0.000356s ]
INFO: [ app_end ] --END-- [ RunTime:0.000461s ]

[ 2017-03-17T14:57:07+08:00 ] 172.17.0.1 /api_tp/index.php/Home/PageIndex/Index_OMS?method=goodsRestApi.goods.goodsInfo
INFO: [ app_init ] --START--
INFO: Run Behavior\BuildLiteBehavior [ RunTime:0.000014s ]
INFO: [ app_init ] --END-- [ RunTime:0.000076s ]
INFO: [ app_begin ] --START--
INFO: Run Behavior\ReadHtmlCacheBehavior [ RunTime:0.000264s ]
INFO: [ app_begin ] --END-- [ RunTime:0.000337s ]
NOTIC: [8] Undefined index: oms_hostBn /opt/htdocs/api_tp/Application/Home/Controller/PageIndexController.class.php 第 69 行.
INFO: [ app_end ] --START--
INFO: Run Behavior\ShowPageTraceBehavior [ RunTime:0.000375s ]
INFO: [ app_end ] --END-- [ RunTime:0.000486s ]

[ 2017-03-17T14:58:19+08:00 ] 172.17.0.1 /api_tp/index.php/Home/PageIndex/Index_OMS?method=goodsRestApi.goods.goodsInfo
INFO: [ app_init ] --START--
INFO: Run Behavior\BuildLiteBehavior [ RunTime:0.000016s ]
INFO: [ app_init ] --END-- [ RunTime:0.000081s ]
INFO: [ app_begin ] --START--
INFO: Run Behavior\ReadHtmlCacheBehavior [ RunTime:0.000253s ]
INFO: [ app_begin ] --END-- [ RunTime:0.000340s ]
NOTIC: [8] Undefined index: oms_hostBn /opt/htdocs/api_tp/Application/Home/Controller/PageIndexController.class.php 第 69 行.
INFO: [ app_end ] --START--
INFO: Run Behavior\ShowPageTraceBehavior [ RunTime:0.000348s ]
INFO: [ app_end ] --END-- [ RunTime:0.000453s ]

[ 2017-03-17T15:00:31+08:00 ] 172.17.0.1 /api_tp/index.php/Home/PageIndex/Index_B2C?method=b2c.product2.app_productBaseInfo&direct=true
INFO: [ app_init ] --START--
INFO: Run Behavior\BuildLiteBehavior [ RunTime:0.000020s ]
INFO: [ app_init ] --END-- [ RunTime:0.000111s ]
INFO: [ app_begin ] --START--
INFO: Run Behavior\ReadHtmlCacheBehavior [ RunTime:0.000286s ]
INFO: [ app_begin ] --END-- [ RunTime:0.000381s ]
INFO: [ app_end ] --START--
INFO: Run Behavior\ShowPageTraceBehavior [ RunTime:0.000313s ]
INFO: [ app_end ] --END-- [ RunTime:0.000448s ]

[ 2017-03-17T15:00:40+08:00 ] 172.17.0.1 /api_tp/index.php/Home/PageIndex/Index_B2C?method=b2c.product2.app_productBaseInfo&direct=true
INFO: [ app_init ] --START--
INFO: Run Behavior\BuildLiteBehavior [ RunTime:0.000015s ]
INFO: [ app_init ] --END-- [ RunTime:0.000081s ]
INFO: [ app_begin ] --START--
INFO: Run Behavior\ReadHtmlCacheBehavior [ RunTime:0.000350s ]
INFO: [ app_begin ] --END-- [ RunTime:0.000451s ]
INFO: [ app_end ] --START--
INFO: Run Behavior\ShowPageTraceBehavior [ RunTime:0.000361s ]
INFO: [ app_end ] --END-- [ RunTime:0.000467s ]

[ 2017-03-17T15:01:16+08:00 ] 172.17.0.1 /api_tp/index.php/Home/PageIndex/Index_OMS?method=goodsRestApi.goods.goodsInfo
INFO: [ app_init ] --START--
INFO: Run Behavior\BuildLiteBehavior [ RunTime:0.000021s ]
INFO: [ app_init ] --END-- [ RunTime:0.000126s ]
INFO: [ app_begin ] --START--
INFO: Run Behavior\ReadHtmlCacheBehavior [ RunTime:0.000232s ]
INFO: [ app_begin ] --END-- [ RunTime:0.000301s ]
NOTIC: [8] Undefined index: oms_hostBn /opt/htdocs/api_tp/Application/Home/Controller/PageIndexController.class.php 第 69 行.
INFO: [ app_end ] --START--
INFO: Run Behavior\ShowPageTraceBehavior [ RunTime:0.000360s ]
INFO: [ app_end ] --END-- [ RunTime:0.000471s ]

[ 2017-03-17T15:04:46+08:00 ] 100.3.6.64 /api_tp/index.php/Home/PageIndex/Index_B2C?method=b2c.tag2.tag_group_list&direct=true
INFO: [ app_init ] --START--
INFO: Run Behavior\BuildLiteBehavior [ RunTime:0.000018s ]
INFO: [ app_init ] --END-- [ RunTime:0.000101s ]
INFO: [ app_begin ] --START--
INFO: Run Behavior\ReadHtmlCacheBehavior [ RunTime:0.000400s ]
INFO: [ app_begin ] --END-- [ RunTime:0.000505s ]
INFO: [ app_end ] --START--
INFO: Run Behavior\ShowPageTraceBehavior [ RunTime:0.000413s ]
INFO: [ app_end ] --END-- [ RunTime:0.000532s ]

[ 2017-03-17T15:07:00+08:00 ] 100.3.6.64 /api_tp/index.php/Home/PageIndex/Index_B2C?method=b2c.tag2.tag_group_list&direct=true
INFO: [ app_init ] --START--
INFO: Run Behavior\BuildLiteBehavior [ RunTime:0.000015s ]
INFO: [ app_init ] --END-- [ RunTime:0.000080s ]
INFO: [ app_begin ] --START--
INFO: Run Behavior\ReadHtmlCacheBehavior [ RunTime:0.000222s ]
INFO: [ app_begin ] --END-- [ RunTime:0.000304s ]
INFO: [ app_end ] --START--
INFO: Run Behavior\ShowPageTraceBehavior [ RunTime:0.000398s ]
INFO: [ app_end ] --END-- [ RunTime:0.000529s ]

[ 2017-03-17T15:07:11+08:00 ] 100.3.6.64 /api_tp/index.php/Home/PageIndex/Index_B2C?method=b2c.tag2.tag_group_list&direct=true
INFO: [ app_init ] --START--
INFO: Run Behavior\BuildLiteBehavior [ RunTime:0.000024s ]
INFO: [ app_init ] --END-- [ RunTime:0.000119s ]
INFO: [ app_begin ] --START--
INFO: Run Behavior\ReadHtmlCacheBehavior [ RunTime:0.000258s ]
INFO: [ app_begin ] --END-- [ RunTime:0.000338s ]
INFO: [ app_end ] --START--
INFO: Run Behavior\ShowPageTraceBehavior [ RunTime:0.000316s ]
INFO: [ app_end ] --END-- [ RunTime:0.000417s ]

[ 2017-03-17T15:11:34+08:00 ] 172.17.0.1 /api_tp/index.php/Home/PageIndex/Index_OMS?method=goodsRestApi.goods.goodsInfo
INFO: [ app_init ] --START--
INFO: Run Behavior\BuildLiteBehavior [ RunTime:0.000014s ]
INFO: [ app_init ] --END-- [ RunTime:0.000076s ]
INFO: [ app_begin ] --START--
INFO: Run Behavior\ReadHtmlCacheBehavior [ RunTime:0.000202s ]
INFO: [ app_begin ] --END-- [ RunTime:0.000277s ]
NOTIC: [8] Undefined index: oms_hostBn /opt/htdocs/api_tp/Application/Home/Controller/PageIndexController.class.php 第 69 行.
INFO: [ app_end ] --START--
INFO: Run Behavior\ShowPageTraceBehavior [ RunTime:0.000348s ]
INFO: [ app_end ] --END-- [ RunTime:0.000457s ]

[ 2017-03-17T15:11:43+08:00 ] 172.17.0.1 /api_tp/index.php/Home/PageIndex/Index_OMS?method=goodsRestApi.goods.goodsInfo
INFO: [ app_init ] --START--
INFO: Run Behavior\BuildLiteBehavior [ RunTime:0.000015s ]
INFO: [ app_init ] --END-- [ RunTime:0.000079s ]
INFO: [ app_begin ] --START--
INFO: Run Behavior\ReadHtmlCacheBehavior [ RunTime:0.000251s ]
INFO: [ app_begin ] --END-- [ RunTime:0.000326s ]
NOTIC: [8] Undefined index: oms_hostBn /opt/htdocs/api_tp/Application/Home/Controller/PageIndexController.class.php 第 69 行.
INFO: [ app_end ] --START--
INFO: Run Behavior\ShowPageTraceBehavior [ RunTime:0.000445s ]
INFO: [ app_end ] --END-- [ RunTime:0.000591s ]

[ 2017-03-17T15:12:26+08:00 ] 172.17.0.1 /api_tp/index.php/Home/PageIndex/Index_OMS?method=goodsRestApi.goods.goodsInfo
INFO: [ app_init ] --START--
INFO: Run Behavior\BuildLiteBehavior [ RunTime:0.000015s ]
INFO: [ app_init ] --END-- [ RunTime:0.000081s ]
INFO: [ app_begin ] --START--
INFO: Run Behavior\ReadHtmlCacheBehavior [ RunTime:0.000264s ]
INFO: [ app_begin ] --END-- [ RunTime:0.000342s ]
NOTIC: [8] Undefined index: oms_hostBn /opt/htdocs/api_tp/Application/Home/Controller/PageIndexController.class.php 第 69 行.
INFO: [ app_end ] --START--
INFO: Run Behavior\ShowPageTraceBehavior [ RunTime:0.000366s ]
INFO: [ app_end ] --END-- [ RunTime:0.000480s ]

[ 2017-03-17T15:12:51+08:00 ] 172.17.0.1 /api_tp/index.php/Home/PageIndex/Index_OMS?method=goodsRestApi.goods.goodsInfo
INFO: [ app_init ] --START--
INFO: Run Behavior\BuildLiteBehavior [ RunTime:0.000015s ]
INFO: [ app_init ] --END-- [ RunTime:0.000079s ]
INFO: [ app_begin ] --START--
INFO: Run Behavior\ReadHtmlCacheBehavior [ RunTime:0.000201s ]
INFO: [ app_begin ] --END-- [ RunTime:0.000276s ]
NOTIC: [8] Undefined index: oms_hostBn /opt/htdocs/api_tp/Application/Home/Controller/PageIndexController.class.php 第 69 行.
INFO: [ app_end ] --START--
INFO: Run Behavior\ShowPageTraceBehavior [ RunTime:0.000315s ]
INFO: [ app_end ] --END-- [ RunTime:0.000415s ]

[ 2017-03-17T15:12:57+08:00 ] 172.17.0.1 /api_tp/index.php/Home/PageIndex/Index_OMS?method=goodsRestApi.goods.goodsInfo
INFO: [ app_init ] --START--
INFO: Run Behavior\BuildLiteBehavior [ RunTime:0.000023s ]
INFO: [ app_init ] --END-- [ RunTime:0.000137s ]
INFO: [ app_begin ] --START--
INFO: Run Behavior\ReadHtmlCacheBehavior [ RunTime:0.000341s ]
INFO: [ app_begin ] --END-- [ RunTime:0.000439s ]
NOTIC: [8] Undefined index: oms_hostBn /opt/htdocs/api_tp/Application/Home/Controller/PageIndexController.class.php 第 69 行.
INFO: [ app_end ] --START--
INFO: Run Behavior\ShowPageTraceBehavior [ RunTime:0.000321s ]
INFO: [ app_end ] --END-- [ RunTime:0.000412s ]

[ 2017-03-17T15:29:31+08:00 ] 172.17.0.1 /api_tp/index.php/Home/PageIndex/Index_OMS?method=programRestApi.program.getProgramInfoForAWeek&oms_hostBn=tv
INFO: [ app_init ] --START--
INFO: Run Behavior\BuildLiteBehavior [ RunTime:0.000015s ]
INFO: [ app_init ] --END-- [ RunTime:0.000080s ]
INFO: [ app_begin ] --START--
INFO: Run Behavior\ReadHtmlCacheBehavior [ RunTime:0.000294s ]
INFO: [ app_begin ] --END-- [ RunTime:0.000394s ]

[ 2017-03-17T15:29:59+08:00 ] 172.17.0.1 /api_tp/index.php/Home/PageIndex/Index_OMS?method=programRestApi.program.getProgramInfoForAWeek&oms_hostBn=tv
INFO: [ app_init ] --START--
INFO: Run Behavior\BuildLiteBehavior [ RunTime:0.000015s ]
INFO: [ app_init ] --END-- [ RunTime:0.000079s ]
INFO: [ app_begin ] --START--
INFO: Run Behavior\ReadHtmlCacheBehavior [ RunTime:0.000204s ]
INFO: [ app_begin ] --END-- [ RunTime:0.000272s ]

[ 2017-03-17T15:30:08+08:00 ] 172.17.0.1 /api_tp/index.php/Home/PageIndex/Index_OMS?method=programRestApi.program.getProgramInfoForAWeek&oms_hostBn=tv
INFO: [ app_init ] --START--
INFO: Run Behavior\BuildLiteBehavior [ RunTime:0.000064s ]
INFO: [ app_init ] --END-- [ RunTime:0.000128s ]
INFO: [ app_begin ] --START--
INFO: Run Behavior\ReadHtmlCacheBehavior [ RunTime:0.000202s ]
INFO: [ app_begin ] --END-- [ RunTime:0.000268s ]

[ 2017-03-17T15:30:48+08:00 ] 172.17.0.1 /api_tp/index.php/Home/PageIndex/Index_OMS?method=programRestApi.program.getProgramInfoForAWeek&oms_hostBn=tv
INFO: [ app_init ] --START--
INFO: Run Behavior\BuildLiteBehavior [ RunTime:0.000014s ]
INFO: [ app_init ] --END-- [ RunTime:0.000081s ]
INFO: [ app_begin ] --START--
INFO: Run Behavior\ReadHtmlCacheBehavior [ RunTime:0.000235s ]
INFO: [ app_begin ] --END-- [ RunTime:0.000313s ]

[ 2017-03-17T15:31:07+08:00 ] 172.17.0.1 /api_tp/index.php/Home/PageIndex/Index_OMS?method=programRestApi.program.getProgramInfoForAWeek&oms_hostBn=tv
INFO: [ app_init ] --START--
INFO: Run Behavior\BuildLiteBehavior [ RunTime:0.000017s ]
INFO: [ app_init ] --END-- [ RunTime:0.000094s ]
INFO: [ app_begin ] --START--
INFO: Run Behavior\ReadHtmlCacheBehavior [ RunTime:0.000237s ]
INFO: [ app_begin ] --END-- [ RunTime:0.000315s ]

[ 2017-03-17T15:31:46+08:00 ] 172.17.0.1 /api_tp/index.php/Home/PageIndex/Index_OMS?method=goodsRestApi.goods.giftList
INFO: [ app_init ] --START--
INFO: Run Behavior\BuildLiteBehavior [ RunTime:0.000032s ]
INFO: [ app_init ] --END-- [ RunTime:0.000131s ]
INFO: [ app_begin ] --START--
INFO: Run Behavior\ReadHtmlCacheBehavior [ RunTime:0.000409s ]
INFO: [ app_begin ] --END-- [ RunTime:0.000554s ]

[ 2017-03-17T15:32:13+08:00 ] 172.17.0.1 /api_tp/index.php/Home/PageIndex/Index_OMS?method=goodsRestApi.goods.stockList
INFO: [ app_init ] --START--
INFO: Run Behavior\BuildLiteBehavior [ RunTime:0.000015s ]
INFO: [ app_init ] --END-- [ RunTime:0.000079s ]
INFO: [ app_begin ] --START--
INFO: Run Behavior\ReadHtmlCacheBehavior [ RunTime:0.000202s ]
INFO: [ app_begin ] --END-- [ RunTime:0.000270s ]

[ 2017-03-17T15:32:16+08:00 ] 172.17.0.1 /api_tp/index.php/Home/PageIndex/Index_OMS?method=goodsRestApi.goods.stockList
INFO: [ app_init ] --START--
INFO: Run Behavior\BuildLiteBehavior [ RunTime:0.000014s ]
INFO: [ app_init ] --END-- [ RunTime:0.000080s ]
INFO: [ app_begin ] --START--
INFO: Run Behavior\ReadHtmlCacheBehavior [ RunTime:0.000376s ]
INFO: [ app_begin ] --END-- [ RunTime:0.000491s ]

[ 2017-03-17T15:32:50+08:00 ] 172.17.0.1 /api_tp/index.php/Home/PageIndex/Index_OMS?method=goodsRestApi.goods.stockList
INFO: [ app_init ] --START--
INFO: Run Behavior\BuildLiteBehavior [ RunTime:0.000016s ]
INFO: [ app_init ] --END-- [ RunTime:0.000082s ]
INFO: [ app_begin ] --START--
INFO: Run Behavior\ReadHtmlCacheBehavior [ RunTime:0.000211s ]
INFO: [ app_begin ] --END-- [ RunTime:0.000276s ]
NOTIC: [8] Undefined variable: oms_host_customer /opt/htdocs/api_tp/Application/Home/Controller/PageIndexController.class.php 第 23 行.

[ 2017-03-17T15:33:03+08:00 ] 172.17.0.1 /api_tp/index.php/Home/PageIndex/Index_OMS?method=goodsRestApi.goods.stockList
INFO: [ app_init ] --START--
INFO: Run Behavior\BuildLiteBehavior [ RunTime:0.000014s ]
INFO: [ app_init ] --END-- [ RunTime:0.000074s ]
INFO: [ app_begin ] --START--
INFO: Run Behavior\ReadHtmlCacheBehavior [ RunTime:0.000188s ]
INFO: [ app_begin ] --END-- [ RunTime:0.000250s ]
NOTIC: [8] Undefined index: oms_hostBn /opt/htdocs/api_tp/Application/Home/Controller/PageIndexController.class.php 第 71 行.
INFO: [ app_end ] --START--
INFO: Run Behavior\ShowPageTraceBehavior [ RunTime:0.000314s ]
INFO: [ app_end ] --END-- [ RunTime:0.000413s ]

[ 2017-03-17T15:33:07+08:00 ] 172.17.0.1 /api_tp/index.php/Home/PageIndex/Index_OMS?method=programRestApi.program.getProgramInfoForAWeek&oms_hostBn=tv
INFO: [ app_init ] --START--
INFO: Run Behavior\BuildLiteBehavior [ RunTime:0.000015s ]
INFO: [ app_init ] --END-- [ RunTime:0.000082s ]
INFO: [ app_begin ] --START--
INFO: Run Behavior\ReadHtmlCacheBehavior [ RunTime:0.000226s ]
INFO: [ app_begin ] --END-- [ RunTime:0.000301s ]
INFO: [ app_end ] --START--
INFO: Run Behavior\ShowPageTraceBehavior [ RunTime:0.000353s ]
INFO: [ app_end ] --END-- [ RunTime:0.000462s ]

[ 2017-03-17T15:33:35+08:00 ] 172.17.0.1 /api_tp/index.php/Home/PageIndex/Index_B2C?method=b2c.advertising2.indextv&direct=true
INFO: [ app_init ] --START--
INFO: Run Behavior\BuildLiteBehavior [ RunTime:0.000016s ]
INFO: [ app_init ] --END-- [ RunTime:0.000087s ]
INFO: [ app_begin ] --START--
INFO: Run Behavior\ReadHtmlCacheBehavior [ RunTime:0.000208s ]
INFO: [ app_begin ] --END-- [ RunTime:0.000276s ]
INFO: [ app_end ] --START--
INFO: Run Behavior\ShowPageTraceBehavior [ RunTime:0.000333s ]
INFO: [ app_end ] --END-- [ RunTime:0.000434s ]

[ 2017-03-17T15:35:02+08:00 ] 172.17.0.1 /api_tp/index.php/Home/PageIndex/Index_OMS?method=programRestApi.program.getProgramInfoForAWeek&oms_hostBn=tv
INFO: [ app_init ] --START--
INFO: Run Behavior\BuildLiteBehavior [ RunTime:0.000014s ]
INFO: [ app_init ] --END-- [ RunTime:0.000075s ]
INFO: [ app_begin ] --START--
INFO: Run Behavior\ReadHtmlCacheBehavior [ RunTime:0.000314s ]
INFO: [ app_begin ] --END-- [ RunTime:0.000406s ]
INFO: [ app_end ] --START--
INFO: Run Behavior\ShowPageTraceBehavior [ RunTime:0.000343s ]
INFO: [ app_end ] --END-- [ RunTime:0.000453s ]

[ 2017-03-17T15:49:38+08:00 ] 11.1.3.185 /api_tp/index.php/Home/PageIndex/Index_B2C?method=b2c.tag2.tag_group_list&direct=true
INFO: [ app_init ] --START--
INFO: Run Behavior\BuildLiteBehavior [ RunTime:0.000015s ]
INFO: [ app_init ] --END-- [ RunTime:0.000084s ]
INFO: [ app_begin ] --START--
INFO: Run Behavior\ReadHtmlCacheBehavior [ RunTime:0.000221s ]
INFO: [ app_begin ] --END-- [ RunTime:0.000288s ]
INFO: [ app_end ] --START--
INFO: Run Behavior\ShowPageTraceBehavior [ RunTime:0.000484s ]
INFO: [ app_end ] --END-- [ RunTime:0.000585s ]

[ 2017-03-17T15:49:45+08:00 ] 11.1.3.185 /api_tp/index.php/Home/PageIndex/Index_B2C?method=b2c.tag2.tag_group_list&direct=true
INFO: [ app_init ] --START--
INFO: Run Behavior\BuildLiteBehavior [ RunTime:0.000014s ]
INFO: [ app_init ] --END-- [ RunTime:0.000078s ]
INFO: [ app_begin ] --START--
INFO: Run Behavior\ReadHtmlCacheBehavior [ RunTime:0.000217s ]
INFO: [ app_begin ] --END-- [ RunTime:0.000283s ]
INFO: [ app_end ] --START--
INFO: Run Behavior\ShowPageTraceBehavior [ RunTime:0.000338s ]
INFO: [ app_end ] --END-- [ RunTime:0.000444s ]

[ 2017-03-17T15:56:33+08:00 ] 172.17.0.1 /api_tp/index.php/Home/PageIndex/Index_OMS?method=programRestApi.program.getProgramInfoForAWeek&oms_hostBn=tv
INFO: [ app_init ] --START--
INFO: Run Behavior\BuildLiteBehavior [ RunTime:0.000023s ]
INFO: [ app_init ] --END-- [ RunTime:0.000101s ]
INFO: [ app_begin ] --START--
INFO: Run Behavior\ReadHtmlCacheBehavior [ RunTime:0.000235s ]
INFO: [ app_begin ] --END-- [ RunTime:0.000315s ]
INFO: [ app_end ] --START--
INFO: Run Behavior\ShowPageTraceBehavior [ RunTime:0.000315s ]
INFO: [ app_end ] --END-- [ RunTime:0.000416s ]

[ 2017-03-17T15:57:01+08:00 ] 100.3.6.64 /api_tp/index.php/Home/PageIndex/Index_B2C?method=b2c.tag2.tag_group_list&direct=true
INFO: [ app_init ] --START--
INFO: Run Behavior\BuildLiteBehavior [ RunTime:0.000017s ]
INFO: [ app_init ] --END-- [ RunTime:0.000091s ]
INFO: [ app_begin ] --START--
INFO: Run Behavior\ReadHtmlCacheBehavior [ RunTime:0.000266s ]
INFO: [ app_begin ] --END-- [ RunTime:0.000345s ]
INFO: [ app_end ] --START--
INFO: Run Behavior\ShowPageTraceBehavior [ RunTime:0.000343s ]
INFO: [ app_end ] --END-- [ RunTime:0.000460s ]

[ 2017-03-17T16:03:27+08:00 ] 11.1.3.185 /api_tp/index.php/Home/PageIndex/Index_B2C?method=b2c.tag2.tag_group_list&direct=true
INFO: [ app_init ] --START--
INFO: Run Behavior\BuildLiteBehavior [ RunTime:0.000015s ]
INFO: [ app_init ] --END-- [ RunTime:0.000080s ]
INFO: [ app_begin ] --START--
INFO: Run Behavior\ReadHtmlCacheBehavior [ RunTime:0.000221s ]
INFO: [ app_begin ] --END-- [ RunTime:0.000292s ]
INFO: [ app_end ] --START--
INFO: Run Behavior\ShowPageTraceBehavior [ RunTime:0.000389s ]
INFO: [ app_end ] --END-- [ RunTime:0.000526s ]

[ 2017-03-17T16:14:30+08:00 ] 100.2.6.223 /api_tp/index.php/Home/PageIndex/Index_B2C?method=b2c.tag2.tag_group_list&direct=true
INFO: [ app_init ] --START--
INFO: Run Behavior\BuildLiteBehavior [ RunTime:0.000014s ]
INFO: [ app_init ] --END-- [ RunTime:0.000081s ]
INFO: [ app_begin ] --START--
INFO: Run Behavior\ReadHtmlCacheBehavior [ RunTime:0.000237s ]
INFO: [ app_begin ] --END-- [ RunTime:0.000309s ]
INFO: [ app_end ] --START--
INFO: Run Behavior\ShowPageTraceBehavior [ RunTime:0.000345s ]
INFO: [ app_end ] --END-- [ RunTime:0.000452s ]

[ 2017-03-17T16:15:45+08:00 ] 100.2.6.162 /api_tp/index.php/Home/PageIndex/Index_B2C?method=b2c.tag2.tag_group_list&direct=true
INFO: [ app_init ] --START--
INFO: Run Behavior\BuildLiteBehavior [ RunTime:0.000016s ]
INFO: [ app_init ] --END-- [ RunTime:0.000111s ]
INFO: [ app_begin ] --START--
INFO: Run Behavior\ReadHtmlCacheBehavior [ RunTime:0.000240s ]
INFO: [ app_begin ] --END-- [ RunTime:0.000310s ]
INFO: [ app_end ] --START--
INFO: Run Behavior\ShowPageTraceBehavior [ RunTime:0.000406s ]
INFO: [ app_end ] --END-- [ RunTime:0.000522s ]

[ 2017-03-17T16:17:21+08:00 ] 100.2.6.162 /api_tp/index.php/Home/PageIndex/Index_B2C?method=b2c.tag2.tag_group_list&direct=true
INFO: [ app_init ] --START--
INFO: Run Behavior\BuildLiteBehavior [ RunTime:0.000025s ]
INFO: [ app_init ] --END-- [ RunTime:0.000162s ]
INFO: [ app_begin ] --START--
INFO: Run Behavior\ReadHtmlCacheBehavior [ RunTime:0.000291s ]
INFO: [ app_begin ] --END-- [ RunTime:0.000379s ]
INFO: [ app_end ] --START--
INFO: Run Behavior\ShowPageTraceBehavior [ RunTime:0.000546s ]
INFO: [ app_end ] --END-- [ RunTime:0.000708s ]

[ 2017-03-17T16:17:25+08:00 ] 100.2.6.162 /api_tp/index.php/Home/PageIndex/Index_B2C?method=b2c.tag2.tag_group_list&direct=true
INFO: [ app_init ] --START--
INFO: Run Behavior\BuildLiteBehavior [ RunTime:0.000015s ]
INFO: [ app_init ] --END-- [ RunTime:0.000079s ]
INFO: [ app_begin ] --START--
INFO: Run Behavior\ReadHtmlCacheBehavior [ RunTime:0.000224s ]
INFO: [ app_begin ] --END-- [ RunTime:0.000291s ]
INFO: [ app_end ] --START--
INFO: Run Behavior\ShowPageTraceBehavior [ RunTime:0.000364s ]
INFO: [ app_end ] --END-- [ RunTime:0.000473s ]

[ 2017-03-17T16:17:38+08:00 ] 100.2.6.162 /api_tp/index.php/Home/PageIndex/Index_B2C?method=b2c.tag2.tag_group_list&direct=true
INFO: [ app_init ] --START--
INFO: Run Behavior\BuildLiteBehavior [ RunTime:0.000015s ]
INFO: [ app_init ] --END-- [ RunTime:0.000086s ]
INFO: [ app_begin ] --START--
INFO: Run Behavior\ReadHtmlCacheBehavior [ RunTime:0.000261s ]
INFO: [ app_begin ] --END-- [ RunTime:0.000335s ]
INFO: [ app_end ] --START--
INFO: Run Behavior\ShowPageTraceBehavior [ RunTime:0.000353s ]
INFO: [ app_end ] --END-- [ RunTime:0.000484s ]

[ 2017-03-17T16:17:42+08:00 ] 100.2.6.162 /api_tp/index.php/Home/PageIndex/Index_B2C?method=b2c.tag2.tag_group_list&direct=true
INFO: [ app_init ] --START--
INFO: Run Behavior\BuildLiteBehavior [ RunTime:0.000013s ]
INFO: [ app_init ] --END-- [ RunTime:0.000077s ]
INFO: [ app_begin ] --START--
INFO: Run Behavior\ReadHtmlCacheBehavior [ RunTime:0.000234s ]
INFO: [ app_begin ] --END-- [ RunTime:0.000305s ]
INFO: [ app_end ] --START--
INFO: Run Behavior\ShowPageTraceBehavior [ RunTime:0.000441s ]
INFO: [ app_end ] --END-- [ RunTime:0.000582s ]

[ 2017-03-17T16:18:03+08:00 ] 100.2.7.227 /api_tp/index.php/Home/PageIndex/Index_B2C?method=b2c.tag2.tag_group_list&direct=true
INFO: [ app_init ] --START--
INFO: Run Behavior\BuildLiteBehavior [ RunTime:0.000015s ]
INFO: [ app_init ] --END-- [ RunTime:0.000084s ]
INFO: [ app_begin ] --START--
INFO: Run Behavior\ReadHtmlCacheBehavior [ RunTime:0.000243s ]
INFO: [ app_begin ] --END-- [ RunTime:0.000331s ]
INFO: [ app_end ] --START--
INFO: Run Behavior\ShowPageTraceBehavior [ RunTime:0.000384s ]
INFO: [ app_end ] --END-- [ RunTime:0.000521s ]

[ 2017-03-17T16:18:17+08:00 ] 11.1.3.185 /api_tp/index.php/Home/PageIndex/Index_B2C?method=b2c.tag2.tag_group_list&direct=true
INFO: [ app_init ] --START--
INFO: Run Behavior\BuildLiteBehavior [ RunTime:0.000015s ]
INFO: [ app_init ] --END-- [ RunTime:0.000091s ]
INFO: [ app_begin ] --START--
INFO: Run Behavior\ReadHtmlCacheBehavior [ RunTime:0.000196s ]
INFO: [ app_begin ] --END-- [ RunTime:0.000260s ]
INFO: [ app_end ] --START--
INFO: Run Behavior\ShowPageTraceBehavior [ RunTime:0.000334s ]
INFO: [ app_end ] --END-- [ RunTime:0.000453s ]

[ 2017-03-17T16:18:18+08:00 ] 100.2.7.227 /api_tp/index.php/Home/PageIndex/Index_B2C?method=b2c.tag2.tag_group_list&direct=true
INFO: [ app_init ] --START--
INFO: Run Behavior\BuildLiteBehavior [ RunTime:0.000017s ]
INFO: [ app_init ] --END-- [ RunTime:0.000140s ]
INFO: [ app_begin ] --START--
INFO: Run Behavior\ReadHtmlCacheBehavior [ RunTime:0.000325s ]
INFO: [ app_begin ] --END-- [ RunTime:0.000428s ]
INFO: [ app_end ] --START--
INFO: Run Behavior\ShowPageTraceBehavior [ RunTime:0.000382s ]
INFO: [ app_end ] --END-- [ RunTime:0.000516s ]

[ 2017-03-17T16:18:20+08:00 ] 11.1.3.185 /api_tp/index.php/Home/PageIndex/Index_B2C?method=b2c.tag2.tag_group_list&direct=true
INFO: [ app_init ] --START--
INFO: Run Behavior\BuildLiteBehavior [ RunTime:0.000018s ]
INFO: [ app_init ] --END-- [ RunTime:0.000113s ]
INFO: [ app_begin ] --START--
INFO: Run Behavior\ReadHtmlCacheBehavior [ RunTime:0.000348s ]
INFO: [ app_begin ] --END-- [ RunTime:0.000455s ]
INFO: [ app_end ] --START--
INFO: Run Behavior\ShowPageTraceBehavior [ RunTime:0.000344s ]
INFO: [ app_end ] --END-- [ RunTime:0.000456s ]

[ 2017-03-17T16:18:25+08:00 ] 100.2.7.227 /api_tp/index.php/Home/PageIndex/Index_B2C?method=b2c.tag2.tag_group_list&direct=true
INFO: [ app_init ] --START--
INFO: Run Behavior\BuildLiteBehavior [ RunTime:0.000014s ]
INFO: [ app_init ] --END-- [ RunTime:0.000102s ]
INFO: [ app_begin ] --START--
INFO: Run Behavior\ReadHtmlCacheBehavior [ RunTime:0.000209s ]
INFO: [ app_begin ] --END-- [ RunTime:0.000274s ]
INFO: [ app_end ] --START--
INFO: Run Behavior\ShowPageTraceBehavior [ RunTime:0.000316s ]
INFO: [ app_end ] --END-- [ RunTime:0.000419s ]

[ 2017-03-17T16:18:32+08:00 ] 11.1.3.185 /api_tp/index.php/Home/PageIndex/Index_B2C?method=b2c.tag2.tag_group_list&direct=true
INFO: [ app_init ] --START--
INFO: Run Behavior\BuildLiteBehavior [ RunTime:0.000015s ]
INFO: [ app_init ] --END-- [ RunTime:0.000081s ]
INFO: [ app_begin ] --START--
INFO: Run Behavior\ReadHtmlCacheBehavior [ RunTime:0.000269s ]
INFO: [ app_begin ] --END-- [ RunTime:0.000342s ]
INFO: [ app_end ] --START--
INFO: Run Behavior\ShowPageTraceBehavior [ RunTime:0.000348s ]
INFO: [ app_end ] --END-- [ RunTime:0.000471s ]

[ 2017-03-17T16:22:34+08:00 ] 172.17.0.1 /api_tp/index.php/Home/PageIndex/Index_OMS?method=goodsRestApi.goods.goodsInfo
INFO: [ app_init ] --START--
INFO: Run Behavior\BuildLiteBehavior [ RunTime:0.000014s ]
INFO: [ app_init ] --END-- [ RunTime:0.000077s ]
INFO: [ app_begin ] --START--
INFO: Run Behavior\ReadHtmlCacheBehavior [ RunTime:0.000233s ]
INFO: [ app_begin ] --END-- [ RunTime:0.000319s ]
NOTIC: [8] Undefined index: oms_hostBn /opt/htdocs/api_tp/Application/Home/Controller/PageIndexController.class.php 第 75 行.
INFO: [ app_end ] --START--
INFO: Run Behavior\ShowPageTraceBehavior [ RunTime:0.000333s ]
INFO: [ app_end ] --END-- [ RunTime:0.000441s ]

[ 2017-03-17T16:22:38+08:00 ] 100.2.7.43 /api_tp/index.php/Home/PageIndex/Index_B2C?method=b2c.tag2.tag_group_list&direct=true
INFO: [ app_init ] --START--
INFO: Run Behavior\BuildLiteBehavior [ RunTime:0.000020s ]
INFO: [ app_init ] --END-- [ RunTime:0.000108s ]
INFO: [ app_begin ] --START--
INFO: Run Behavior\ReadHtmlCacheBehavior [ RunTime:0.000321s ]
INFO: [ app_begin ] --END-- [ RunTime:0.000419s ]
INFO: [ app_end ] --START--
INFO: Run Behavior\ShowPageTraceBehavior [ RunTime:0.000378s ]
INFO: [ app_end ] --END-- [ RunTime:0.000491s ]

[ 2017-03-17T16:22:38+08:00 ] 172.17.0.1 /api_tp/index.php/Home/PageIndex/Index_OMS?method=goodsRestApi.goods.stockList
INFO: [ app_init ] --START--
INFO: Run Behavior\BuildLiteBehavior [ RunTime:0.000013s ]
INFO: [ app_init ] --END-- [ RunTime:0.000075s ]
INFO: [ app_begin ] --START--
INFO: Run Behavior\ReadHtmlCacheBehavior [ RunTime:0.000217s ]
INFO: [ app_begin ] --END-- [ RunTime:0.000280s ]
NOTIC: [8] Undefined index: oms_hostBn /opt/htdocs/api_tp/Application/Home/Controller/PageIndexController.class.php 第 75 行.
INFO: [ app_end ] --START--
INFO: Run Behavior\ShowPageTraceBehavior [ RunTime:0.000356s ]
INFO: [ app_end ] --END-- [ RunTime:0.000462s ]

[ 2017-03-17T16:29:17+08:00 ] 172.17.0.1 /api_tp/index.php/Home/PageIndex/Index_OMS?method=goodsRestApi.goods.goodsInfo
INFO: [ app_init ] --START--
INFO: Run Behavior\BuildLiteBehavior [ RunTime:0.000017s ]
INFO: [ app_init ] --END-- [ RunTime:0.000095s ]
INFO: [ app_begin ] --START--
INFO: Run Behavior\ReadHtmlCacheBehavior [ RunTime:0.000273s ]
INFO: [ app_begin ] --END-- [ RunTime:0.000352s ]
NOTIC: [8] Undefined index: oms_hostBn /opt/htdocs/api_tp/Application/Home/Controller/PageIndexController.class.php 第 81 行.
INFO: [ app_end ] --START--
INFO: Run Behavior\ShowPageTraceBehavior [ RunTime:0.000378s ]
INFO: [ app_end ] --END-- [ RunTime:0.000482s ]

[ 2017-03-17T16:29:21+08:00 ] 172.17.0.1 /api_tp/index.php/Home/PageIndex/Index_OMS?method=goodsRestApi.goods.goodsInfo
INFO: [ app_init ] --START--
INFO: Run Behavior\BuildLiteBehavior [ RunTime:0.000014s ]
INFO: [ app_init ] --END-- [ RunTime:0.000107s ]
INFO: [ app_begin ] --START--
INFO: Run Behavior\ReadHtmlCacheBehavior [ RunTime:0.000270s ]
INFO: [ app_begin ] --END-- [ RunTime:0.000340s ]
NOTIC: [8] Undefined index: oms_hostBn /opt/htdocs/api_tp/Application/Home/Controller/PageIndexController.class.php 第 81 行.
INFO: [ app_end ] --START--
INFO: Run Behavior\ShowPageTraceBehavior [ RunTime:0.000381s ]
INFO: [ app_end ] --END-- [ RunTime:0.000507s ]

[ 2017-03-17T16:29:46+08:00 ] 172.17.0.1 /api_tp/index.php/Home/PageIndex/Index_OMS?method=goodsRestApi.goods.goodsInfo
INFO: [ app_init ] --START--
INFO: Run Behavior\BuildLiteBehavior [ RunTime:0.000014s ]
INFO: [ app_init ] --END-- [ RunTime:0.000080s ]
INFO: [ app_begin ] --START--
INFO: Run Behavior\ReadHtmlCacheBehavior [ RunTime:0.000236s ]
INFO: [ app_begin ] --END-- [ RunTime:0.000306s ]
NOTIC: [8] Undefined index: oms_hostBn /opt/htdocs/api_tp/Application/Home/Controller/PageIndexController.class.php 第 81 行.
INFO: [ app_end ] --START--
INFO: Run Behavior\ShowPageTraceBehavior [ RunTime:0.000350s ]
INFO: [ app_end ] --END-- [ RunTime:0.000455s ]

[ 2017-03-17T16:34:35+08:00 ] 100.2.7.43 /api_tp/index.php/Home/PageIndex/Index_B2C?method=b2c.tag2.tag_group_list&direct=true
INFO: [ app_init ] --START--
INFO: Run Behavior\BuildLiteBehavior [ RunTime:0.000015s ]
INFO: [ app_init ] --END-- [ RunTime:0.000085s ]
INFO: [ app_begin ] --START--
INFO: Run Behavior\ReadHtmlCacheBehavior [ RunTime:0.000236s ]
INFO: [ app_begin ] --END-- [ RunTime:0.000305s ]
INFO: [ app_end ] --START--
INFO: Run Behavior\ShowPageTraceBehavior [ RunTime:0.000369s ]
INFO: [ app_end ] --END-- [ RunTime:0.000486s ]

[ 2017-03-17T16:37:41+08:00 ] 172.17.0.1 /api_tp/index.php/Home/PageIndex/Index?into=OMS&method=goodsRestApi.goods.goodsInfo
INFO: [ app_init ] --START--
INFO: Run Behavior\BuildLiteBehavior [ RunTime:0.000017s ]
INFO: [ app_init ] --END-- [ RunTime:0.000093s ]
INFO: [ app_begin ] --START--
INFO: Run Behavior\ReadHtmlCacheBehavior [ RunTime:0.000344s ]
INFO: [ app_begin ] --END-- [ RunTime:0.000445s ]
NOTIC: [8] Undefined index: oms_hostBn /opt/htdocs/api_tp/Application/Home/Controller/PageIndexController.class.php 第 88 行.
INFO: [ app_end ] --START--
INFO: Run Behavior\ShowPageTraceBehavior [ RunTime:0.000372s ]
INFO: [ app_end ] --END-- [ RunTime:0.000488s ]

[ 2017-03-17T16:37:59+08:00 ] 172.17.0.1 /api_tp/index.php/Home/PageIndex/Index?into=OMS&method=programRestApi.program.getProgramInfoForAWeek&oms_hostBn=tv
INFO: [ app_init ] --START--
INFO: Run Behavior\BuildLiteBehavior [ RunTime:0.000017s ]
INFO: [ app_init ] --END-- [ RunTime:0.000100s ]
INFO: [ app_begin ] --START--
INFO: Run Behavior\ReadHtmlCacheBehavior [ RunTime:0.000288s ]
INFO: [ app_begin ] --END-- [ RunTime:0.000381s ]
INFO: [ app_end ] --START--
INFO: Run Behavior\ShowPageTraceBehavior [ RunTime:0.000448s ]
INFO: [ app_end ] --END-- [ RunTime:0.000609s ]

[ 2017-03-17T16:38:07+08:00 ] 172.17.0.1 /api_tp/index.php/Home/PageIndex/Index?into=B2C&method=b2c.advertising2.homefocus&direct=true
INFO: [ app_init ] --START--
INFO: Run Behavior\BuildLiteBehavior [ RunTime:0.000022s ]
INFO: [ app_init ] --END-- [ RunTime:0.000124s ]
INFO: [ app_begin ] --START--
INFO: Run Behavior\ReadHtmlCacheBehavior [ RunTime:0.000374s ]
INFO: [ app_begin ] --END-- [ RunTime:0.000492s ]
INFO: [ app_end ] --START--
INFO: Run Behavior\ShowPageTraceBehavior [ RunTime:0.000347s ]
INFO: [ app_end ] --END-- [ RunTime:0.000458s ]

[ 2017-03-17T16:38:15+08:00 ] 172.17.0.1 /api_tp/index.php/Home/PageIndex/Index?into=B2C&method=b2c.advertising2.indextv&direct=true
INFO: [ app_init ] --START--
INFO: Run Behavior\BuildLiteBehavior [ RunTime:0.000016s ]
INFO: [ app_init ] --END-- [ RunTime:0.000084s ]
INFO: [ app_begin ] --START--
INFO: Run Behavior\ReadHtmlCacheBehavior [ RunTime:0.000244s ]
INFO: [ app_begin ] --END-- [ RunTime:0.000312s ]
INFO: [ app_end ] --START--
INFO: Run Behavior\ShowPageTraceBehavior [ RunTime:0.000366s ]
INFO: [ app_end ] --END-- [ RunTime:0.000477s ]

[ 2017-03-17T16:44:50+08:00 ] 172.17.0.1 /api_tp/index.php/Home/PageIndex/Index?method=gettv_index&oms_hostBn=tv
INFO: [ app_init ] --START--
INFO: Run Behavior\BuildLiteBehavior [ RunTime:0.000015s ]
INFO: [ app_init ] --END-- [ RunTime:0.000078s ]
INFO: [ app_begin ] --START--
INFO: Run Behavior\ReadHtmlCacheBehavior [ RunTime:0.000226s ]
INFO: [ app_begin ] --END-- [ RunTime:0.000291s ]
NOTIC: [8] Undefined index: into /opt/htdocs/api_tp/Application/Home/Controller/PageIndexController.class.php 第 41 行.
INFO: [ app_end ] --START--
INFO: Run Behavior\ShowPageTraceBehavior [ RunTime:0.000470s ]
INFO: [ app_end ] --END-- [ RunTime:0.000592s ]

[ 2017-03-17T16:46:00+08:00 ] 172.17.0.1 /api_tp/index.php/Home/PageIndex/Index?method=gettv_index&oms_hostBn=tv
INFO: [ app_init ] --START--
INFO: Run Behavior\BuildLiteBehavior [ RunTime:0.000015s ]
INFO: [ app_init ] --END-- [ RunTime:0.000080s ]
INFO: [ app_begin ] --START--
INFO: Run Behavior\ReadHtmlCacheBehavior [ RunTime:0.000230s ]
INFO: [ app_begin ] --END-- [ RunTime:0.000294s ]
NOTIC: [8] Undefined index: into /opt/htdocs/api_tp/Application/Home/Controller/PageIndexController.class.php 第 41 行.
INFO: [ app_end ] --START--
INFO: Run Behavior\ShowPageTraceBehavior [ RunTime:0.000334s ]
INFO: [ app_end ] --END-- [ RunTime:0.000450s ]

[ 2017-03-17T16:46:09+08:00 ] 172.17.0.1 /api_tp/index.php/Home/PageIndex/Index?into=OMS&method=programRestApi.program.getProgramInfoForAWeek&oms_hostBn=tv
INFO: [ app_init ] --START--
INFO: Run Behavior\BuildLiteBehavior [ RunTime:0.000015s ]
INFO: [ app_init ] --END-- [ RunTime:0.000081s ]
INFO: [ app_begin ] --START--
INFO: Run Behavior\ReadHtmlCacheBehavior [ RunTime:0.000232s ]
INFO: [ app_begin ] --END-- [ RunTime:0.000308s ]
INFO: [ app_end ] --START--
INFO: Run Behavior\ShowPageTraceBehavior [ RunTime:0.000373s ]
INFO: [ app_end ] --END-- [ RunTime:0.000483s ]

[ 2017-03-17T16:46:19+08:00 ] 172.17.0.1 /api_tp/index.php/Home/PageIndex/Index?into=OMS&method=customerRestApi.customer.getCustomerCustId&oms_hostBn=1
INFO: [ app_init ] --START--
INFO: Run Behavior\BuildLiteBehavior [ RunTime:0.000015s ]
INFO: [ app_init ] --END-- [ RunTime:0.000083s ]
INFO: [ app_begin ] --START--
INFO: Run Behavior\ReadHtmlCacheBehavior [ RunTime:0.000231s ]
INFO: [ app_begin ] --END-- [ RunTime:0.000307s ]
INFO: [ app_end ] --START--
INFO: Run Behavior\ShowPageTraceBehavior [ RunTime:0.000369s ]
INFO: [ app_end ] --END-- [ RunTime:0.000489s ]

[ 2017-03-17T16:46:24+08:00 ] 172.17.0.1 /api_tp/index.php/Home/PageIndex/Index?into=OMS&method=customerRestApi.customer.getCustomerCustId&oms_hostBn=1
INFO: [ app_init ] --START--
INFO: Run Behavior\BuildLiteBehavior [ RunTime:0.000013s ]
INFO: [ app_init ] --END-- [ RunTime:0.000074s ]
INFO: [ app_begin ] --START--
INFO: Run Behavior\ReadHtmlCacheBehavior [ RunTime:0.000214s ]
INFO: [ app_begin ] --END-- [ RunTime:0.000282s ]
INFO: [ app_end ] --START--
INFO: Run Behavior\ShowPageTraceBehavior [ RunTime:0.000417s ]
INFO: [ app_end ] --END-- [ RunTime:0.000546s ]

[ 2017-03-17T16:46:28+08:00 ] 172.17.0.1 /api_tp/index.php/Home/PageIndex/Index?into=OMS&method=goodsRestApi.goods.giftList
INFO: [ app_init ] --START--
INFO: Run Behavior\BuildLiteBehavior [ RunTime:0.000018s ]
INFO: [ app_init ] --END-- [ RunTime:0.000095s ]
INFO: [ app_begin ] --START--
INFO: Run Behavior\ReadHtmlCacheBehavior [ RunTime:0.000303s ]
INFO: [ app_begin ] --END-- [ RunTime:0.000388s ]
NOTIC: [8] Undefined index: oms_hostBn /opt/htdocs/api_tp/Application/Home/Controller/PageIndexController.class.php 第 93 行.
INFO: [ app_end ] --START--
INFO: Run Behavior\ShowPageTraceBehavior [ RunTime:0.000366s ]
INFO: [ app_end ] --END-- [ RunTime:0.000477s ]

[ 2017-03-17T16:46:35+08:00 ] 172.17.0.1 /api_tp/index.php/Home/PageIndex/Index?into=OMS&method=customerRestApi.customer.add&oms_hostBn=1
INFO: [ app_init ] --START--
INFO: Run Behavior\BuildLiteBehavior [ RunTime:0.000014s ]
INFO: [ app_init ] --END-- [ RunTime:0.000076s ]
INFO: [ app_begin ] --START--
INFO: Run Behavior\ReadHtmlCacheBehavior [ RunTime:0.000210s ]
INFO: [ app_begin ] --END-- [ RunTime:0.000281s ]
INFO: [ app_end ] --START--
INFO: Run Behavior\ShowPageTraceBehavior [ RunTime:0.000335s ]
INFO: [ app_end ] --END-- [ RunTime:0.000439s ]

[ 2017-03-17T16:47:17+08:00 ] 172.17.0.1 /api_tp/index.php/Home/PageIndex/Index?into=OMS&method=customerRestApi.customer.address.add&oms_hostBn=customer
INFO: [ app_init ] --START--
INFO: Run Behavior\BuildLiteBehavior [ RunTime:0.000014s ]
INFO: [ app_init ] --END-- [ RunTime:0.000079s ]
INFO: [ app_begin ] --START--
INFO: Run Behavior\ReadHtmlCacheBehavior [ RunTime:0.000245s ]
INFO: [ app_begin ] --END-- [ RunTime:0.000328s ]
INFO: [ app_end ] --START--
INFO: Run Behavior\ShowPageTraceBehavior [ RunTime:0.000357s ]
INFO: [ app_end ] --END-- [ RunTime:0.000464s ]

[ 2017-03-17T16:47:23+08:00 ] 172.17.0.1 /api_tp/index.php/Home/PageIndex/Index?into=OMS&method=customerRestApi.customer.add&oms_hostBn=1
INFO: [ app_init ] --START--
INFO: Run Behavior\BuildLiteBehavior [ RunTime:0.000014s ]
INFO: [ app_init ] --END-- [ RunTime:0.000078s ]
INFO: [ app_begin ] --START--
INFO: Run Behavior\ReadHtmlCacheBehavior [ RunTime:0.000233s ]
INFO: [ app_begin ] --END-- [ RunTime:0.000312s ]
INFO: [ app_end ] --START--
INFO: Run Behavior\ShowPageTraceBehavior [ RunTime:0.000364s ]
INFO: [ app_end ] --END-- [ RunTime:0.000483s ]

[ 2017-03-17T16:47:29+08:00 ] 172.17.0.1 /api_tp/index.php/Home/PageIndex/Index?into=OMS&method=goodsRestApi.goods.stockList
INFO: [ app_init ] --START--
INFO: Run Behavior\BuildLiteBehavior [ RunTime:0.000020s ]
INFO: [ app_init ] --END-- [ RunTime:0.000109s ]
INFO: [ app_begin ] --START--
INFO: Run Behavior\ReadHtmlCacheBehavior [ RunTime:0.000328s ]
INFO: [ app_begin ] --END-- [ RunTime:0.000437s ]
NOTIC: [8] Undefined index: oms_hostBn /opt/htdocs/api_tp/Application/Home/Controller/PageIndexController.class.php 第 93 行.
INFO: [ app_end ] --START--
INFO: Run Behavior\ShowPageTraceBehavior [ RunTime:0.000354s ]
INFO: [ app_end ] --END-- [ RunTime:0.000465s ]

[ 2017-03-17T16:48:07+08:00 ] 172.17.0.1 /api_tp/index.php/Home/PageIndex/Index?into=OMS&method=customerRestApi.customer.getCustomerCustId&oms_hostBn=customer
INFO: [ app_init ] --START--
INFO: Run Behavior\BuildLiteBehavior [ RunTime:0.000025s ]
INFO: [ app_init ] --END-- [ RunTime:0.000176s ]
INFO: [ app_begin ] --START--
INFO: Run Behavior\ReadHtmlCacheBehavior [ RunTime:0.000237s ]
INFO: [ app_begin ] --END-- [ RunTime:0.000314s ]
INFO: [ app_end ] --START--
INFO: Run Behavior\ShowPageTraceBehavior [ RunTime:0.000368s ]
INFO: [ app_end ] --END-- [ RunTime:0.000484s ]

[ 2017-03-17T16:48:15+08:00 ] 172.17.0.1 /api_tp/index.php/Home/PageIndex/Index?into=OMS&method=customerRestApi.customer.getCustomerCustId&oms_hostBn=customer
INFO: [ app_init ] --START--
INFO: Run Behavior\BuildLiteBehavior [ RunTime:0.000018s ]
INFO: [ app_init ] --END-- [ RunTime:0.000105s ]
INFO: [ app_begin ] --START--
INFO: Run Behavior\ReadHtmlCacheBehavior [ RunTime:0.000313s ]
INFO: [ app_begin ] --END-- [ RunTime:0.000445s ]
INFO: [ app_end ] --START--
INFO: Run Behavior\ShowPageTraceBehavior [ RunTime:0.000493s ]
INFO: [ app_end ] --END-- [ RunTime:0.000632s ]

[ 2017-03-17T16:48:38+08:00 ] 172.17.0.1 /api_tp/index.php/Home/PageIndex/Index?into=OMS&method=goodsRestApi.goods.giftList
INFO: [ app_init ] --START--
INFO: Run Behavior\BuildLiteBehavior [ RunTime:0.000014s ]
INFO: [ app_init ] --END-- [ RunTime:0.000077s ]
INFO: [ app_begin ] --START--
INFO: Run Behavior\ReadHtmlCacheBehavior [ RunTime:0.000231s ]
INFO: [ app_begin ] --END-- [ RunTime:0.000306s ]
NOTIC: [8] Undefined index: oms_hostBn /opt/htdocs/api_tp/Application/Home/Controller/PageIndexController.class.php 第 93 行.
INFO: [ app_end ] --START--
INFO: Run Behavior\ShowPageTraceBehavior [ RunTime:0.000428s ]
INFO: [ app_end ] --END-- [ RunTime:0.000542s ]

[ 2017-03-17T16:50:21+08:00 ] 172.17.0.1 /api_tp/index.php/Home/PageIndex/Index?into=OMS&method=programRestApi.program.getProgramInfoForAWeek&oms_hostBn=tv
INFO: [ app_init ] --START--
INFO: Run Behavior\BuildLiteBehavior [ RunTime:0.000017s ]
INFO: [ app_init ] --END-- [ RunTime:0.000091s ]
INFO: [ app_begin ] --START--
INFO: Run Behavior\ReadHtmlCacheBehavior [ RunTime:0.000301s ]
INFO: [ app_begin ] --END-- [ RunTime:0.000425s ]
INFO: [ app_end ] --START--
INFO: Run Behavior\ShowPageTraceBehavior [ RunTime:0.000363s ]
INFO: [ app_end ] --END-- [ RunTime:0.000480s ]

[ 2017-03-17T17:33:10+08:00 ] 172.17.0.1 /api_tp/index.php/Home/PageIndex/Index?method=gettv_index&oms_hostBn=tv
INFO: [ app_init ] --START--
INFO: Run Behavior\BuildLiteBehavior [ RunTime:0.000024s ]
INFO: [ app_init ] --END-- [ RunTime:0.000137s ]
INFO: [ app_begin ] --START--
INFO: Run Behavior\ReadHtmlCacheBehavior [ RunTime:0.000319s ]
INFO: [ app_begin ] --END-- [ RunTime:0.000403s ]
NOTIC: [8] Undefined index: into /opt/htdocs/api_tp/Application/Home/Controller/PageIndexController.class.php 第 41 行.
INFO: [ app_end ] --START--
INFO: Run Behavior\ShowPageTraceBehavior [ RunTime:0.000296s ]
INFO: [ app_end ] --END-- [ RunTime:0.000396s ]

[ 2017-03-17T17:41:53+08:00 ] 172.17.0.1 /api_tp/index.php/Home/PageIndex/Index?method=gettv_index&oms_hostBn=tv
INFO: [ app_init ] --START--
INFO: Run Behavior\BuildLiteBehavior [ RunTime:0.000015s ]
INFO: [ app_init ] --END-- [ RunTime:0.000082s ]
INFO: [ app_begin ] --START--
INFO: Run Behavior\ReadHtmlCacheBehavior [ RunTime:0.000246s ]
INFO: [ app_begin ] --END-- [ RunTime:0.000319s ]
NOTIC: [8] Undefined index: into /opt/htdocs/api_tp/Application/Home/Controller/PageIndexController.class.php 第 41 行.
NOTIC: [2] array_multisort(): Argument #3 is expected to be an array or a sort flag /opt/htdocs/api_tp/Application/Home/Services/Logic/TV.class.php 第 71 行.
NOTIC: [2] Invalid argument supplied for foreach() /opt/htdocs/api_tp/Application/Home/Services/Logic/TV.class.php 第 23 行.
NOTIC: [2] array_multisort(): Argument #3 is expected to be an array or a sort flag /opt/htdocs/api_tp/Application/Home/Services/Logic/TV.class.php 第 71 行.
NOTIC: [2] Invalid argument supplied for foreach() /opt/htdocs/api_tp/Application/Home/Services/Logic/TV.class.php 第 38 行.
INFO: [ app_end ] --START--
INFO: Run Behavior\ShowPageTraceBehavior [ RunTime:0.000248s ]
INFO: [ app_end ] --END-- [ RunTime:0.000314s ]

[ 2017-03-17T17:42:07+08:00 ] 172.17.0.1 /api_tp/index.php/Home/PageIndex/Index?method=gettv_index&oms_hostBn=tv
INFO: [ app_init ] --START--
INFO: Run Behavior\BuildLiteBehavior [ RunTime:0.000030s ]
INFO: [ app_init ] --END-- [ RunTime:0.000178s ]
INFO: [ app_begin ] --START--
INFO: Run Behavior\ReadHtmlCacheBehavior [ RunTime:0.000520s ]
INFO: [ app_begin ] --END-- [ RunTime:0.000674s ]
NOTIC: [8] Undefined index: into /opt/htdocs/api_tp/Application/Home/Controller/PageIndexController.class.php 第 41 行.
NOTIC: [2] array_multisort(): Argument #3 is expected to be an array or a sort flag /opt/htdocs/api_tp/Application/Home/Services/Logic/TV.class.php 第 71 行.
NOTIC: [2] Invalid argument supplied for foreach() /opt/htdocs/api_tp/Application/Home/Services/Logic/TV.class.php 第 23 行.
NOTIC: [2] array_multisort(): Argument #3 is expected to be an array or a sort flag /opt/htdocs/api_tp/Application/Home/Services/Logic/TV.class.php 第 71 行.
NOTIC: [2] Invalid argument supplied for foreach() /opt/htdocs/api_tp/Application/Home/Services/Logic/TV.class.php 第 38 行.
INFO: [ app_end ] --START--
INFO: Run Behavior\ShowPageTraceBehavior [ RunTime:0.000565s ]
INFO: [ app_end ] --END-- [ RunTime:0.000718s ]

[ 2017-03-17T17:42:54+08:00 ] 172.17.0.1 /api_tp/index.php/Home/PageIndex/Index?method=gettv_index&oms_hostBn=tv
INFO: [ app_init ] --START--
INFO: Run Behavior\BuildLiteBehavior [ RunTime:0.000015s ]
INFO: [ app_init ] --END-- [ RunTime:0.000082s ]
INFO: [ app_begin ] --START--
INFO: Run Behavior\ReadHtmlCacheBehavior [ RunTime:0.000257s ]
INFO: [ app_begin ] --END-- [ RunTime:0.000327s ]
NOTIC: [8] Undefined index: into /opt/htdocs/api_tp/Application/Home/Controller/PageIndexController.class.php 第 41 行.
INFO: [ app_end ] --START--
INFO: Run Behavior\ShowPageTraceBehavior [ RunTime:0.000252s ]
INFO: [ app_end ] --END-- [ RunTime:0.000332s ]

[ 2017-03-17T17:43:20+08:00 ] 172.17.0.1 /api_tp/index.php/Home/PageIndex/Index?method=gettv_index&oms_hostBn=tv
INFO: [ app_init ] --START--
INFO: Run Behavior\BuildLiteBehavior [ RunTime:0.000016s ]
INFO: [ app_init ] --END-- [ RunTime:0.000084s ]
INFO: [ app_begin ] --START--
INFO: Run Behavior\ReadHtmlCacheBehavior [ RunTime:0.000263s ]
INFO: [ app_begin ] --END-- [ RunTime:0.000333s ]
NOTIC: [8] Undefined index: into /opt/htdocs/api_tp/Application/Home/Controller/PageIndexController.class.php 第 41 行.
INFO: [ app_end ] --START--
INFO: Run Behavior\ShowPageTraceBehavior [ RunTime:0.000243s ]
INFO: [ app_end ] --END-- [ RunTime:0.000319s ]

[ 2017-03-17T17:44:03+08:00 ] 172.17.0.1 /api_tp/index.php/Home/PageIndex/Index?method=gettv_index&oms_hostBn=tv
INFO: [ app_init ] --START--
INFO: Run Behavior\BuildLiteBehavior [ RunTime:0.000014s ]
INFO: [ app_init ] --END-- [ RunTime:0.000080s ]
INFO: [ app_begin ] --START--
INFO: Run Behavior\ReadHtmlCacheBehavior [ RunTime:0.000237s ]
INFO: [ app_begin ] --END-- [ RunTime:0.000306s ]
NOTIC: [8] Undefined index: into /opt/htdocs/api_tp/Application/Home/Controller/PageIndexController.class.php 第 41 行.
NOTIC: [2] array_multisort(): Argument #3 is expected to be an array or a sort flag /opt/htdocs/api_tp/Application/Home/Services/Logic/TV.class.php 第 72 行.
NOTIC: [2] Invalid argument supplied for foreach() /opt/htdocs/api_tp/Application/Home/Services/Logic/TV.class.php 第 23 行.
NOTIC: [2] array_multisort(): Argument #3 is expected to be an array or a sort flag /opt/htdocs/api_tp/Application/Home/Services/Logic/TV.class.php 第 72 行.
NOTIC: [2] Invalid argument supplied for foreach() /opt/htdocs/api_tp/Application/Home/Services/Logic/TV.class.php 第 39 行.
INFO: [ app_end ] --START--
INFO: Run Behavior\ShowPageTraceBehavior [ RunTime:0.000257s ]
INFO: [ app_end ] --END-- [ RunTime:0.000331s ]

[ 2017-03-17T17:44:41+08:00 ] 172.17.0.1 /api_tp/index.php/Home/PageIndex/Index?method=gettv_index&oms_hostBn=tv
INFO: [ app_init ] --START--
INFO: Run Behavior\BuildLiteBehavior [ RunTime:0.000015s ]
INFO: [ app_init ] --END-- [ RunTime:0.000081s ]
INFO: [ app_begin ] --START--
INFO: Run Behavior\ReadHtmlCacheBehavior [ RunTime:0.000233s ]
INFO: [ app_begin ] --END-- [ RunTime:0.000300s ]
NOTIC: [8] Undefined index: into /opt/htdocs/api_tp/Application/Home/Controller/PageIndexController.class.php 第 41 行.
NOTIC: [2] array_multisort(): Argument #3 is expected to be an array or a sort flag /opt/htdocs/api_tp/Application/Home/Services/Logic/TV.class.php 第 73 行.
NOTIC: [2] Invalid argument supplied for foreach() /opt/htdocs/api_tp/Application/Home/Services/Logic/TV.class.php 第 24 行.
NOTIC: [2] array_multisort(): Argument #3 is expected to be an array or a sort flag /opt/htdocs/api_tp/Application/Home/Services/Logic/TV.class.php 第 73 行.
NOTIC: [2] Invalid argument supplied for foreach() /opt/htdocs/api_tp/Application/Home/Services/Logic/TV.class.php 第 40 行.
INFO: [ app_end ] --START--
INFO: Run Behavior\ShowPageTraceBehavior [ RunTime:0.000260s ]
INFO: [ app_end ] --END-- [ RunTime:0.000323s ]

[ 2017-03-17T17:45:01+08:00 ] 172.17.0.1 /api_tp/index.php/Home/PageIndex/Index?method=gettv_index&oms_hostBn=tv
INFO: [ app_init ] --START--
INFO: Run Behavior\BuildLiteBehavior [ RunTime:0.000022s ]
INFO: [ app_init ] --END-- [ RunTime:0.000133s ]
INFO: [ app_begin ] --START--
INFO: Run Behavior\ReadHtmlCacheBehavior [ RunTime:0.000397s ]
INFO: [ app_begin ] --END-- [ RunTime:0.000515s ]
NOTIC: [8] Undefined index: into /opt/htdocs/api_tp/Application/Home/Controller/PageIndexController.class.php 第 41 行.
NOTIC: [2] array_multisort(): Argument #3 is expected to be an array or a sort flag /opt/htdocs/api_tp/Application/Home/Services/Logic/TV.class.php 第 74 行.
NOTIC: [2] Invalid argument supplied for foreach() /opt/htdocs/api_tp/Application/Home/Services/Logic/TV.class.php 第 25 行.
NOTIC: [2] array_multisort(): Argument #3 is expected to be an array or a sort flag /opt/htdocs/api_tp/Application/Home/Services/Logic/TV.class.php 第 74 行.
NOTIC: [2] Invalid argument supplied for foreach() /opt/htdocs/api_tp/Application/Home/Services/Logic/TV.class.php 第 41 行.
INFO: [ app_end ] --START--
INFO: Run Behavior\ShowPageTraceBehavior [ RunTime:0.000429s ]
INFO: [ app_end ] --END-- [ RunTime:0.000570s ]

[ 2017-03-17T17:45:25+08:00 ] 172.17.0.1 /api_tp/index.php/Home/PageIndex/Index?method=gettv_index&oms_hostBn=tv
INFO: [ app_init ] --START--
INFO: Run Behavior\BuildLiteBehavior [ RunTime:0.000015s ]
INFO: [ app_init ] --END-- [ RunTime:0.000083s ]
INFO: [ app_begin ] --START--
INFO: Run Behavior\ReadHtmlCacheBehavior [ RunTime:0.000225s ]
INFO: [ app_begin ] --END-- [ RunTime:0.000302s ]
NOTIC: [8] Undefined index: into /opt/htdocs/api_tp/Application/Home/Controller/PageIndexController.class.php 第 41 行.
NOTIC: [2] array_multisort(): Argument #3 is expected to be an array or a sort flag /opt/htdocs/api_tp/Application/Home/Services/Logic/TV.class.php 第 75 行.
NOTIC: [2] Invalid argument supplied for foreach() /opt/htdocs/api_tp/Application/Home/Services/Logic/TV.class.php 第 25 行.
NOTIC: [2] array_multisort(): Argument #3 is expected to be an array or a sort flag /opt/htdocs/api_tp/Application/Home/Services/Logic/TV.class.php 第 75 行.
NOTIC: [2] Invalid argument supplied for foreach() /opt/htdocs/api_tp/Application/Home/Services/Logic/TV.class.php 第 41 行.
INFO: [ app_end ] --START--
INFO: Run Behavior\ShowPageTraceBehavior [ RunTime:0.000267s ]
INFO: [ app_end ] --END-- [ RunTime:0.000341s ]

[ 2017-03-17T17:46:03+08:00 ] 172.17.0.1 /api_tp/index.php/Home/PageIndex/Index?method=gettv_index&oms_hostBn=tv
INFO: [ app_init ] --START--
INFO: Run Behavior\BuildLiteBehavior [ RunTime:0.000015s ]
INFO: [ app_init ] --END-- [ RunTime:0.000081s ]
INFO: [ app_begin ] --START--
INFO: Run Behavior\ReadHtmlCacheBehavior [ RunTime:0.000242s ]
INFO: [ app_begin ] --END-- [ RunTime:0.000311s ]
NOTIC: [8] Undefined index: into /opt/htdocs/api_tp/Application/Home/Controller/PageIndexController.class.php 第 41 行.
NOTIC: [2] array_multisort(): Argument #3 is expected to be an array or a sort flag /opt/htdocs/api_tp/Application/Home/Services/Logic/TV.class.php 第 73 行.
NOTIC: [2] array_multisort(): Argument #3 is expected to be an array or a sort flag /opt/htdocs/api_tp/Application/Home/Services/Logic/TV.class.php 第 73 行.
INFO: [ app_end ] --START--
INFO: Run Behavior\ShowPageTraceBehavior [ RunTime:0.000249s ]
INFO: [ app_end ] --END-- [ RunTime:0.000317s ]

[ 2017-03-17T17:46:24+08:00 ] 172.17.0.1 /api_tp/index.php/Home/PageIndex/Index?method=gettv_index&oms_hostBn=tv
INFO: [ app_init ] --START--
INFO: Run Behavior\BuildLiteBehavior [ RunTime:0.000031s ]
INFO: [ app_init ] --END-- [ RunTime:0.000225s ]
INFO: [ app_begin ] --START--
INFO: Run Behavior\ReadHtmlCacheBehavior [ RunTime:0.000628s ]
INFO: [ app_begin ] --END-- [ RunTime:0.000805s ]
NOTIC: [8] Undefined index: into /opt/htdocs/api_tp/Application/Home/Controller/PageIndexController.class.php 第 41 行.
NOTIC: [2] array_multisort(): Argument #3 is expected to be an array or a sort flag /opt/htdocs/api_tp/Application/Home/Services/Logic/TV.class.php 第 72 行.
NOTIC: [2] array_multisort(): Argument #3 is expected to be an array or a sort flag /opt/htdocs/api_tp/Application/Home/Services/Logic/TV.class.php 第 72 行.
INFO: [ app_end ] --START--
INFO: Run Behavior\ShowPageTraceBehavior [ RunTime:0.000499s ]
INFO: [ app_end ] --END-- [ RunTime:0.000639s ]

[ 2017-03-17T17:47:15+08:00 ] 172.17.0.1 /api_tp/index.php/Home/PageIndex/Index?method=gettv_index&oms_hostBn=tv
INFO: [ app_init ] --START--
INFO: Run Behavior\BuildLiteBehavior [ RunTime:0.000014s ]
INFO: [ app_init ] --END-- [ RunTime:0.000076s ]
INFO: [ app_begin ] --START--
INFO: Run Behavior\ReadHtmlCacheBehavior [ RunTime:0.000217s ]
INFO: [ app_begin ] --END-- [ RunTime:0.000294s ]
NOTIC: [8] Undefined index: into /opt/htdocs/api_tp/Application/Home/Controller/PageIndexController.class.php 第 41 行.
NOTIC: [2] array_multisort(): Argument #3 is expected to be an array or a sort flag /opt/htdocs/api_tp/Application/Home/Services/Logic/TV.class.php 第 72 行.
NOTIC: [2] array_multisort(): Argument #3 is expected to be an array or a sort flag /opt/htdocs/api_tp/Application/Home/Services/Logic/TV.class.php 第 72 行.
INFO: [ app_end ] --START--
INFO: Run Behavior\ShowPageTraceBehavior [ RunTime:0.000340s ]
INFO: [ app_end ] --END-- [ RunTime:0.000426s ]

[ 2017-03-17T17:47:59+08:00 ] 172.17.0.1 /api_tp/index.php/Home/PageIndex/Index?into=B2C&method=b2c.goods2.search_goods&direct=true
INFO: [ app_init ] --START--
INFO: Run Behavior\BuildLiteBehavior [ RunTime:0.000016s ]
INFO: [ app_init ] --END-- [ RunTime:0.000087s ]
INFO: [ app_begin ] --START--
INFO: Run Behavior\ReadHtmlCacheBehavior [ RunTime:0.000292s ]
INFO: [ app_begin ] --END-- [ RunTime:0.000403s ]
INFO: [ app_end ] --START--
INFO: Run Behavior\ShowPageTraceBehavior [ RunTime:0.000433s ]
INFO: [ app_end ] --END-- [ RunTime:0.000571s ]

[ 2017-03-17T17:48:04+08:00 ] 172.17.0.1 /api_tp/index.php/Home/PageIndex/Index?into=B2C&method=b2c.goods2.search_goods_hot&direct=true
INFO: [ app_init ] --START--
INFO: Run Behavior\BuildLiteBehavior [ RunTime:0.000013s ]
INFO: [ app_init ] --END-- [ RunTime:0.000073s ]
INFO: [ app_begin ] --START--
INFO: Run Behavior\ReadHtmlCacheBehavior [ RunTime:0.000220s ]
INFO: [ app_begin ] --END-- [ RunTime:0.000286s ]
INFO: [ app_end ] --START--
INFO: Run Behavior\ShowPageTraceBehavior [ RunTime:0.000360s ]
INFO: [ app_end ] --END-- [ RunTime:0.000465s ]

[ 2017-03-17T17:48:21+08:00 ] 172.17.0.1 /api_tp/index.php/Home/PageIndex/Index?into=B2C&method=b2c.tag2.tag_goods_list&direct=true
INFO: [ app_init ] --START--
INFO: Run Behavior\BuildLiteBehavior [ RunTime:0.000034s ]
INFO: [ app_init ] --END-- [ RunTime:0.000219s ]
INFO: [ app_begin ] --START--
INFO: Run Behavior\ReadHtmlCacheBehavior [ RunTime:0.000284s ]
INFO: [ app_begin ] --END-- [ RunTime:0.000385s ]
INFO: [ app_end ] --START--
INFO: Run Behavior\ShowPageTraceBehavior [ RunTime:0.000340s ]
INFO: [ app_end ] --END-- [ RunTime:0.000450s ]

[ 2017-03-17T17:48:37+08:00 ] 172.17.0.1 /api_tp/index.php/Home/PageIndex/Index?into=B2C&method=b2c.tag2.tag_goods_list&direct=true
INFO: [ app_init ] --START--
INFO: Run Behavior\BuildLiteBehavior [ RunTime:0.000019s ]
INFO: [ app_init ] --END-- [ RunTime:0.000147s ]
INFO: [ app_begin ] --START--
INFO: Run Behavior\ReadHtmlCacheBehavior [ RunTime:0.000273s ]
INFO: [ app_begin ] --END-- [ RunTime:0.000369s ]
INFO: [ app_end ] --START--
INFO: Run Behavior\ShowPageTraceBehavior [ RunTime:0.000386s ]
INFO: [ app_end ] --END-- [ RunTime:0.000506s ]

[ 2017-03-17T17:48:37+08:00 ] 172.17.0.1 /api_tp/index.php/Home/PageIndex/Index?into=OMS&method=programRestApi.program.getProgramInfoForAWeek&oms_hostBn=tv
INFO: [ app_init ] --START--
INFO: Run Behavior\BuildLiteBehavior [ RunTime:0.000015s ]
INFO: [ app_init ] --END-- [ RunTime:0.000084s ]
INFO: [ app_begin ] --START--
INFO: Run Behavior\ReadHtmlCacheBehavior [ RunTime:0.000235s ]
INFO: [ app_begin ] --END-- [ RunTime:0.000310s ]
INFO: [ app_end ] --START--
INFO: Run Behavior\ShowPageTraceBehavior [ RunTime:0.000368s ]
INFO: [ app_end ] --END-- [ RunTime:0.000488s ]

[ 2017-03-17T17:48:37+08:00 ] 172.17.0.1 /api_tp/index.php/Home/PageIndex/Index?into=B2C&method=b2c.advertising2.homefocus&direct=true
INFO: [ app_init ] --START--
INFO: Run Behavior\BuildLiteBehavior [ RunTime:0.000014s ]
INFO: [ app_init ] --END-- [ RunTime:0.000079s ]
INFO: [ app_begin ] --START--
INFO: Run Behavior\ReadHtmlCacheBehavior [ RunTime:0.000222s ]
INFO: [ app_begin ] --END-- [ RunTime:0.000290s ]
INFO: [ app_end ] --START--
INFO: Run Behavior\ShowPageTraceBehavior [ RunTime:0.000345s ]
INFO: [ app_end ] --END-- [ RunTime:0.000454s ]

[ 2017-03-17T17:48:37+08:00 ] 172.17.0.1 /api_tp/index.php/Home/PageIndex/Index_OMS?method=goodsRestApi.goods.goodsInfo
INFO: [ app_init ] --START--
INFO: Run Behavior\BuildLiteBehavior [ RunTime:0.000018s ]
INFO: [ app_init ] --END-- [ RunTime:0.000132s ]
INFO: [ app_begin ] --START--
INFO: Run Behavior\ReadHtmlCacheBehavior [ RunTime:0.000258s ]
INFO: [ app_begin ] --END-- [ RunTime:0.000335s ]
NOTIC: [8] Undefined index: oms_hostBn /opt/htdocs/api_tp/Application/Home/Controller/PageIndexController.class.php 第 161 行.
INFO: [ app_end ] --START--
INFO: Run Behavior\ShowPageTraceBehavior [ RunTime:0.000410s ]
INFO: [ app_end ] --END-- [ RunTime:0.000523s ]

[ 2017-03-17T17:48:37+08:00 ] 172.17.0.1 /api_tp/index.php/Home/PageIndex/Index?method=gettv_index&oms_hostBn=tv
INFO: [ app_init ] --START--
INFO: Run Behavior\BuildLiteBehavior [ RunTime:0.000016s ]
INFO: [ app_init ] --END-- [ RunTime:0.000118s ]
INFO: [ app_begin ] --START--
INFO: Run Behavior\ReadHtmlCacheBehavior [ RunTime:0.000247s ]
INFO: [ app_begin ] --END-- [ RunTime:0.000335s ]
NOTIC: [8] Undefined index: into /opt/htdocs/api_tp/Application/Home/Controller/PageIndexController.class.php 第 41 行.
NOTIC: [2] array_multisort(): Argument #3 is expected to be an array or a sort flag /opt/htdocs/api_tp/Application/Home/Services/Logic/TV.class.php 第 72 行.
NOTIC: [2] array_multisort(): Argument #3 is expected to be an array or a sort flag /opt/htdocs/api_tp/Application/Home/Services/Logic/TV.class.php 第 72 行.
INFO: [ app_end ] --START--
INFO: Run Behavior\ShowPageTraceBehavior [ RunTime:0.000276s ]
INFO: [ app_end ] --END-- [ RunTime:0.000355s ]

[ 2017-03-17T17:49:20+08:00 ] 172.17.0.1 /api_tp/index.php/Home/PageIndex/Index?into=OMS&method=programRestApi.program.getProgramInfoForAWeek&oms_hostBn=tv
INFO: [ app_init ] --START--
INFO: Run Behavior\BuildLiteBehavior [ RunTime:0.000015s ]
INFO: [ app_init ] --END-- [ RunTime:0.000083s ]
INFO: [ app_begin ] --START--
INFO: Run Behavior\ReadHtmlCacheBehavior [ RunTime:0.000231s ]
INFO: [ app_begin ] --END-- [ RunTime:0.000307s ]
INFO: [ app_end ] --START--
INFO: Run Behavior\ShowPageTraceBehavior [ RunTime:0.000353s ]
INFO: [ app_end ] --END-- [ RunTime:0.000480s ]

[ 2017-03-17T17:49:35+08:00 ] 172.17.0.1 /api_tp/index.php/Home/PageIndex/Index?into=B2C&method=b2c.goods2.search_goods&direct=true
INFO: [ app_init ] --START--
INFO: Run Behavior\BuildLiteBehavior [ RunTime:0.000032s ]
INFO: [ app_init ] --END-- [ RunTime:0.000159s ]
INFO: [ app_begin ] --START--
INFO: Run Behavior\ReadHtmlCacheBehavior [ RunTime:0.000284s ]
INFO: [ app_begin ] --END-- [ RunTime:0.000376s ]
INFO: [ app_end ] --START--
INFO: Run Behavior\ShowPageTraceBehavior [ RunTime:0.000356s ]
INFO: [ app_end ] --END-- [ RunTime:0.000454s ]

[ 2017-03-17T17:49:39+08:00 ] 172.17.0.1 /api_tp/index.php/Home/PageIndex/Index?into=B2C&method=b2c.product2.app_productBaseInfo&direct=true
INFO: [ app_init ] --START--
INFO: Run Behavior\BuildLiteBehavior [ RunTime:0.000014s ]
INFO: [ app_init ] --END-- [ RunTime:0.000080s ]
INFO: [ app_begin ] --START--
INFO: Run Behavior\ReadHtmlCacheBehavior [ RunTime:0.000224s ]
INFO: [ app_begin ] --END-- [ RunTime:0.000298s ]
INFO: [ app_end ] --START--
INFO: Run Behavior\ShowPageTraceBehavior [ RunTime:0.000499s ]
INFO: [ app_end ] --END-- [ RunTime:0.000642s ]

[ 2017-03-17T17:49:41+08:00 ] 172.17.0.1 /api_tp/index.php/Home/PageIndex/Index?method=gettv_index&oms_hostBn=tv
INFO: [ app_init ] --START--
INFO: Run Behavior\BuildLiteBehavior [ RunTime:0.000015s ]
INFO: [ app_init ] --END-- [ RunTime:0.000080s ]
INFO: [ app_begin ] --START--
INFO: Run Behavior\ReadHtmlCacheBehavior [ RunTime:0.000230s ]
INFO: [ app_begin ] --END-- [ RunTime:0.000297s ]
NOTIC: [8] Undefined index: into /opt/htdocs/api_tp/Application/Home/Controller/PageIndexController.class.php 第 41 行.
NOTIC: [2] array_multisort(): Argument #3 is expected to be an array or a sort flag /opt/htdocs/api_tp/Application/Home/Services/Logic/TV.class.php 第 72 行.
NOTIC: [2] array_multisort(): Argument #3 is expected to be an array or a sort flag /opt/htdocs/api_tp/Application/Home/Services/Logic/TV.class.php 第 72 行.
INFO: [ app_end ] --START--
INFO: Run Behavior\ShowPageTraceBehavior [ RunTime:0.000409s ]
INFO: [ app_end ] --END-- [ RunTime:0.000523s ]

[ 2017-03-17T17:53:15+08:00 ] 172.17.0.1 /api_tp/index.php/Home/PageIndex/Index?method=gettv_index&oms_hostBn=tv
INFO: [ app_init ] --START--
INFO: Run Behavior\BuildLiteBehavior [ RunTime:0.000015s ]
INFO: [ app_init ] --END-- [ RunTime:0.000086s ]
INFO: [ app_begin ] --START--
INFO: Run Behavior\ReadHtmlCacheBehavior [ RunTime:0.000250s ]
INFO: [ app_begin ] --END-- [ RunTime:0.000319s ]
NOTIC: [8] Undefined index: into /opt/htdocs/api_tp/Application/Home/Controller/PageIndexController.class.php 第 41 行.
NOTIC: [2] array_multisort(): Argument #3 is expected to be an array or a sort flag /opt/htdocs/api_tp/Application/Home/Services/Logic/TV.class.php 第 82 行.
NOTIC: [2] array_multisort(): Argument #3 is expected to be an array or a sort flag /opt/htdocs/api_tp/Application/Home/Services/Logic/TV.class.php 第 82 行.
INFO: [ app_end ] --START--
INFO: Run Behavior\ShowPageTraceBehavior [ RunTime:0.000262s ]
INFO: [ app_end ] --END-- [ RunTime:0.000348s ]

[ 2017-03-17T17:54:31+08:00 ] 172.17.0.1 /api_tp/index.php/Home/PageIndex/Index?method=gettv_index&oms_hostBn=tv
INFO: [ app_init ] --START--
INFO: Run Behavior\BuildLiteBehavior [ RunTime:0.000015s ]
INFO: [ app_init ] --END-- [ RunTime:0.000083s ]
INFO: [ app_begin ] --START--
INFO: Run Behavior\ReadHtmlCacheBehavior [ RunTime:0.000241s ]
INFO: [ app_begin ] --END-- [ RunTime:0.000310s ]
NOTIC: [8] Undefined index: into /opt/htdocs/api_tp/Application/Home/Controller/PageIndexController.class.php 第 41 行.
NOTIC: [2] array_multisort(): Argument #3 is expected to be an array or a sort flag /opt/htdocs/api_tp/Application/Home/Services/Logic/TV.class.php 第 82 行.
NOTIC: [2] array_multisort(): Argument #3 is expected to be an array or a sort flag /opt/htdocs/api_tp/Application/Home/Services/Logic/TV.class.php 第 82 行.
INFO: [ app_end ] --START--
INFO: Run Behavior\ShowPageTraceBehavior [ RunTime:0.000485s ]
INFO: [ app_end ] --END-- [ RunTime:0.000621s ]

[ 2017-03-17T17:58:03+08:00 ] 172.17.0.1 /api_tp/index.php/Home/PageIndex/Index?method=gettv_index&oms_hostBn=tv
INFO: [ app_init ] --START--
INFO: Run Behavior\BuildLiteBehavior [ RunTime:0.000018s ]
INFO: [ app_init ] --END-- [ RunTime:0.000090s ]
INFO: [ app_begin ] --START--
INFO: Run Behavior\ReadHtmlCacheBehavior [ RunTime:0.000238s ]
INFO: [ app_begin ] --END-- [ RunTime:0.000308s ]
NOTIC: [8] Undefined index: into /opt/htdocs/api_tp/Application/Home/Controller/PageIndexController.class.php 第 41 行.
NOTIC: [2] array_multisort(): Argument #3 is expected to be an array or a sort flag /opt/htdocs/api_tp/Application/Home/Services/Logic/TV.class.php 第 82 行.
NOTIC: [2] array_multisort(): Argument #3 is expected to be an array or a sort flag /opt/htdocs/api_tp/Application/Home/Services/Logic/TV.class.php 第 82 行.
INFO: [ app_end ] --START--
INFO: Run Behavior\ShowPageTraceBehavior [ RunTime:0.000231s ]
INFO: [ app_end ] --END-- [ RunTime:0.000294s ]

[ 2017-03-17T17:59:17+08:00 ] 172.17.0.1 /api_tp/index.php/Home/PageIndex/Index?method=gettv_index&oms_hostBn=tv
INFO: [ app_init ] --START--
INFO: Run Behavior\BuildLiteBehavior [ RunTime:0.000014s ]
INFO: [ app_init ] --END-- [ RunTime:0.000079s ]
INFO: [ app_begin ] --START--
INFO: Run Behavior\ReadHtmlCacheBehavior [ RunTime:0.000235s ]
INFO: [ app_begin ] --END-- [ RunTime:0.000302s ]
NOTIC: [8] Undefined index: into /opt/htdocs/api_tp/Application/Home/Controller/PageIndexController.class.php 第 41 行.
NOTIC: [2] array_multisort(): Argument #3 is expected to be an array or a sort flag /opt/htdocs/api_tp/Application/Home/Services/Logic/TV.class.php 第 82 行.
NOTIC: [2] array_multisort(): Argument #3 is expected to be an array or a sort flag /opt/htdocs/api_tp/Application/Home/Services/Logic/TV.class.php 第 82 行.
INFO: [ app_end ] --START--
INFO: Run Behavior\ShowPageTraceBehavior [ RunTime:0.000257s ]
INFO: [ app_end ] --END-- [ RunTime:0.000324s ]

