[ 2017-03-28T18:50:24+08:00 ] 172.17.0.1 /api_tp/api_tp/index.php/Home/PageIndex/Index?method=create_order
INFO: [ app_init ] --START--
INFO: Run Behavior\BuildLiteBehavior [ RunTime:0.000016s ]
INFO: [ app_init ] --END-- [ RunTime:0.000113s ]
INFO: [ app_begin ] --START--
INFO: Run Behavior\ReadHtmlCacheBehavior [ RunTime:0.001045s ]
INFO: [ app_begin ] --END-- [ RunTime:0.001152s ]
NOTIC: [8] Undefined index: into /opt/htdocs/api_tp/api_tp/Application/Home/Controller/PageIndexController.class.php 第 47 行.
NOTIC: [8] Undefined variable: data /opt/htdocs/api_tp/api_tp/Application/Home/Controller/PageIndexController.class.php 第 345 行.
INFO: [ app_end ] --START--
INFO: Run Behavior\ShowPageTraceBehavior [ RunTime:0.000446s ]
INFO: [ app_end ] --END-- [ RunTime:0.000532s ]

[ 2017-03-28T18:55:11+08:00 ] 172.17.0.1 /api_tp/api_tp/index.php/Home/PageIndex/Index?method=create_order
INFO: [ app_init ] --START--
INFO: Run Behavior\BuildLiteBehavior [ RunTime:0.000016s ]
INFO: [ app_init ] --END-- [ RunTime:0.000100s ]
INFO: [ app_begin ] --START--
INFO: Run Behavior\ReadHtmlCacheBehavior [ RunTime:0.000285s ]
INFO: [ app_begin ] --END-- [ RunTime:0.000375s ]
NOTIC: [8] Undefined index: into /opt/htdocs/api_tp/api_tp/Application/Home/Controller/PageIndexController.class.php 第 48 行.
SQL: SHOW COLUMNS FROM `order` [ RunTime:0.0010s ]
SQL: SHOW COLUMNS FROM `order_item` [ RunTime:0.0007s ]
SQL: INSERT INTO `order` (`orderid`,`custid`,`ordertime`) VALUES ('170328185539546','5778041','2017-03-28 18:55:11') [ RunTime:0.0087s ]
NOTIC: [8] Undefined index: goodId /opt/htdocs/api_tp/api_tp/Application/Home/Model/Order.class.php 第 39 行.
NOTIC: [8] Undefined index: colorId /opt/htdocs/api_tp/api_tp/Application/Home/Model/Order.class.php 第 39 行.
NOTIC: [8] Undefined index: styleid /opt/htdocs/api_tp/api_tp/Application/Home/Model/Order.class.php 第 39 行.
NOTIC: [8] Undefined index: num /opt/htdocs/api_tp/api_tp/Application/Home/Model/Order.class.php 第 39 行.
ERR: 1048:Column 'goodid' cannot be null
 [ SQL语句 ] : INSERT INTO `order_item` (`orderid`,`goodid`,`colorid`,`styleid`,`num`) VALUES ('1',NULL,NULL,NULL,NULL)
ERR: 1048:Column 'goodid' cannot be null
 [ SQL语句 ] : INSERT INTO `order_item` (`orderid`,`goodid`,`colorid`,`styleid`,`num`) VALUES ('1',NULL,NULL,NULL,NULL)

[ 2017-03-28T18:55:31+08:00 ] 172.17.0.1 /api_tp/api_tp/index.php/Home/PageIndex/Index?method=create_order
INFO: [ app_init ] --START--
INFO: Run Behavior\BuildLiteBehavior [ RunTime:0.000014s ]
INFO: [ app_init ] --END-- [ RunTime:0.000076s ]
INFO: [ app_begin ] --START--
INFO: Run Behavior\ReadHtmlCacheBehavior [ RunTime:0.000201s ]
INFO: [ app_begin ] --END-- [ RunTime:0.000270s ]
NOTIC: [8] Undefined index: into /opt/htdocs/api_tp/api_tp/Application/Home/Controller/PageIndexController.class.php 第 48 行.
SQL: SHOW COLUMNS FROM `order` [ RunTime:0.0008s ]
SQL: SHOW COLUMNS FROM `order_item` [ RunTime:0.0006s ]
SQL: INSERT INTO `order` (`orderid`,`custid`,`ordertime`) VALUES ('170328185508569','5778041','2017-03-28 18:55:31') [ RunTime:0.0004s ]
NOTIC: [8] Undefined index: goodId /opt/htdocs/api_tp/api_tp/Application/Home/Model/Order.class.php 第 39 行.
NOTIC: [8] Undefined index: colorId /opt/htdocs/api_tp/api_tp/Application/Home/Model/Order.class.php 第 39 行.
NOTIC: [8] Undefined index: styleid /opt/htdocs/api_tp/api_tp/Application/Home/Model/Order.class.php 第 39 行.
NOTIC: [8] Undefined index: num /opt/htdocs/api_tp/api_tp/Application/Home/Model/Order.class.php 第 39 行.
ERR: 1048:Column 'goodid' cannot be null
 [ SQL语句 ] : INSERT INTO `order_item` (`orderid`,`goodid`,`colorid`,`styleid`,`num`) VALUES ('1',NULL,NULL,NULL,NULL)
ERR: 1048:Column 'goodid' cannot be null
 [ SQL语句 ] : INSERT INTO `order_item` (`orderid`,`goodid`,`colorid`,`styleid`,`num`) VALUES ('1',NULL,NULL,NULL,NULL)

[ 2017-03-28T18:56:05+08:00 ] 172.17.0.1 /api_tp/api_tp/index.php/Home/PageIndex/Index?method=create_order
INFO: [ app_init ] --START--
INFO: Run Behavior\BuildLiteBehavior [ RunTime:0.000019s ]
INFO: [ app_init ] --END-- [ RunTime:0.000103s ]
INFO: [ app_begin ] --START--
INFO: Run Behavior\ReadHtmlCacheBehavior [ RunTime:0.000210s ]
INFO: [ app_begin ] --END-- [ RunTime:0.000279s ]
NOTIC: [8] Undefined index: into /opt/htdocs/api_tp/api_tp/Application/Home/Controller/PageIndexController.class.php 第 48 行.

[ 2017-03-28T18:57:27+08:00 ] 172.17.0.1 /api_tp/api_tp/index.php/Home/PageIndex/Index?method=create_order
INFO: [ app_init ] --START--
INFO: Run Behavior\BuildLiteBehavior [ RunTime:0.000014s ]
INFO: [ app_init ] --END-- [ RunTime:0.000072s ]
INFO: [ app_begin ] --START--
INFO: Run Behavior\ReadHtmlCacheBehavior [ RunTime:0.000187s ]
INFO: [ app_begin ] --END-- [ RunTime:0.000247s ]
NOTIC: [8] Undefined index: into /opt/htdocs/api_tp/api_tp/Application/Home/Controller/PageIndexController.class.php 第 48 行.
SQL: SHOW COLUMNS FROM `order` [ RunTime:0.0006s ]
SQL: SHOW COLUMNS FROM `order_item` [ RunTime:0.0009s ]

[ 2017-03-28T18:58:19+08:00 ] 172.17.0.1 /api_tp/api_tp/index.php/Home/PageIndex/Index?method=create_order
INFO: [ app_init ] --START--
INFO: Run Behavior\BuildLiteBehavior [ RunTime:0.000016s ]
INFO: [ app_init ] --END-- [ RunTime:0.000080s ]
INFO: [ app_begin ] --START--
INFO: Run Behavior\ReadHtmlCacheBehavior [ RunTime:0.000250s ]
INFO: [ app_begin ] --END-- [ RunTime:0.000334s ]
NOTIC: [8] Undefined index: into /opt/htdocs/api_tp/api_tp/Application/Home/Controller/PageIndexController.class.php 第 48 行.
SQL: SHOW COLUMNS FROM `order` [ RunTime:0.0007s ]
SQL: SHOW COLUMNS FROM `order_item` [ RunTime:0.0007s ]

[ 2017-03-28T18:58:53+08:00 ] 172.17.0.1 /api_tp/api_tp/index.php/Home/PageIndex/Index?method=create_order
INFO: [ app_init ] --START--
INFO: Run Behavior\BuildLiteBehavior [ RunTime:0.000016s ]
INFO: [ app_init ] --END-- [ RunTime:0.000087s ]
INFO: [ app_begin ] --START--
INFO: Run Behavior\ReadHtmlCacheBehavior [ RunTime:0.000239s ]
INFO: [ app_begin ] --END-- [ RunTime:0.000326s ]
NOTIC: [8] Undefined index: into /opt/htdocs/api_tp/api_tp/Application/Home/Controller/PageIndexController.class.php 第 48 行.
SQL: SHOW COLUMNS FROM `order` [ RunTime:0.0008s ]
SQL: SHOW COLUMNS FROM `order_item` [ RunTime:0.0007s ]
SQL: INSERT INTO `order` (`orderid`,`custid`,`ordertime`) VALUES ('170328185852432','5778041','2017-03-28 18:58:53') [ RunTime:0.0995s ]

[ 2017-03-28T18:59:21+08:00 ] 172.17.0.1 /api_tp/api_tp/index.php/Home/PageIndex/Index?method=create_order
INFO: [ app_init ] --START--
INFO: Run Behavior\BuildLiteBehavior [ RunTime:0.000014s ]
INFO: [ app_init ] --END-- [ RunTime:0.000079s ]
INFO: [ app_begin ] --START--
INFO: Run Behavior\ReadHtmlCacheBehavior [ RunTime:0.000273s ]
INFO: [ app_begin ] --END-- [ RunTime:0.000363s ]
NOTIC: [8] Undefined index: into /opt/htdocs/api_tp/api_tp/Application/Home/Controller/PageIndexController.class.php 第 48 行.
SQL: SHOW COLUMNS FROM `order` [ RunTime:0.0008s ]
SQL: SHOW COLUMNS FROM `order_item` [ RunTime:0.0006s ]
SQL: INSERT INTO `order` (`orderid`,`custid`,`ordertime`) VALUES ('170328185968336','5778041','2017-03-28 18:59:20') [ RunTime:0.1055s ]

[ 2017-03-28T18:59:53+08:00 ] 172.17.0.1 /api_tp/api_tp/index.php/Home/PageIndex/Index?method=create_order
INFO: [ app_init ] --START--
INFO: Run Behavior\BuildLiteBehavior [ RunTime:0.000019s ]
INFO: [ app_init ] --END-- [ RunTime:0.000105s ]
INFO: [ app_begin ] --START--
INFO: Run Behavior\ReadHtmlCacheBehavior [ RunTime:0.000217s ]
INFO: [ app_begin ] --END-- [ RunTime:0.000285s ]
NOTIC: [8] Undefined index: into /opt/htdocs/api_tp/api_tp/Application/Home/Controller/PageIndexController.class.php 第 48 行.
SQL: SHOW COLUMNS FROM `order` [ RunTime:0.0007s ]
SQL: SHOW COLUMNS FROM `order_item` [ RunTime:0.0007s ]
SQL: INSERT INTO `order` (`orderid`,`custid`,`ordertime`) VALUES ('170328185950202','5778041','2017-03-28 18:59:53') [ RunTime:0.0845s ]
NOTIC: [8] Undefined index: goodId /opt/htdocs/api_tp/api_tp/Application/Home/Model/Order.class.php 第 45 行.
NOTIC: [8] Undefined index: colorId /opt/htdocs/api_tp/api_tp/Application/Home/Model/Order.class.php 第 45 行.
NOTIC: [8] Undefined index: styleId /opt/htdocs/api_tp/api_tp/Application/Home/Model/Order.class.php 第 45 行.
NOTIC: [8] Undefined index: num /opt/htdocs/api_tp/api_tp/Application/Home/Model/Order.class.php 第 45 行.
ERR: 1048:Column 'goodid' cannot be null
 [ SQL语句 ] : INSERT INTO `order_item` (`orderid`,`goodid`,`colorid`,`styleid`,`num`) VALUES ('170328185950202',NULL,NULL,NULL,NULL)
ERR: 1048:Column 'goodid' cannot be null
 [ SQL语句 ] : INSERT INTO `order_item` (`orderid`,`goodid`,`colorid`,`styleid`,`num`) VALUES ('170328185950202',NULL,NULL,NULL,NULL)

[ 2017-03-28T19:00:25+08:00 ] 172.17.0.1 /api_tp/api_tp/index.php/Home/PageIndex/Index?method=create_order
INFO: [ app_init ] --START--
INFO: Run Behavior\BuildLiteBehavior [ RunTime:0.000014s ]
INFO: [ app_init ] --END-- [ RunTime:0.000074s ]
INFO: [ app_begin ] --START--
INFO: Run Behavior\ReadHtmlCacheBehavior [ RunTime:0.000191s ]
INFO: [ app_begin ] --END-- [ RunTime:0.000253s ]
NOTIC: [8] Undefined index: into /opt/htdocs/api_tp/api_tp/Application/Home/Controller/PageIndexController.class.php 第 48 行.
SQL: SHOW COLUMNS FROM `order` [ RunTime:0.0007s ]
SQL: SHOW COLUMNS FROM `order_item` [ RunTime:0.0006s ]
SQL: INSERT INTO `order` (`orderid`,`custid`,`ordertime`) VALUES ('170328190029699','5778041','2017-03-28 19:00:25') [ RunTime:0.1175s ]
NOTIC: [8] Undefined index: goodId /opt/htdocs/api_tp/api_tp/Application/Home/Model/Order.class.php 第 45 行.
NOTIC: [8] Undefined index: colorId /opt/htdocs/api_tp/api_tp/Application/Home/Model/Order.class.php 第 45 行.
NOTIC: [8] Undefined index: styleId /opt/htdocs/api_tp/api_tp/Application/Home/Model/Order.class.php 第 45 行.
NOTIC: [8] Undefined index: num /opt/htdocs/api_tp/api_tp/Application/Home/Model/Order.class.php 第 45 行.
ERR: 1048:Column 'goodid' cannot be null
 [ SQL语句 ] : INSERT INTO `order_item` (`orderid`,`goodid`,`colorid`,`styleid`,`num`) VALUES ('170328190029699',NULL,NULL,NULL,NULL)
ERR: 1048:Column 'goodid' cannot be null
 [ SQL语句 ] : INSERT INTO `order_item` (`orderid`,`goodid`,`colorid`,`styleid`,`num`) VALUES ('170328190029699',NULL,NULL,NULL,NULL)

[ 2017-03-28T19:01:49+08:00 ] 172.17.0.1 /api_tp/api_tp/index.php/Home/PageIndex/Index?method=create_order
INFO: [ app_init ] --START--
INFO: Run Behavior\BuildLiteBehavior [ RunTime:0.000013s ]
INFO: [ app_init ] --END-- [ RunTime:0.000072s ]
INFO: [ app_begin ] --START--
INFO: Run Behavior\ReadHtmlCacheBehavior [ RunTime:0.000186s ]
INFO: [ app_begin ] --END-- [ RunTime:0.000247s ]
NOTIC: [8] Undefined index: into /opt/htdocs/api_tp/api_tp/Application/Home/Controller/PageIndexController.class.php 第 48 行.
SQL: SHOW COLUMNS FROM `order` [ RunTime:0.0007s ]
SQL: SHOW COLUMNS FROM `order_item` [ RunTime:0.0011s ]
SQL: INSERT INTO `order` (`orderid`,`custid`,`ordertime`) VALUES ('170328190139425','5778041','2017-03-28 19:01:49') [ RunTime:0.1032s ]
NOTIC: [8] Undefined index: goodId /opt/htdocs/api_tp/api_tp/Application/Home/Model/Order.class.php 第 44 行.

[ 2017-03-28T19:02:00+08:00 ] 172.17.0.1 /api_tp/api_tp/index.php/Home/PageIndex/Index?method=create_order
INFO: [ app_init ] --START--
INFO: Run Behavior\BuildLiteBehavior [ RunTime:0.000013s ]
INFO: [ app_init ] --END-- [ RunTime:0.000082s ]
INFO: [ app_begin ] --START--
INFO: Run Behavior\ReadHtmlCacheBehavior [ RunTime:0.000190s ]
INFO: [ app_begin ] --END-- [ RunTime:0.000251s ]
NOTIC: [8] Undefined index: into /opt/htdocs/api_tp/api_tp/Application/Home/Controller/PageIndexController.class.php 第 48 行.
SQL: SHOW COLUMNS FROM `order` [ RunTime:0.0015s ]
SQL: SHOW COLUMNS FROM `order_item` [ RunTime:0.0007s ]
SQL: INSERT INTO `order` (`orderid`,`custid`,`ordertime`) VALUES ('170328190251133','5778041','2017-03-28 19:02:00') [ RunTime:0.1012s ]

[ 2017-03-28T19:02:51+08:00 ] 172.17.0.1 /api_tp/api_tp/index.php/Home/PageIndex/Index?method=create_order
INFO: [ app_init ] --START--
INFO: Run Behavior\BuildLiteBehavior [ RunTime:0.000015s ]
INFO: [ app_init ] --END-- [ RunTime:0.000079s ]
INFO: [ app_begin ] --START--
INFO: Run Behavior\ReadHtmlCacheBehavior [ RunTime:0.000206s ]
INFO: [ app_begin ] --END-- [ RunTime:0.000275s ]
NOTIC: [8] Undefined index: into /opt/htdocs/api_tp/api_tp/Application/Home/Controller/PageIndexController.class.php 第 48 行.
SQL: SHOW COLUMNS FROM `order` [ RunTime:0.0007s ]
SQL: SHOW COLUMNS FROM `order_item` [ RunTime:0.0007s ]
SQL: INSERT INTO `order` (`orderid`,`custid`,`ordertime`) VALUES ('170328190263732','5778041','2017-03-28 19:02:51') [ RunTime:0.1644s ]
NOTIC: [8] Undefined index: goodId /opt/htdocs/api_tp/api_tp/Application/Home/Model/Order.class.php 第 46 行.
NOTIC: [8] Undefined index: colorId /opt/htdocs/api_tp/api_tp/Application/Home/Model/Order.class.php 第 46 行.
NOTIC: [8] Undefined index: styleId /opt/htdocs/api_tp/api_tp/Application/Home/Model/Order.class.php 第 46 行.
NOTIC: [8] Undefined index: num /opt/htdocs/api_tp/api_tp/Application/Home/Model/Order.class.php 第 46 行.
ERR: 1048:Column 'goodid' cannot be null
 [ SQL语句 ] : INSERT INTO `order_item` (`orderid`,`goodid`,`colorid`,`styleid`,`num`) VALUES ('170328190263732',NULL,NULL,NULL,NULL)
ERR: 1048:Column 'goodid' cannot be null
 [ SQL语句 ] : INSERT INTO `order_item` (`orderid`,`goodid`,`colorid`,`styleid`,`num`) VALUES ('170328190263732',NULL,NULL,NULL,NULL)

[ 2017-03-28T19:03:02+08:00 ] 172.17.0.1 /api_tp/api_tp/index.php/Home/PageIndex/Index?method=create_order
INFO: [ app_init ] --START--
INFO: Run Behavior\BuildLiteBehavior [ RunTime:0.000014s ]
INFO: [ app_init ] --END-- [ RunTime:0.000077s ]
INFO: [ app_begin ] --START--
INFO: Run Behavior\ReadHtmlCacheBehavior [ RunTime:0.000202s ]
INFO: [ app_begin ] --END-- [ RunTime:0.000268s ]
NOTIC: [8] Undefined index: into /opt/htdocs/api_tp/api_tp/Application/Home/Controller/PageIndexController.class.php 第 48 行.
SQL: SHOW COLUMNS FROM `order` [ RunTime:0.0007s ]
SQL: SHOW COLUMNS FROM `order_item` [ RunTime:0.0006s ]
SQL: INSERT INTO `order` (`orderid`,`custid`,`ordertime`) VALUES ('170328190337377','5778041','2017-03-28 19:03:01') [ RunTime:0.1258s ]

[ 2017-03-28T19:03:07+08:00 ] 172.17.0.1 /api_tp/api_tp/index.php/Home/PageIndex/Index?method=create_order
INFO: [ app_init ] --START--
INFO: Run Behavior\BuildLiteBehavior [ RunTime:0.000014s ]
INFO: [ app_init ] --END-- [ RunTime:0.000076s ]
INFO: [ app_begin ] --START--
INFO: Run Behavior\ReadHtmlCacheBehavior [ RunTime:0.000199s ]
INFO: [ app_begin ] --END-- [ RunTime:0.000266s ]
NOTIC: [8] Undefined index: into /opt/htdocs/api_tp/api_tp/Application/Home/Controller/PageIndexController.class.php 第 48 行.
SQL: SHOW COLUMNS FROM `order` [ RunTime:0.0007s ]
SQL: SHOW COLUMNS FROM `order_item` [ RunTime:0.0007s ]
SQL: INSERT INTO `order` (`orderid`,`custid`,`ordertime`) VALUES ('170328190379145','5778041','2017-03-28 19:03:07') [ RunTime:0.1321s ]

[ 2017-03-28T19:03:26+08:00 ] 172.17.0.1 /api_tp/api_tp/index.php/Home/PageIndex/Index?method=create_order
INFO: [ app_init ] --START--
INFO: Run Behavior\BuildLiteBehavior [ RunTime:0.000019s ]
INFO: [ app_init ] --END-- [ RunTime:0.000095s ]
INFO: [ app_begin ] --START--
INFO: Run Behavior\ReadHtmlCacheBehavior [ RunTime:0.000191s ]
INFO: [ app_begin ] --END-- [ RunTime:0.000265s ]
NOTIC: [8] Undefined index: into /opt/htdocs/api_tp/api_tp/Application/Home/Controller/PageIndexController.class.php 第 48 行.
SQL: SHOW COLUMNS FROM `order` [ RunTime:0.0010s ]
SQL: SHOW COLUMNS FROM `order_item` [ RunTime:0.0007s ]
SQL: INSERT INTO `order` (`orderid`,`custid`,`ordertime`) VALUES ('170328190307411','5778041','2017-03-28 19:03:26') [ RunTime:0.1130s ]
SQL: INSERT INTO `order_item` (`orderid`,`goodid`,`colorid`,`styleid`,`num`) VALUES ('170328190307411','109376','0','0','1') [ RunTime:0.0773s ]
SQL: INSERT INTO `order_item` (`orderid`,`goodid`,`colorid`,`styleid`,`num`) VALUES ('170328190307411','109376','1','0','1') [ RunTime:0.0773s ]
INFO: [ app_end ] --START--
INFO: Run Behavior\ShowPageTraceBehavior [ RunTime:0.000300s ]
INFO: [ app_end ] --END-- [ RunTime:0.000373s ]

[ 2017-03-28T19:04:05+08:00 ] 172.17.0.1 /api_tp/api_tp/index.php/Home/PageIndex/Index?method=create_order
INFO: [ app_init ] --START--
INFO: Run Behavior\BuildLiteBehavior [ RunTime:0.000016s ]
INFO: [ app_init ] --END-- [ RunTime:0.000091s ]
INFO: [ app_begin ] --START--
INFO: Run Behavior\ReadHtmlCacheBehavior [ RunTime:0.000202s ]
INFO: [ app_begin ] --END-- [ RunTime:0.000268s ]
NOTIC: [8] Undefined index: into /opt/htdocs/api_tp/api_tp/Application/Home/Controller/PageIndexController.class.php 第 48 行.
SQL: SHOW COLUMNS FROM `order` [ RunTime:0.0007s ]
SQL: SHOW COLUMNS FROM `order_item` [ RunTime:0.0007s ]
SQL: INSERT INTO `order` (`orderid`,`custid`,`ordertime`) VALUES ('170328190423877','5778041','2017-03-28 19:04:05') [ RunTime:0.0003s ]
SQL: INSERT INTO `order_item` (`orderid`,`goodid`,`colorid`,`styleid`,`num`) VALUES ('170328190423877','109376','0','0','1') [ RunTime:0.0003s ]
SQL: INSERT INTO `order_item` (`orderid`,`goodid`,`colorid`,`styleid`,`num`) VALUES ('170328190423877','109376','1','0','1') [ RunTime:0.0003s ]
INFO: [ app_end ] --START--
INFO: Run Behavior\ShowPageTraceBehavior [ RunTime:0.000367s ]
INFO: [ app_end ] --END-- [ RunTime:0.000488s ]

