[ 2017-03-27T15:22:13+08:00 ] 172.17.0.1 /api_tp/api_tp/index.php/Home/PageIndex/Index?into=OMS&method=goodsRestApi.goods.goodsInfo
INFO: [ app_init ] --START--
INFO: Run Behavior\BuildLiteBehavior [ RunTime:0.000030s ]
INFO: [ app_init ] --END-- [ RunTime:0.000145s ]
INFO: [ app_begin ] --START--
INFO: Run Behavior\ReadHtmlCacheBehavior [ RunTime:0.000200s ]
INFO: [ app_begin ] --END-- [ RunTime:0.000265s ]
NOTIC: [8] Undefined index: oms_hostBn /opt/htdocs/api_tp/api_tp/Application/Home/Controller/PageIndexController.class.php 第 384 行.
INFO: [ app_end ] --START--
INFO: Run Behavior\ShowPageTraceBehavior [ RunTime:0.000295s ]
INFO: [ app_end ] --END-- [ RunTime:0.000399s ]

[ 2017-03-27T16:51:29+08:00 ] 172.17.0.1 /api_tp/api_tp/index.php/Home/PageIndex/Index?method=add_cart
INFO: [ app_init ] --START--
INFO: Run Behavior\BuildLiteBehavior [ RunTime:0.000024s ]
INFO: [ app_init ] --END-- [ RunTime:0.000138s ]
INFO: [ app_begin ] --START--
INFO: Run Behavior\ReadHtmlCacheBehavior [ RunTime:0.000236s ]
INFO: [ app_begin ] --END-- [ RunTime:0.000312s ]
NOTIC: [8] Undefined index: into /opt/htdocs/api_tp/api_tp/Application/Home/Controller/PageIndexController.class.php 第 47 行.
SQL: SHOW COLUMNS FROM `cart` [ RunTime:0.0082s ]
SQL: SELECT * FROM `cart` WHERE `custId` = 5778041 AND `goodId` = '109376' AND `colorId` = 1 AND `styleId` = 0 AND `status` = 0  [ RunTime:0.0017s ]
SQL: INSERT INTO `cart` (`custId`,`goodId`,`colorId`,`styleId`,`num`,`status`,`name`,`price`,`image`) VALUES ('5778041','109376','1','0','1','0','xxxxx','100','http://testec.ghs.net/public/images/60/a7/e1/340d538ce8e8ef25e628939afcb0d06c51f117c7.jpg') [ RunTime:0.0651s ]

[ 2017-03-27T16:53:34+08:00 ] 172.17.0.1 /api_tp/api_tp/index.php/Home/PageIndex/Index?method=add_cart
INFO: [ app_init ] --START--
INFO: Run Behavior\BuildLiteBehavior [ RunTime:0.000014s ]
INFO: [ app_init ] --END-- [ RunTime:0.000079s ]
INFO: [ app_begin ] --START--
INFO: Run Behavior\ReadHtmlCacheBehavior [ RunTime:0.000203s ]
INFO: [ app_begin ] --END-- [ RunTime:0.000267s ]
NOTIC: [8] Undefined index: into /opt/htdocs/api_tp/api_tp/Application/Home/Controller/PageIndexController.class.php 第 47 行.
SQL: SHOW COLUMNS FROM `cart` [ RunTime:0.0055s ]
SQL: SELECT * FROM `cart` WHERE `custId` = 5778041 AND `goodId` = '109376' AND `colorId` = 1 AND `styleId` = 0 AND `status` = 0  [ RunTime:0.0021s ]
SQL: update cart set num=num+1 where id=6 [ RunTime:0.0292s ]
INFO: [ app_end ] --START--
INFO: Run Behavior\ShowPageTraceBehavior [ RunTime:0.000301s ]
INFO: [ app_end ] --END-- [ RunTime:0.000374s ]

[ 2017-03-27T18:04:26+08:00 ] 172.17.0.1 /api_tp/api_tp/index.php/Home/PageIndex/Index?into=B2C&method=b2c.advertising2.homefocus&direct=true
INFO: [ app_init ] --START--
INFO: Run Behavior\BuildLiteBehavior [ RunTime:0.000027s ]
INFO: [ app_init ] --END-- [ RunTime:0.000152s ]
INFO: [ app_begin ] --START--
INFO: Run Behavior\ReadHtmlCacheBehavior [ RunTime:0.000255s ]
INFO: [ app_begin ] --END-- [ RunTime:0.000342s ]
INFO: [ app_end ] --START--
INFO: Run Behavior\ShowPageTraceBehavior [ RunTime:0.000321s ]
INFO: [ app_end ] --END-- [ RunTime:0.000423s ]

