[ 2017-04-08T09:14:38+08:00 ] 172.17.0.1 /api_tp/api_tp/index.php/Home/PageIndex/Index?into=OMS&method=customerRestApi.customer.getCrdtPpcDetail&oms_hostBn=customer
INFO: [ app_init ] --START--
INFO: Run Behavior\BuildLiteBehavior [ RunTime:0.000014s ]
INFO: [ app_init ] --END-- [ RunTime:0.000077s ]
INFO: [ app_begin ] --START--
INFO: Run Behavior\ReadHtmlCacheBehavior [ RunTime:0.000203s ]
INFO: [ app_begin ] --END-- [ RunTime:0.000271s ]
INFO: [ app_end ] --START--
INFO: Run Behavior\ShowPageTraceBehavior [ RunTime:0.000310s ]
INFO: [ app_end ] --END-- [ RunTime:0.000409s ]

[ 2017-04-08T09:19:51+08:00 ] 172.17.0.1 /api_tp/api_tp/index.php/Home/PageIndex/Index?into=OMS&method=customerRestApi.cash.select&oms_hostBn=customer
INFO: [ app_init ] --START--
INFO: Run Behavior\BuildLiteBehavior [ RunTime:0.000024s ]
INFO: [ app_init ] --END-- [ RunTime:0.000086s ]
INFO: [ app_begin ] --START--
INFO: Run Behavior\ReadHtmlCacheBehavior [ RunTime:0.000264s ]
INFO: [ app_begin ] --END-- [ RunTime:0.000357s ]
INFO: [ app_end ] --START--
INFO: Run Behavior\ShowPageTraceBehavior [ RunTime:0.000341s ]
INFO: [ app_end ] --END-- [ RunTime:0.000463s ]

[ 2017-04-08T10:55:22+08:00 ] 172.17.0.1 /api_tp/api_tp/index.php/Home/PageIndex/Index?into=OMS&method=customerRestApi.customer.listByCustId&oms_hostBn=customer
INFO: [ app_init ] --START--
INFO: Run Behavior\BuildLiteBehavior [ RunTime:0.000016s ]
INFO: [ app_init ] --END-- [ RunTime:0.000086s ]
INFO: [ app_begin ] --START--
INFO: Run Behavior\ReadHtmlCacheBehavior [ RunTime:0.000207s ]
INFO: [ app_begin ] --END-- [ RunTime:0.000276s ]
INFO: [ app_end ] --START--
INFO: Run Behavior\ShowPageTraceBehavior [ RunTime:0.000274s ]
INFO: [ app_end ] --END-- [ RunTime:0.000361s ]

[ 2017-04-08T14:53:07+08:00 ] 172.17.0.1 /api_tp/api_tp/index.php/Home/AlipayWapPay/test
INFO: [ app_init ] --START--
INFO: Run Behavior\BuildLiteBehavior [ RunTime:0.000014s ]
INFO: [ app_init ] --END-- [ RunTime:0.000078s ]
INFO: [ app_begin ] --START--
INFO: Run Behavior\ReadHtmlCacheBehavior [ RunTime:0.000202s ]
INFO: [ app_begin ] --END-- [ RunTime:0.000268s ]
NOTIC: [8] Use of undefined constant JSON_UNESCAPED_UNICODE - assumed 'JSON_UNESCAPED_UNICODE' /opt/htdocs/api_tp/api_tp/Application/Home/Model/AlipayWapPay/AlipayTradeWapPayContentBuilder.class.php 第 40 行.
NOTIC: [2] json_encode() expects parameter 2 to be long, string given /opt/htdocs/api_tp/api_tp/Application/Home/Model/AlipayWapPay/AlipayTradeWapPayContentBuilder.class.php 第 40 行.
NOTIC: [8] Use of undefined constant OPENSSL_ALGO_SHA256 - assumed 'OPENSSL_ALGO_SHA256' /opt/htdocs/api_tp/api_tp/ThinkPHP/Library/Vendor/AlipayWapPay/aop/AopClient.php 第 133 行.
NOTIC: [2] openssl_sign(): supplied key param cannot be coerced into a private key /opt/htdocs/api_tp/api_tp/ThinkPHP/Library/Vendor/AlipayWapPay/aop/AopClient.php 第 133 行.
INFO: [ app_end ] --START--
INFO: Run Behavior\ShowPageTraceBehavior [ RunTime:0.000208s ]
INFO: [ app_end ] --END-- [ RunTime:0.000272s ]

[ 2017-04-08T14:55:45+08:00 ] 172.17.0.1 /api_tp/api_tp/index.php/Home/AlipayWapPay/test
INFO: [ app_init ] --START--
INFO: Run Behavior\BuildLiteBehavior [ RunTime:0.000017s ]
INFO: [ app_init ] --END-- [ RunTime:0.000091s ]
INFO: [ app_begin ] --START--
INFO: Run Behavior\ReadHtmlCacheBehavior [ RunTime:0.000230s ]
INFO: [ app_begin ] --END-- [ RunTime:0.000307s ]
NOTIC: [8] Use of undefined constant JSON_UNESCAPED_UNICODE - assumed 'JSON_UNESCAPED_UNICODE' /opt/htdocs/api_tp/api_tp/Application/Home/Model/AlipayWapPay/AlipayTradeWapPayContentBuilder.class.php 第 40 行.
NOTIC: [2] json_encode() expects parameter 2 to be long, string given /opt/htdocs/api_tp/api_tp/Application/Home/Model/AlipayWapPay/AlipayTradeWapPayContentBuilder.class.php 第 40 行.
NOTIC: [8] Use of undefined constant OPENSSL_ALGO_SHA256 - assumed 'OPENSSL_ALGO_SHA256' /opt/htdocs/api_tp/api_tp/ThinkPHP/Library/Vendor/AlipayWapPay/aop/AopClient.php 第 133 行.
NOTIC: [2] openssl_sign(): supplied key param cannot be coerced into a private key /opt/htdocs/api_tp/api_tp/ThinkPHP/Library/Vendor/AlipayWapPay/aop/AopClient.php 第 133 行.
INFO: [ app_end ] --START--
INFO: Run Behavior\ShowPageTraceBehavior [ RunTime:0.000212s ]
INFO: [ app_end ] --END-- [ RunTime:0.000276s ]

[ 2017-04-08T14:57:51+08:00 ] 172.17.0.1 /api_tp/api_tp/index.php/Home/AlipayWapPay/test
INFO: [ app_init ] --START--
INFO: Run Behavior\BuildLiteBehavior [ RunTime:0.000014s ]
INFO: [ app_init ] --END-- [ RunTime:0.000080s ]
INFO: [ app_begin ] --START--
INFO: Run Behavior\ReadHtmlCacheBehavior [ RunTime:0.000240s ]
INFO: [ app_begin ] --END-- [ RunTime:0.000328s ]
NOTIC: [8] Use of undefined constant JSON_UNESCAPED_UNICODE - assumed 'JSON_UNESCAPED_UNICODE' /opt/htdocs/api_tp/api_tp/Application/Home/Model/AlipayWapPay/AlipayTradeWapPayContentBuilder.class.php 第 40 行.
NOTIC: [2] json_encode() expects parameter 2 to be long, string given /opt/htdocs/api_tp/api_tp/Application/Home/Model/AlipayWapPay/AlipayTradeWapPayContentBuilder.class.php 第 40 行.
NOTIC: [8] Use of undefined constant OPENSSL_ALGO_SHA256 - assumed 'OPENSSL_ALGO_SHA256' /opt/htdocs/api_tp/api_tp/ThinkPHP/Library/Vendor/AlipayWapPay/aop/AopClient.php 第 133 行.
NOTIC: [2] openssl_sign(): supplied key param cannot be coerced into a private key /opt/htdocs/api_tp/api_tp/ThinkPHP/Library/Vendor/AlipayWapPay/aop/AopClient.php 第 133 行.
INFO: [ app_end ] --START--
INFO: Run Behavior\ShowPageTraceBehavior [ RunTime:0.000267s ]
INFO: [ app_end ] --END-- [ RunTime:0.000363s ]

[ 2017-04-08T15:02:14+08:00 ] 172.17.0.1 /api_tp/api_tp/index.php/Home/AlipayWapPay/test
INFO: [ app_init ] --START--
INFO: Run Behavior\BuildLiteBehavior [ RunTime:0.000026s ]
INFO: [ app_init ] --END-- [ RunTime:0.000135s ]
INFO: [ app_begin ] --START--
INFO: Run Behavior\ReadHtmlCacheBehavior [ RunTime:0.000331s ]
INFO: [ app_begin ] --END-- [ RunTime:0.000441s ]
NOTIC: [8] Use of undefined constant JSON_UNESCAPED_UNICODE - assumed 'JSON_UNESCAPED_UNICODE' /opt/htdocs/api_tp/api_tp/Application/Home/Model/AlipayWapPay/AlipayTradeWapPayContentBuilder.class.php 第 40 行.
NOTIC: [2] json_encode() expects parameter 2 to be long, string given /opt/htdocs/api_tp/api_tp/Application/Home/Model/AlipayWapPay/AlipayTradeWapPayContentBuilder.class.php 第 40 行.
NOTIC: [8] Use of undefined constant OPENSSL_ALGO_SHA256 - assumed 'OPENSSL_ALGO_SHA256' /opt/htdocs/api_tp/api_tp/ThinkPHP/Library/Vendor/AlipayWapPay/aop/AopClient.php 第 133 行.
NOTIC: [2] openssl_sign(): supplied key param cannot be coerced into a private key /opt/htdocs/api_tp/api_tp/ThinkPHP/Library/Vendor/AlipayWapPay/aop/AopClient.php 第 133 行.
INFO: [ app_end ] --START--
INFO: Run Behavior\ShowPageTraceBehavior [ RunTime:0.000260s ]
INFO: [ app_end ] --END-- [ RunTime:0.000331s ]

[ 2017-04-08T16:19:38+08:00 ] 172.17.0.1 /api_tp/api_tp/index.php/Home/AlipayWapPayDirect/pay
INFO: [ app_init ] --START--
INFO: Run Behavior\BuildLiteBehavior [ RunTime:0.000016s ]
INFO: [ app_init ] --END-- [ RunTime:0.000079s ]
INFO: [ app_begin ] --START--
INFO: Run Behavior\ReadHtmlCacheBehavior [ RunTime:0.000203s ]
INFO: [ app_begin ] --END-- [ RunTime:0.000271s ]
NOTIC: [8] Undefined index: WIDtotal_fee /opt/htdocs/api_tp/api_tp/Application/Home/Controller/AlipayWapPayDirectController.class.php 第 26 行.
NOTIC: [8] Undefined index: WIDshow_url /opt/htdocs/api_tp/api_tp/Application/Home/Controller/AlipayWapPayDirectController.class.php 第 29 行.

[ 2017-04-08T16:20:47+08:00 ] 172.17.0.1 /api_tp/api_tp/index.php/Home/AlipayWapPayDirect/pay
INFO: [ app_init ] --START--
INFO: Run Behavior\BuildLiteBehavior [ RunTime:0.000018s ]
INFO: [ app_init ] --END-- [ RunTime:0.000102s ]
INFO: [ app_begin ] --START--
INFO: Run Behavior\ReadHtmlCacheBehavior [ RunTime:0.000457s ]
INFO: [ app_begin ] --END-- [ RunTime:0.000559s ]
NOTIC: [8] Undefined index: WIDtotal_fee /opt/htdocs/api_tp/api_tp/Application/Home/Controller/AlipayWapPayDirectController.class.php 第 26 行.
NOTIC: [8] Undefined index: WIDshow_url /opt/htdocs/api_tp/api_tp/Application/Home/Controller/AlipayWapPayDirectController.class.php 第 29 行.

[ 2017-04-08T16:22:10+08:00 ] 172.17.0.1 /api_tp/api_tp/index.php/Home/AlipayWapPayDirect/pay
INFO: [ app_init ] --START--
INFO: Run Behavior\BuildLiteBehavior [ RunTime:0.000022s ]
INFO: [ app_init ] --END-- [ RunTime:0.000120s ]
INFO: [ app_begin ] --START--
INFO: Run Behavior\ReadHtmlCacheBehavior [ RunTime:0.000327s ]
INFO: [ app_begin ] --END-- [ RunTime:0.000437s ]
NOTIC: [8] Undefined index: WIDtotal_fee /opt/htdocs/api_tp/api_tp/Application/Home/Controller/AlipayWapPayDirectController.class.php 第 26 行.
NOTIC: [8] Undefined index: WIDshow_url /opt/htdocs/api_tp/api_tp/Application/Home/Controller/AlipayWapPayDirectController.class.php 第 29 行.

[ 2017-04-08T16:22:41+08:00 ] 172.17.0.1 /api_tp/api_tp/index.php/Home/AlipayWapPayDirect/pay
INFO: [ app_init ] --START--
INFO: Run Behavior\BuildLiteBehavior [ RunTime:0.000015s ]
INFO: [ app_init ] --END-- [ RunTime:0.000106s ]
INFO: [ app_begin ] --START--
INFO: Run Behavior\ReadHtmlCacheBehavior [ RunTime:0.000231s ]
INFO: [ app_begin ] --END-- [ RunTime:0.000321s ]
NOTIC: [8] Undefined index: WIDtotal_fee /opt/htdocs/api_tp/api_tp/Application/Home/Controller/AlipayWapPayDirectController.class.php 第 26 行.
NOTIC: [8] Undefined index: WIDshow_url /opt/htdocs/api_tp/api_tp/Application/Home/Controller/AlipayWapPayDirectController.class.php 第 29 行.

[ 2017-04-08T16:22:59+08:00 ] 172.17.0.1 /api_tp/api_tp/index.php/Home/AlipayWapPayDirect/pay
INFO: [ app_init ] --START--
INFO: Run Behavior\BuildLiteBehavior [ RunTime:0.000016s ]
INFO: [ app_init ] --END-- [ RunTime:0.000082s ]
INFO: [ app_begin ] --START--
INFO: Run Behavior\ReadHtmlCacheBehavior [ RunTime:0.000208s ]
INFO: [ app_begin ] --END-- [ RunTime:0.000278s ]
NOTIC: [8] Undefined index: WIDtotal_fee /opt/htdocs/api_tp/api_tp/Application/Home/Controller/AlipayWapPayDirectController.class.php 第 26 行.
NOTIC: [8] Undefined index: WIDshow_url /opt/htdocs/api_tp/api_tp/Application/Home/Controller/AlipayWapPayDirectController.class.php 第 29 行.

[ 2017-04-08T16:39:09+08:00 ] 172.17.0.1 /api_tp/api_tp/index.php/Home/AlipayWapPayDirect/pay
INFO: [ app_init ] --START--
INFO: Run Behavior\BuildLiteBehavior [ RunTime:0.000017s ]
INFO: [ app_init ] --END-- [ RunTime:0.000086s ]
INFO: [ app_begin ] --START--
INFO: Run Behavior\ReadHtmlCacheBehavior [ RunTime:0.000275s ]
INFO: [ app_begin ] --END-- [ RunTime:0.000368s ]
NOTIC: [8] Undefined index: WIDtotal_fee /opt/htdocs/api_tp/api_tp/Application/Home/Controller/AlipayWapPayDirectController.class.php 第 26 行.
NOTIC: [8] Undefined index: WIDshow_url /opt/htdocs/api_tp/api_tp/Application/Home/Controller/AlipayWapPayDirectController.class.php 第 29 行.

[ 2017-04-08T16:40:26+08:00 ] 172.17.0.1 /api_tp/api_tp/index.php/Home/AlipayWapPayDirect/pay
INFO: [ app_init ] --START--
INFO: Run Behavior\BuildLiteBehavior [ RunTime:0.000044s ]
INFO: [ app_init ] --END-- [ RunTime:0.000179s ]
INFO: [ app_begin ] --START--
INFO: Run Behavior\ReadHtmlCacheBehavior [ RunTime:0.000243s ]
INFO: [ app_begin ] --END-- [ RunTime:0.000326s ]
NOTIC: [8] Undefined index: WIDtotal_fee /opt/htdocs/api_tp/api_tp/Application/Home/Controller/AlipayWapPayDirectController.class.php 第 27 行.
NOTIC: [8] Undefined index: WIDshow_url /opt/htdocs/api_tp/api_tp/Application/Home/Controller/AlipayWapPayDirectController.class.php 第 30 行.

[ 2017-04-08T16:41:16+08:00 ] 172.17.0.1 /api_tp/api_tp/index.php/Home/AlipayWapPayDirect/pay
INFO: [ app_init ] --START--
INFO: Run Behavior\BuildLiteBehavior [ RunTime:0.000015s ]
INFO: [ app_init ] --END-- [ RunTime:0.000085s ]
INFO: [ app_begin ] --START--
INFO: Run Behavior\ReadHtmlCacheBehavior [ RunTime:0.000232s ]
INFO: [ app_begin ] --END-- [ RunTime:0.000306s ]
NOTIC: [8] Undefined index: WIDtotal_fee /opt/htdocs/api_tp/api_tp/Application/Home/Controller/AlipayWapPayDirectController.class.php 第 26 行.
NOTIC: [8] Undefined index: WIDshow_url /opt/htdocs/api_tp/api_tp/Application/Home/Controller/AlipayWapPayDirectController.class.php 第 29 行.

[ 2017-04-08T16:41:47+08:00 ] 172.17.0.1 /api_tp/api_tp/index.php/Home/AlipayWapPayDirect/pay
INFO: [ app_init ] --START--
INFO: Run Behavior\BuildLiteBehavior [ RunTime:0.000014s ]
INFO: [ app_init ] --END-- [ RunTime:0.000074s ]
INFO: [ app_begin ] --START--
INFO: Run Behavior\ReadHtmlCacheBehavior [ RunTime:0.000204s ]
INFO: [ app_begin ] --END-- [ RunTime:0.000271s ]
NOTIC: [8] Undefined index: WIDtotal_fee /opt/htdocs/api_tp/api_tp/Application/Home/Controller/AlipayWapPayDirectController.class.php 第 26 行.
NOTIC: [8] Undefined index: WIDshow_url /opt/htdocs/api_tp/api_tp/Application/Home/Controller/AlipayWapPayDirectController.class.php 第 29 行.

[ 2017-04-08T16:42:05+08:00 ] 172.17.0.1 /api_tp/api_tp/index.php/Home/AlipayWapPayDirect/pay
INFO: [ app_init ] --START--
INFO: Run Behavior\BuildLiteBehavior [ RunTime:0.000032s ]
INFO: [ app_init ] --END-- [ RunTime:0.000171s ]
INFO: [ app_begin ] --START--
INFO: Run Behavior\ReadHtmlCacheBehavior [ RunTime:0.000286s ]
INFO: [ app_begin ] --END-- [ RunTime:0.000365s ]
NOTIC: [8] Undefined index: WIDtotal_fee /opt/htdocs/api_tp/api_tp/Application/Home/Controller/AlipayWapPayDirectController.class.php 第 26 行.
NOTIC: [8] Undefined index: WIDshow_url /opt/htdocs/api_tp/api_tp/Application/Home/Controller/AlipayWapPayDirectController.class.php 第 29 行.

[ 2017-04-08T16:43:52+08:00 ] 172.17.0.1 /api_tp/api_tp/index.php/Home/AlipayWapPayDirect/pay
INFO: [ app_init ] --START--
INFO: Run Behavior\BuildLiteBehavior [ RunTime:0.000015s ]
INFO: [ app_init ] --END-- [ RunTime:0.000084s ]
INFO: [ app_begin ] --START--
INFO: Run Behavior\ReadHtmlCacheBehavior [ RunTime:0.000233s ]
INFO: [ app_begin ] --END-- [ RunTime:0.000316s ]
NOTIC: [8] Undefined index: WIDtotal_fee /opt/htdocs/api_tp/api_tp/Application/Home/Controller/AlipayWapPayDirectController.class.php 第 26 行.
NOTIC: [8] Undefined index: WIDshow_url /opt/htdocs/api_tp/api_tp/Application/Home/Controller/AlipayWapPayDirectController.class.php 第 29 行.

[ 2017-04-08T16:44:14+08:00 ] 172.17.0.1 /api_tp/api_tp/index.php/Home/AlipayWapPayDirect/pay
INFO: [ app_init ] --START--
INFO: Run Behavior\BuildLiteBehavior [ RunTime:0.000019s ]
INFO: [ app_init ] --END-- [ RunTime:0.000108s ]
INFO: [ app_begin ] --START--
INFO: Run Behavior\ReadHtmlCacheBehavior [ RunTime:0.000316s ]
INFO: [ app_begin ] --END-- [ RunTime:0.000426s ]
NOTIC: [8] Undefined index: WIDtotal_fee /opt/htdocs/api_tp/api_tp/Application/Home/Controller/AlipayWapPayDirectController.class.php 第 26 行.
NOTIC: [8] Undefined index: WIDshow_url /opt/htdocs/api_tp/api_tp/Application/Home/Controller/AlipayWapPayDirectController.class.php 第 29 行.

[ 2017-04-08T16:45:21+08:00 ] 172.17.0.1 /api_tp/api_tp/index.php/Home/AlipayWapPayDirect/pay
INFO: [ app_init ] --START--
INFO: Run Behavior\BuildLiteBehavior [ RunTime:0.000019s ]
INFO: [ app_init ] --END-- [ RunTime:0.000100s ]
INFO: [ app_begin ] --START--
INFO: Run Behavior\ReadHtmlCacheBehavior [ RunTime:0.000216s ]
INFO: [ app_begin ] --END-- [ RunTime:0.000309s ]
NOTIC: [8] Undefined index: WIDtotal_fee /opt/htdocs/api_tp/api_tp/Application/Home/Controller/AlipayWapPayDirectController.class.php 第 24 行.
NOTIC: [8] Undefined index: WIDshow_url /opt/htdocs/api_tp/api_tp/Application/Home/Controller/AlipayWapPayDirectController.class.php 第 27 行.

[ 2017-04-08T16:46:02+08:00 ] 172.17.0.1 /api_tp/api_tp/index.php/Home/AlipayWapPayDirect/pay
INFO: [ app_init ] --START--
INFO: Run Behavior\BuildLiteBehavior [ RunTime:0.000017s ]
INFO: [ app_init ] --END-- [ RunTime:0.000098s ]
INFO: [ app_begin ] --START--
INFO: Run Behavior\ReadHtmlCacheBehavior [ RunTime:0.000239s ]
INFO: [ app_begin ] --END-- [ RunTime:0.000337s ]
NOTIC: [8] Undefined index: WIDtotal_fee /opt/htdocs/api_tp/api_tp/Application/Home/Controller/AlipayWapPayDirectController.class.php 第 29 行.
NOTIC: [8] Undefined index: WIDshow_url /opt/htdocs/api_tp/api_tp/Application/Home/Controller/AlipayWapPayDirectController.class.php 第 32 行.

[ 2017-04-08T16:48:26+08:00 ] 172.17.0.1 /api_tp/api_tp/index.php/Home/AlipayWapPayDirect/pay
INFO: [ app_init ] --START--
INFO: Run Behavior\BuildLiteBehavior [ RunTime:0.000033s ]
INFO: [ app_init ] --END-- [ RunTime:0.000184s ]
INFO: [ app_begin ] --START--
INFO: Run Behavior\ReadHtmlCacheBehavior [ RunTime:0.000285s ]
INFO: [ app_begin ] --END-- [ RunTime:0.000388s ]
NOTIC: [8] Undefined index: WIDtotal_fee /opt/htdocs/api_tp/api_tp/Application/Home/Controller/AlipayWapPayDirectController.class.php 第 29 行.
NOTIC: [8] Undefined index: WIDshow_url /opt/htdocs/api_tp/api_tp/Application/Home/Controller/AlipayWapPayDirectController.class.php 第 32 行.

[ 2017-04-08T16:48:42+08:00 ] 172.17.0.1 /api_tp/api_tp/index.php/Home/AlipayWapPayDirect/pay
INFO: [ app_init ] --START--
INFO: Run Behavior\BuildLiteBehavior [ RunTime:0.000013s ]
INFO: [ app_init ] --END-- [ RunTime:0.000072s ]
INFO: [ app_begin ] --START--
INFO: Run Behavior\ReadHtmlCacheBehavior [ RunTime:0.000186s ]
INFO: [ app_begin ] --END-- [ RunTime:0.000248s ]
NOTIC: [8] Undefined index: WIDtotal_fee /opt/htdocs/api_tp/api_tp/Application/Home/Controller/AlipayWapPayDirectController.class.php 第 29 行.
NOTIC: [8] Undefined index: WIDshow_url /opt/htdocs/api_tp/api_tp/Application/Home/Controller/AlipayWapPayDirectController.class.php 第 32 行.

[ 2017-04-08T16:50:13+08:00 ] 172.17.0.1 /api_tp/api_tp/index.php/Home/AlipayWapPayDirect/pay
INFO: [ app_init ] --START--
INFO: Run Behavior\BuildLiteBehavior [ RunTime:0.000014s ]
INFO: [ app_init ] --END-- [ RunTime:0.000077s ]
INFO: [ app_begin ] --START--
INFO: Run Behavior\ReadHtmlCacheBehavior [ RunTime:0.000216s ]
INFO: [ app_begin ] --END-- [ RunTime:0.000284s ]
NOTIC: [8] Undefined index: WIDtotal_fee /opt/htdocs/api_tp/api_tp/Application/Home/Controller/AlipayWapPayDirectController.class.php 第 29 行.
NOTIC: [8] Undefined index: WIDshow_url /opt/htdocs/api_tp/api_tp/Application/Home/Controller/AlipayWapPayDirectController.class.php 第 32 行.

[ 2017-04-08T16:52:17+08:00 ] 172.17.0.1 /api_tp/api_tp/index.php/Home/AlipayWapPayDirect/pay
INFO: [ app_init ] --START--
INFO: Run Behavior\BuildLiteBehavior [ RunTime:0.000013s ]
INFO: [ app_init ] --END-- [ RunTime:0.000075s ]
INFO: [ app_begin ] --START--
INFO: Run Behavior\ReadHtmlCacheBehavior [ RunTime:0.000207s ]
INFO: [ app_begin ] --END-- [ RunTime:0.000273s ]
NOTIC: [8] Undefined index: WIDtotal_fee /opt/htdocs/api_tp/api_tp/Application/Home/Controller/AlipayWapPayDirectController.class.php 第 29 行.
NOTIC: [8] Undefined index: WIDshow_url /opt/htdocs/api_tp/api_tp/Application/Home/Controller/AlipayWapPayDirectController.class.php 第 32 行.

[ 2017-04-08T16:52:20+08:00 ] 172.17.0.1 /api_tp/api_tp/index.php/Home/AlipayWapPayDirect/pay
INFO: [ app_init ] --START--
INFO: Run Behavior\BuildLiteBehavior [ RunTime:0.000017s ]
INFO: [ app_init ] --END-- [ RunTime:0.000085s ]
INFO: [ app_begin ] --START--
INFO: Run Behavior\ReadHtmlCacheBehavior [ RunTime:0.000272s ]
INFO: [ app_begin ] --END-- [ RunTime:0.000363s ]
NOTIC: [8] Undefined index: WIDtotal_fee /opt/htdocs/api_tp/api_tp/Application/Home/Controller/AlipayWapPayDirectController.class.php 第 29 行.
NOTIC: [8] Undefined index: WIDshow_url /opt/htdocs/api_tp/api_tp/Application/Home/Controller/AlipayWapPayDirectController.class.php 第 32 行.

[ 2017-04-08T16:52:46+08:00 ] 172.17.0.1 /api_tp/api_tp/index.php/Home/AlipayWapPayDirect/pay
INFO: [ app_init ] --START--
INFO: Run Behavior\BuildLiteBehavior [ RunTime:0.000028s ]
INFO: [ app_init ] --END-- [ RunTime:0.000168s ]
INFO: [ app_begin ] --START--
INFO: Run Behavior\ReadHtmlCacheBehavior [ RunTime:0.000471s ]
INFO: [ app_begin ] --END-- [ RunTime:0.000630s ]
NOTIC: [8] Undefined index: WIDtotal_fee /opt/htdocs/api_tp/api_tp/Application/Home/Controller/AlipayWapPayDirectController.class.php 第 31 行.
NOTIC: [8] Undefined index: WIDshow_url /opt/htdocs/api_tp/api_tp/Application/Home/Controller/AlipayWapPayDirectController.class.php 第 34 行.

[ 2017-04-08T16:53:20+08:00 ] 172.17.0.1 /api_tp/api_tp/index.php/Home/AlipayWapPayDirect/pay
INFO: [ app_init ] --START--
INFO: Run Behavior\BuildLiteBehavior [ RunTime:0.000016s ]
INFO: [ app_init ] --END-- [ RunTime:0.000087s ]
INFO: [ app_begin ] --START--
INFO: Run Behavior\ReadHtmlCacheBehavior [ RunTime:0.000212s ]
INFO: [ app_begin ] --END-- [ RunTime:0.000280s ]
NOTIC: [8] Undefined index: WIDtotal_fee /opt/htdocs/api_tp/api_tp/Application/Home/Controller/AlipayWapPayDirectController.class.php 第 31 行.
NOTIC: [8] Undefined index: WIDshow_url /opt/htdocs/api_tp/api_tp/Application/Home/Controller/AlipayWapPayDirectController.class.php 第 34 行.

[ 2017-04-08T16:53:31+08:00 ] 172.17.0.1 /api_tp/api_tp/index.php/Home/AlipayWapPayDirect/pay
INFO: [ app_init ] --START--
INFO: Run Behavior\BuildLiteBehavior [ RunTime:0.000021s ]
INFO: [ app_init ] --END-- [ RunTime:0.000119s ]
INFO: [ app_begin ] --START--
INFO: Run Behavior\ReadHtmlCacheBehavior [ RunTime:0.000305s ]
INFO: [ app_begin ] --END-- [ RunTime:0.000407s ]
NOTIC: [8] Undefined index: WIDtotal_fee /opt/htdocs/api_tp/api_tp/Application/Home/Controller/AlipayWapPayDirectController.class.php 第 31 行.
NOTIC: [8] Undefined index: WIDshow_url /opt/htdocs/api_tp/api_tp/Application/Home/Controller/AlipayWapPayDirectController.class.php 第 34 行.

[ 2017-04-08T16:53:53+08:00 ] 172.17.0.1 /api_tp/api_tp/index.php/Home/AlipayWapPayDirect/pay
INFO: [ app_init ] --START--
INFO: Run Behavior\BuildLiteBehavior [ RunTime:0.000023s ]
INFO: [ app_init ] --END-- [ RunTime:0.000143s ]
INFO: [ app_begin ] --START--
INFO: Run Behavior\ReadHtmlCacheBehavior [ RunTime:0.000325s ]
INFO: [ app_begin ] --END-- [ RunTime:0.000448s ]
NOTIC: [8] Undefined index: WIDtotal_fee /opt/htdocs/api_tp/api_tp/Application/Home/Controller/AlipayWapPayDirectController.class.php 第 30 行.
NOTIC: [8] Undefined index: WIDshow_url /opt/htdocs/api_tp/api_tp/Application/Home/Controller/AlipayWapPayDirectController.class.php 第 33 行.

[ 2017-04-08T16:55:44+08:00 ] 172.17.0.1 /api_tp/api_tp/index.php/Home/AlipayWapPayDirect/pay
INFO: [ app_init ] --START--
INFO: Run Behavior\BuildLiteBehavior [ RunTime:0.000016s ]
INFO: [ app_init ] --END-- [ RunTime:0.000086s ]
INFO: [ app_begin ] --START--
INFO: Run Behavior\ReadHtmlCacheBehavior [ RunTime:0.000238s ]
INFO: [ app_begin ] --END-- [ RunTime:0.000317s ]
NOTIC: [8] Undefined index: WIDtotal_fee /opt/htdocs/api_tp/api_tp/Application/Home/Controller/AlipayWapPayDirectController.class.php 第 30 行.
NOTIC: [8] Undefined index: WIDshow_url /opt/htdocs/api_tp/api_tp/Application/Home/Controller/AlipayWapPayDirectController.class.php 第 33 行.

[ 2017-04-08T16:56:12+08:00 ] 172.17.0.1 /api_tp/api_tp/index.php/Home/AlipayWapPayDirect/pay
INFO: [ app_init ] --START--
INFO: Run Behavior\BuildLiteBehavior [ RunTime:0.000025s ]
INFO: [ app_init ] --END-- [ RunTime:0.000130s ]
INFO: [ app_begin ] --START--
INFO: Run Behavior\ReadHtmlCacheBehavior [ RunTime:0.000308s ]
INFO: [ app_begin ] --END-- [ RunTime:0.000415s ]
NOTIC: [8] Undefined index: WIDtotal_fee /opt/htdocs/api_tp/api_tp/Application/Home/Controller/AlipayWapPayDirectController.class.php 第 30 行.
NOTIC: [8] Undefined index: WIDshow_url /opt/htdocs/api_tp/api_tp/Application/Home/Controller/AlipayWapPayDirectController.class.php 第 33 行.
INFO: [ app_end ] --START--
INFO: Run Behavior\ShowPageTraceBehavior [ RunTime:0.000416s ]
INFO: [ app_end ] --END-- [ RunTime:0.000548s ]

[ 2017-04-08T16:57:22+08:00 ] 172.17.0.1 /api_tp/api_tp/index.php/Home/AlipayWapPayDirect/pay
INFO: [ app_init ] --START--
INFO: Run Behavior\BuildLiteBehavior [ RunTime:0.000034s ]
INFO: [ app_init ] --END-- [ RunTime:0.000158s ]
INFO: [ app_begin ] --START--
INFO: Run Behavior\ReadHtmlCacheBehavior [ RunTime:0.000321s ]
INFO: [ app_begin ] --END-- [ RunTime:0.000433s ]
NOTIC: [8] Undefined index: WIDtotal_fee /opt/htdocs/api_tp/api_tp/Application/Home/Controller/AlipayWapPayDirectController.class.php 第 30 行.
NOTIC: [8] Undefined index: WIDshow_url /opt/htdocs/api_tp/api_tp/Application/Home/Controller/AlipayWapPayDirectController.class.php 第 33 行.
INFO: [ app_end ] --START--
INFO: Run Behavior\ShowPageTraceBehavior [ RunTime:0.000689s ]
INFO: [ app_end ] --END-- [ RunTime:0.000891s ]

[ 2017-04-08T17:04:30+08:00 ] 172.17.0.1 /api_tp/api_tp/index.php/Home/AlipayWapPayDirect/pay
INFO: [ app_init ] --START--
INFO: Run Behavior\BuildLiteBehavior [ RunTime:0.000022s ]
INFO: [ app_init ] --END-- [ RunTime:0.000122s ]
INFO: [ app_begin ] --START--
INFO: Run Behavior\ReadHtmlCacheBehavior [ RunTime:0.000330s ]
INFO: [ app_begin ] --END-- [ RunTime:0.000439s ]
NOTIC: [8] Undefined index: WIDtotal_fee /opt/htdocs/api_tp/api_tp/Application/Home/Controller/AlipayWapPayDirectController.class.php 第 31 行.
NOTIC: [8] Undefined index: WIDshow_url /opt/htdocs/api_tp/api_tp/Application/Home/Controller/AlipayWapPayDirectController.class.php 第 34 行.
INFO: [ app_end ] --START--
INFO: Run Behavior\ShowPageTraceBehavior [ RunTime:0.000459s ]
INFO: [ app_end ] --END-- [ RunTime:0.000599s ]

[ 2017-04-08T17:04:42+08:00 ] 172.17.0.1 /api_tp/api_tp/index.php/Home/AlipayWapPayDirect/pay
INFO: [ app_init ] --START--
INFO: Run Behavior\BuildLiteBehavior [ RunTime:0.000014s ]
INFO: [ app_init ] --END-- [ RunTime:0.000078s ]
INFO: [ app_begin ] --START--
INFO: Run Behavior\ReadHtmlCacheBehavior [ RunTime:0.000202s ]
INFO: [ app_begin ] --END-- [ RunTime:0.000272s ]
NOTIC: [8] Undefined index: WIDtotal_fee /opt/htdocs/api_tp/api_tp/Application/Home/Controller/AlipayWapPayDirectController.class.php 第 31 行.
NOTIC: [8] Undefined index: WIDshow_url /opt/htdocs/api_tp/api_tp/Application/Home/Controller/AlipayWapPayDirectController.class.php 第 34 行.
INFO: [ app_end ] --START--
INFO: Run Behavior\ShowPageTraceBehavior [ RunTime:0.000282s ]
INFO: [ app_end ] --END-- [ RunTime:0.000370s ]

