[ 2017-04-07T14:58:02+08:00 ] 172.17.0.1 /api_tp/api_tp/index.php/Home/PageIndex/Index?into=B2C&method=b2c.product2.app_productBaseInfo&direct=true
INFO: [ app_init ] --START--
INFO: Run Behavior\BuildLiteBehavior [ RunTime:0.000028s ]
INFO: [ app_init ] --END-- [ RunTime:0.000162s ]
INFO: [ app_begin ] --START--
INFO: Run Behavior\ReadHtmlCacheBehavior [ RunTime:0.000457s ]
INFO: [ app_begin ] --END-- [ RunTime:0.000565s ]
INFO: [ app_end ] --START--
INFO: Run Behavior\ShowPageTraceBehavior [ RunTime:0.037446s ]
INFO: [ app_end ] --END-- [ RunTime:0.037556s ]

[ 2017-04-07T15:14:00+08:00 ] 172.17.0.1 /api_tp/api_tp/index.php/Home/PageIndex/Index?method=add_cart
INFO: [ app_init ] --START--
INFO: Run Behavior\BuildLiteBehavior [ RunTime:0.000022s ]
INFO: [ app_init ] --END-- [ RunTime:0.000126s ]
INFO: [ app_begin ] --START--
INFO: Run Behavior\ReadHtmlCacheBehavior [ RunTime:0.000323s ]
INFO: [ app_begin ] --END-- [ RunTime:0.000428s ]
NOTIC: [8] Undefined index: into /opt/htdocs/api_tp/api_tp/Application/Home/Controller/PageIndexController.class.php 第 55 行.
SQL: SHOW COLUMNS FROM `cart` [ RunTime:0.0113s ]
NOTIC: [8] Undefined index: custId /opt/htdocs/api_tp/api_tp/Application/Home/Controller/PageIndexController.class.php 第 210 行.
INFO: [ app_end ] --START--
INFO: Run Behavior\ShowPageTraceBehavior [ RunTime:0.000486s ]
INFO: [ app_end ] --END-- [ RunTime:0.000623s ]

[ 2017-04-07T15:14:05+08:00 ] 172.17.0.1 /api_tp/api_tp/index.php/Home/PageIndex/test
INFO: [ app_init ] --START--
INFO: Run Behavior\BuildLiteBehavior [ RunTime:0.000023s ]
INFO: [ app_init ] --END-- [ RunTime:0.000130s ]
INFO: [ app_begin ] --START--
INFO: Run Behavior\ReadHtmlCacheBehavior [ RunTime:0.000388s ]
INFO: [ app_begin ] --END-- [ RunTime:0.000518s ]

[ 2017-04-07T15:14:27+08:00 ] 172.17.0.1 /api_tp/api_tp/index.php/Home/PageIndex/test
INFO: [ app_init ] --START--
INFO: Run Behavior\BuildLiteBehavior [ RunTime:0.000015s ]
INFO: [ app_init ] --END-- [ RunTime:0.000076s ]
INFO: [ app_begin ] --START--
INFO: Run Behavior\ReadHtmlCacheBehavior [ RunTime:0.000196s ]
INFO: [ app_begin ] --END-- [ RunTime:0.000258s ]
INFO: [ app_end ] --START--
INFO: Run Behavior\ShowPageTraceBehavior [ RunTime:0.000196s ]
INFO: [ app_end ] --END-- [ RunTime:0.000259s ]

[ 2017-04-07T15:15:02+08:00 ] 172.17.0.1 /api_tp/api_tp/index.php/Home/PageIndex/test
INFO: [ app_init ] --START--
INFO: Run Behavior\BuildLiteBehavior [ RunTime:0.000016s ]
INFO: [ app_init ] --END-- [ RunTime:0.000092s ]
INFO: [ app_begin ] --START--
INFO: Run Behavior\ReadHtmlCacheBehavior [ RunTime:0.000212s ]
INFO: [ app_begin ] --END-- [ RunTime:0.000280s ]

[ 2017-04-07T15:16:37+08:00 ] 172.17.0.1 /api_tp/api_tp/index.php/Home/PageIndex/Index?method=add_cart
INFO: [ app_init ] --START--
INFO: Run Behavior\BuildLiteBehavior [ RunTime:0.000015s ]
INFO: [ app_init ] --END-- [ RunTime:0.000079s ]
INFO: [ app_begin ] --START--
INFO: Run Behavior\ReadHtmlCacheBehavior [ RunTime:0.000195s ]
INFO: [ app_begin ] --END-- [ RunTime:0.000257s ]
NOTIC: [8] Undefined index: into /opt/htdocs/api_tp/api_tp/Application/Home/Controller/PageIndexController.class.php 第 57 行.
SQL: SHOW COLUMNS FROM `cart` [ RunTime:0.0059s ]
NOTIC: [8] Undefined index: custId /opt/htdocs/api_tp/api_tp/Application/Home/Controller/PageIndexController.class.php 第 212 行.
INFO: [ app_end ] --START--
INFO: Run Behavior\ShowPageTraceBehavior [ RunTime:0.000299s ]
INFO: [ app_end ] --END-- [ RunTime:0.000370s ]

[ 2017-04-07T15:16:39+08:00 ] 172.17.0.1 /api_tp/api_tp/index.php/Home/PageIndex/test
INFO: [ app_init ] --START--
INFO: Run Behavior\BuildLiteBehavior [ RunTime:0.000016s ]
INFO: [ app_init ] --END-- [ RunTime:0.000083s ]
INFO: [ app_begin ] --START--
INFO: Run Behavior\ReadHtmlCacheBehavior [ RunTime:0.000231s ]
INFO: [ app_begin ] --END-- [ RunTime:0.000304s ]
INFO: [ view_parse ] --START--
INFO: Run Behavior\ParseTemplateBehavior [ RunTime:0.072411s ]
INFO: [ view_parse ] --END-- [ RunTime:0.072549s ]
INFO: [ view_filter ] --START--
INFO: Run Behavior\WriteHtmlCacheBehavior [ RunTime:0.004557s ]
INFO: [ view_filter ] --END-- [ RunTime:0.004651s ]
INFO: [ app_end ] --START--
INFO: Run Behavior\ShowPageTraceBehavior [ RunTime:0.000309s ]
INFO: [ app_end ] --END-- [ RunTime:0.000386s ]

[ 2017-04-07T15:17:40+08:00 ] 172.17.0.1 /api_tp/api_tp/index.php/Home/PageIndex/test
INFO: [ app_init ] --START--
INFO: Run Behavior\BuildLiteBehavior [ RunTime:0.000014s ]
INFO: [ app_init ] --END-- [ RunTime:0.000075s ]
INFO: [ app_begin ] --START--
INFO: Run Behavior\ReadHtmlCacheBehavior [ RunTime:0.000216s ]
INFO: [ app_begin ] --END-- [ RunTime:0.000284s ]
INFO: [ view_parse ] --START--
INFO: [ template_filter ] --START--
INFO: Run Behavior\ContentReplaceBehavior [ RunTime:0.000047s ]
INFO: [ template_filter ] --END-- [ RunTime:0.000132s ]
INFO: Run Behavior\ParseTemplateBehavior [ RunTime:0.067501s ]
INFO: [ view_parse ] --END-- [ RunTime:0.067568s ]
INFO: [ view_filter ] --START--
INFO: Run Behavior\WriteHtmlCacheBehavior [ RunTime:0.000113s ]
INFO: [ view_filter ] --END-- [ RunTime:0.000172s ]
INFO: [ app_end ] --START--
INFO: Run Behavior\ShowPageTraceBehavior [ RunTime:0.000238s ]
INFO: [ app_end ] --END-- [ RunTime:0.000323s ]

[ 2017-04-07T15:18:12+08:00 ] 172.17.0.1 /api_tp/api_tp/index.php/Home/PageIndex/Index?method=add_cart
INFO: [ app_init ] --START--
INFO: Run Behavior\BuildLiteBehavior [ RunTime:0.000013s ]
INFO: [ app_init ] --END-- [ RunTime:0.000076s ]
INFO: [ app_begin ] --START--
INFO: Run Behavior\ReadHtmlCacheBehavior [ RunTime:0.000195s ]
INFO: [ app_begin ] --END-- [ RunTime:0.000256s ]
NOTIC: [8] Undefined index: into /opt/htdocs/api_tp/api_tp/Application/Home/Controller/PageIndexController.class.php 第 56 行.
SQL: SHOW COLUMNS FROM `cart` [ RunTime:0.0065s ]
NOTIC: [8] Undefined index: custId /opt/htdocs/api_tp/api_tp/Application/Home/Controller/PageIndexController.class.php 第 211 行.
INFO: [ app_end ] --START--
INFO: Run Behavior\ShowPageTraceBehavior [ RunTime:0.000319s ]
INFO: [ app_end ] --END-- [ RunTime:0.000396s ]

[ 2017-04-07T15:18:21+08:00 ] 172.17.0.1 /api_tp/api_tp/index.php/Home/PageIndex/test
INFO: [ app_init ] --START--
INFO: Run Behavior\BuildLiteBehavior [ RunTime:0.000014s ]
INFO: [ app_init ] --END-- [ RunTime:0.000079s ]
INFO: [ app_begin ] --START--
INFO: Run Behavior\ReadHtmlCacheBehavior [ RunTime:0.000227s ]
INFO: [ app_begin ] --END-- [ RunTime:0.000312s ]
INFO: [ view_parse ] --START--
INFO: [ template_filter ] --START--
INFO: Run Behavior\ContentReplaceBehavior [ RunTime:0.000038s ]
INFO: [ template_filter ] --END-- [ RunTime:0.000104s ]
INFO: Run Behavior\ParseTemplateBehavior [ RunTime:0.002852s ]
INFO: [ view_parse ] --END-- [ RunTime:0.002922s ]
INFO: [ view_filter ] --START--
INFO: Run Behavior\WriteHtmlCacheBehavior [ RunTime:0.000083s ]
INFO: [ view_filter ] --END-- [ RunTime:0.000135s ]
INFO: [ app_end ] --START--
INFO: Run Behavior\ShowPageTraceBehavior [ RunTime:0.000216s ]
INFO: [ app_end ] --END-- [ RunTime:0.000272s ]

[ 2017-04-07T15:20:25+08:00 ] 172.17.0.1 /api_tp/api_tp/index.php/Home/PageIndex/Index?method=add_cart
INFO: [ app_init ] --START--
INFO: Run Behavior\BuildLiteBehavior [ RunTime:0.000014s ]
INFO: [ app_init ] --END-- [ RunTime:0.000077s ]
INFO: [ app_begin ] --START--
INFO: Run Behavior\ReadHtmlCacheBehavior [ RunTime:0.000297s ]
INFO: [ app_begin ] --END-- [ RunTime:0.000373s ]
NOTIC: [8] Undefined index: into /opt/htdocs/api_tp/api_tp/Application/Home/Controller/PageIndexController.class.php 第 56 行.
SQL: SHOW COLUMNS FROM `cart` [ RunTime:0.0049s ]
NOTIC: [8] Undefined index: custId /opt/htdocs/api_tp/api_tp/Application/Home/Controller/PageIndexController.class.php 第 211 行.
INFO: [ app_end ] --START--
INFO: Run Behavior\ShowPageTraceBehavior [ RunTime:0.000305s ]
INFO: [ app_end ] --END-- [ RunTime:0.000377s ]

[ 2017-04-07T15:20:32+08:00 ] 172.17.0.1 /api_tp/api_tp/index.php/Home/PageIndex/test
INFO: [ app_init ] --START--
INFO: Run Behavior\BuildLiteBehavior [ RunTime:0.000014s ]
INFO: [ app_init ] --END-- [ RunTime:0.000077s ]
INFO: [ app_begin ] --START--
INFO: Run Behavior\ReadHtmlCacheBehavior [ RunTime:0.000215s ]
INFO: [ app_begin ] --END-- [ RunTime:0.000285s ]

[ 2017-04-07T15:20:37+08:00 ] 172.17.0.1 /api_tp/api_tp/index.php/Home/PageIndex/Index?method=add_cart
INFO: [ app_init ] --START--
INFO: Run Behavior\BuildLiteBehavior [ RunTime:0.000016s ]
INFO: [ app_init ] --END-- [ RunTime:0.000086s ]
INFO: [ app_begin ] --START--
INFO: Run Behavior\ReadHtmlCacheBehavior [ RunTime:0.000228s ]
INFO: [ app_begin ] --END-- [ RunTime:0.000313s ]
NOTIC: [8] Undefined index: into /opt/htdocs/api_tp/api_tp/Application/Home/Controller/PageIndexController.class.php 第 56 行.
SQL: SHOW COLUMNS FROM `cart` [ RunTime:0.0044s ]
NOTIC: [8] Undefined index: custId /opt/htdocs/api_tp/api_tp/Application/Home/Controller/PageIndexController.class.php 第 211 行.
INFO: [ app_end ] --START--
INFO: Run Behavior\ShowPageTraceBehavior [ RunTime:0.000325s ]
INFO: [ app_end ] --END-- [ RunTime:0.000397s ]

[ 2017-04-07T15:20:43+08:00 ] 172.17.0.1 /api_tp/api_tp/index.php/Home/PageIndex/test
INFO: [ app_init ] --START--
INFO: Run Behavior\BuildLiteBehavior [ RunTime:0.000016s ]
INFO: [ app_init ] --END-- [ RunTime:0.000082s ]
INFO: [ app_begin ] --START--
INFO: Run Behavior\ReadHtmlCacheBehavior [ RunTime:0.000252s ]
INFO: [ app_begin ] --END-- [ RunTime:0.000330s ]

[ 2017-04-07T15:26:53+08:00 ] 172.17.0.1 /api_tp/api_tp/index.php/Home/PageIndex/Index?method=add_cart
INFO: [ app_init ] --START--
INFO: Run Behavior\BuildLiteBehavior [ RunTime:0.000015s ]
INFO: [ app_init ] --END-- [ RunTime:0.000079s ]
INFO: [ app_begin ] --START--
INFO: Run Behavior\ReadHtmlCacheBehavior [ RunTime:0.000236s ]
INFO: [ app_begin ] --END-- [ RunTime:0.000322s ]
NOTIC: [8] Undefined index: into /opt/htdocs/api_tp/api_tp/Application/Home/Controller/PageIndexController.class.php 第 56 行.
SQL: SHOW COLUMNS FROM `cart` [ RunTime:0.0153s ]
NOTIC: [8] Undefined index: custId /opt/htdocs/api_tp/api_tp/Application/Home/Controller/PageIndexController.class.php 第 211 行.
INFO: [ app_end ] --START--
INFO: Run Behavior\ShowPageTraceBehavior [ RunTime:0.000312s ]
INFO: [ app_end ] --END-- [ RunTime:0.000387s ]

[ 2017-04-07T15:26:57+08:00 ] 172.17.0.1 /api_tp/api_tp/index.php/Home/PageIndex/Index?method=add_cart
INFO: [ app_init ] --START--
INFO: Run Behavior\BuildLiteBehavior [ RunTime:0.000014s ]
INFO: [ app_init ] --END-- [ RunTime:0.000076s ]
INFO: [ app_begin ] --START--
INFO: Run Behavior\ReadHtmlCacheBehavior [ RunTime:0.000198s ]
INFO: [ app_begin ] --END-- [ RunTime:0.000281s ]
NOTIC: [8] Undefined index: into /opt/htdocs/api_tp/api_tp/Application/Home/Controller/PageIndexController.class.php 第 56 行.
SQL: SHOW COLUMNS FROM `cart` [ RunTime:0.0040s ]
NOTIC: [8] Undefined index: custId /opt/htdocs/api_tp/api_tp/Application/Home/Controller/PageIndexController.class.php 第 211 行.
INFO: [ app_end ] --START--
INFO: Run Behavior\ShowPageTraceBehavior [ RunTime:0.000376s ]
INFO: [ app_end ] --END-- [ RunTime:0.000457s ]

[ 2017-04-07T15:27:13+08:00 ] 172.17.0.1 /api_tp/api_tp/index.php/Home/Index/test
INFO: [ app_init ] --START--
INFO: Run Behavior\BuildLiteBehavior [ RunTime:0.000021s ]
INFO: [ app_init ] --END-- [ RunTime:0.000120s ]
INFO: [ app_begin ] --START--
INFO: Run Behavior\ReadHtmlCacheBehavior [ RunTime:0.000212s ]
INFO: [ app_begin ] --END-- [ RunTime:0.000278s ]
INFO: [ view_parse ] --START--
INFO: [ template_filter ] --START--
INFO: Run Behavior\ContentReplaceBehavior [ RunTime:0.000041s ]
INFO: [ template_filter ] --END-- [ RunTime:0.000115s ]
INFO: Run Behavior\ParseTemplateBehavior [ RunTime:0.003875s ]
INFO: [ view_parse ] --END-- [ RunTime:0.003940s ]
INFO: [ view_filter ] --START--
INFO: Run Behavior\WriteHtmlCacheBehavior [ RunTime:0.000105s ]
INFO: [ view_filter ] --END-- [ RunTime:0.000193s ]
INFO: [ app_end ] --START--
INFO: Run Behavior\ShowPageTraceBehavior [ RunTime:0.000228s ]
INFO: [ app_end ] --END-- [ RunTime:0.000285s ]

[ 2017-04-07T15:27:14+08:00 ] 172.17.0.1 /api_tp/api_tp/index.php/Home/Index/baidu.com
INFO: [ app_init ] --START--
INFO: Run Behavior\BuildLiteBehavior [ RunTime:0.000015s ]
INFO: [ app_init ] --END-- [ RunTime:0.000079s ]
INFO: [ app_begin ] --START--
INFO: Run Behavior\ReadHtmlCacheBehavior [ RunTime:0.000206s ]
INFO: [ app_begin ] --END-- [ RunTime:0.000272s ]
ERR: 非法操作:baidu.com

[ 2017-04-07T15:27:23+08:00 ] 172.17.0.1 /api_tp/api_tp/index.php/Home/Index/baidu.com
INFO: [ app_init ] --START--
INFO: Run Behavior\BuildLiteBehavior [ RunTime:0.000015s ]
INFO: [ app_init ] --END-- [ RunTime:0.000081s ]
INFO: [ app_begin ] --START--
INFO: Run Behavior\ReadHtmlCacheBehavior [ RunTime:0.000208s ]
INFO: [ app_begin ] --END-- [ RunTime:0.000274s ]
ERR: 非法操作:baidu.com

[ 2017-04-07T15:27:36+08:00 ] 172.17.0.1 /api_tp/api_tp/index.php/Home/Index/index
INFO: [ app_init ] --START--
INFO: Run Behavior\BuildLiteBehavior [ RunTime:0.000021s ]
INFO: [ app_init ] --END-- [ RunTime:0.000119s ]
INFO: [ app_begin ] --START--
INFO: Run Behavior\ReadHtmlCacheBehavior [ RunTime:0.000275s ]
INFO: [ app_begin ] --END-- [ RunTime:0.000358s ]
INFO: [ view_parse ] --START--
INFO: Run Behavior\ParseTemplateBehavior [ RunTime:0.000122s ]
INFO: [ view_parse ] --END-- [ RunTime:0.000186s ]
INFO: [ view_filter ] --START--
INFO: Run Behavior\WriteHtmlCacheBehavior [ RunTime:0.000080s ]
INFO: [ view_filter ] --END-- [ RunTime:0.000133s ]
INFO: [ app_end ] --START--
INFO: Run Behavior\ShowPageTraceBehavior [ RunTime:0.000222s ]
INFO: [ app_end ] --END-- [ RunTime:0.000278s ]

[ 2017-04-07T15:27:42+08:00 ] 172.17.0.1 /api_tp/api_tp/index.php/Home/Index/index
INFO: [ app_init ] --START--
INFO: Run Behavior\BuildLiteBehavior [ RunTime:0.000018s ]
INFO: [ app_init ] --END-- [ RunTime:0.000111s ]
INFO: [ app_begin ] --START--
INFO: Run Behavior\ReadHtmlCacheBehavior [ RunTime:0.000225s ]
INFO: [ app_begin ] --END-- [ RunTime:0.000296s ]
INFO: [ app_end ] --START--
INFO: Run Behavior\ShowPageTraceBehavior [ RunTime:0.000201s ]
INFO: [ app_end ] --END-- [ RunTime:0.000259s ]

[ 2017-04-07T15:31:12+08:00 ] 172.17.0.1 /api_tp/api_tp/index.php
INFO: [ app_init ] --START--
INFO: Run Behavior\BuildLiteBehavior [ RunTime:0.000023s ]
INFO: [ app_init ] --END-- [ RunTime:0.000120s ]
INFO: [ app_begin ] --START--
INFO: Run Behavior\ReadHtmlCacheBehavior [ RunTime:0.000272s ]
INFO: [ app_begin ] --END-- [ RunTime:0.000375s ]
INFO: [ app_end ] --START--
INFO: Run Behavior\ShowPageTraceBehavior [ RunTime:0.000272s ]
INFO: [ app_end ] --END-- [ RunTime:0.000367s ]

[ 2017-04-07T15:31:36+08:00 ] 172.17.0.1 /api_tp/api_tp/index.php/Home/Index/index
INFO: [ app_init ] --START--
INFO: Run Behavior\BuildLiteBehavior [ RunTime:0.000014s ]
INFO: [ app_init ] --END-- [ RunTime:0.000073s ]
INFO: [ app_begin ] --START--
INFO: Run Behavior\ReadHtmlCacheBehavior [ RunTime:0.000196s ]
INFO: [ app_begin ] --END-- [ RunTime:0.000259s ]
INFO: [ app_end ] --START--
INFO: Run Behavior\ShowPageTraceBehavior [ RunTime:0.000200s ]
INFO: [ app_end ] --END-- [ RunTime:0.000259s ]

[ 2017-04-07T15:32:15+08:00 ] 172.17.0.1 /api_tp/api_tp/index.php/Home/AlipayWapPay/return_url
INFO: [ app_init ] --START--
INFO: Run Behavior\BuildLiteBehavior [ RunTime:0.000015s ]
INFO: [ app_init ] --END-- [ RunTime:0.000078s ]
INFO: [ app_begin ] --START--
INFO: Run Behavior\ReadHtmlCacheBehavior [ RunTime:0.000213s ]
INFO: [ app_begin ] --END-- [ RunTime:0.000280s ]

[ 2017-04-07T15:32:41+08:00 ] 172.17.0.1 /api_tp/api_tp/index.php/Home/AlipayWapPay/return_url
INFO: [ app_init ] --START--
INFO: Run Behavior\BuildLiteBehavior [ RunTime:0.000021s ]
INFO: [ app_init ] --END-- [ RunTime:0.000116s ]
INFO: [ app_begin ] --START--
INFO: Run Behavior\ReadHtmlCacheBehavior [ RunTime:0.000325s ]
INFO: [ app_begin ] --END-- [ RunTime:0.000430s ]

[ 2017-04-07T15:32:42+08:00 ] 172.17.0.1 /api_tp/api_tp/index.php/Home/AlipayWapPay/return_url
INFO: [ app_init ] --START--
INFO: Run Behavior\BuildLiteBehavior [ RunTime:0.000015s ]
INFO: [ app_init ] --END-- [ RunTime:0.000082s ]
INFO: [ app_begin ] --START--
INFO: Run Behavior\ReadHtmlCacheBehavior [ RunTime:0.000283s ]
INFO: [ app_begin ] --END-- [ RunTime:0.000358s ]

[ 2017-04-07T15:32:42+08:00 ] 172.17.0.1 /api_tp/api_tp/index.php/Home/AlipayWapPay/return_url
INFO: [ app_init ] --START--
INFO: Run Behavior\BuildLiteBehavior [ RunTime:0.000015s ]
INFO: [ app_init ] --END-- [ RunTime:0.000077s ]
INFO: [ app_begin ] --START--
INFO: Run Behavior\ReadHtmlCacheBehavior [ RunTime:0.000207s ]
INFO: [ app_begin ] --END-- [ RunTime:0.000274s ]

[ 2017-04-07T15:32:42+08:00 ] 172.17.0.1 /api_tp/api_tp/index.php/Home/AlipayWapPay/return_url
INFO: [ app_init ] --START--
INFO: Run Behavior\BuildLiteBehavior [ RunTime:0.000015s ]
INFO: [ app_init ] --END-- [ RunTime:0.000078s ]
INFO: [ app_begin ] --START--
INFO: Run Behavior\ReadHtmlCacheBehavior [ RunTime:0.000212s ]
INFO: [ app_begin ] --END-- [ RunTime:0.000294s ]

[ 2017-04-07T15:33:01+08:00 ] 172.17.0.1 /api_tp/api_tp/index.php/Home/AlipayWapPay/return_url
INFO: [ app_init ] --START--
INFO: Run Behavior\BuildLiteBehavior [ RunTime:0.000016s ]
INFO: [ app_init ] --END-- [ RunTime:0.000083s ]
INFO: [ app_begin ] --START--
INFO: Run Behavior\ReadHtmlCacheBehavior [ RunTime:0.000228s ]
INFO: [ app_begin ] --END-- [ RunTime:0.000300s ]
NOTIC: [8] Undefined index: sign /opt/htdocs/api_tp/api_tp/ThinkPHP/Library/Vendor/AlipayWapPay/aop/AopClient.php 第 648 行.
NOTIC: [8] Use of undefined constant OPENSSL_ALGO_SHA256 - assumed 'OPENSSL_ALGO_SHA256' /opt/htdocs/api_tp/api_tp/ThinkPHP/Library/Vendor/AlipayWapPay/aop/AopClient.php 第 679 行.
NOTIC: [2] openssl_verify(): Unknown signature algorithm. /opt/htdocs/api_tp/api_tp/ThinkPHP/Library/Vendor/AlipayWapPay/aop/AopClient.php 第 679 行.
INFO: [ app_end ] --START--
INFO: Run Behavior\ShowPageTraceBehavior [ RunTime:0.000223s ]
INFO: [ app_end ] --END-- [ RunTime:0.000293s ]

[ 2017-04-07T15:38:04+08:00 ] 172.17.0.1 /api_tp/api_tp/index.php/Home/AlipayWapPay/return_url
INFO: [ app_init ] --START--
INFO: Run Behavior\BuildLiteBehavior [ RunTime:0.000016s ]
INFO: [ app_init ] --END-- [ RunTime:0.000083s ]
INFO: [ app_begin ] --START--
INFO: Run Behavior\ReadHtmlCacheBehavior [ RunTime:0.000257s ]
INFO: [ app_begin ] --END-- [ RunTime:0.000345s ]
NOTIC: [8] Undefined index: sign /opt/htdocs/api_tp/api_tp/ThinkPHP/Library/Vendor/AlipayWapPay/aop/AopClient.php 第 648 行.
NOTIC: [8] Use of undefined constant OPENSSL_ALGO_SHA256 - assumed 'OPENSSL_ALGO_SHA256' /opt/htdocs/api_tp/api_tp/ThinkPHP/Library/Vendor/AlipayWapPay/aop/AopClient.php 第 679 行.
NOTIC: [2] openssl_verify(): Unknown signature algorithm. /opt/htdocs/api_tp/api_tp/ThinkPHP/Library/Vendor/AlipayWapPay/aop/AopClient.php 第 679 行.

[ 2017-04-07T15:38:22+08:00 ] 172.17.0.1 /api_tp/api_tp/index.php/Home/AlipayWapPay/return_url
INFO: [ app_init ] --START--
INFO: Run Behavior\BuildLiteBehavior [ RunTime:0.000024s ]
INFO: [ app_init ] --END-- [ RunTime:0.000114s ]
INFO: [ app_begin ] --START--
INFO: Run Behavior\ReadHtmlCacheBehavior [ RunTime:0.000226s ]
INFO: [ app_begin ] --END-- [ RunTime:0.000297s ]
NOTIC: [8] Undefined index: sign /opt/htdocs/api_tp/api_tp/ThinkPHP/Library/Vendor/AlipayWapPay/aop/AopClient.php 第 648 行.
NOTIC: [8] Use of undefined constant OPENSSL_ALGO_SHA256 - assumed 'OPENSSL_ALGO_SHA256' /opt/htdocs/api_tp/api_tp/ThinkPHP/Library/Vendor/AlipayWapPay/aop/AopClient.php 第 679 行.
NOTIC: [2] openssl_verify(): Unknown signature algorithm. /opt/htdocs/api_tp/api_tp/ThinkPHP/Library/Vendor/AlipayWapPay/aop/AopClient.php 第 679 行.
INFO: [ view_parse ] --START--
INFO: [ template_filter ] --START--
INFO: Run Behavior\ContentReplaceBehavior [ RunTime:0.000036s ]
INFO: [ template_filter ] --END-- [ RunTime:0.000100s ]
INFO: Run Behavior\ParseTemplateBehavior [ RunTime:0.002827s ]
INFO: [ view_parse ] --END-- [ RunTime:0.002892s ]
INFO: [ view_filter ] --START--
INFO: Run Behavior\WriteHtmlCacheBehavior [ RunTime:0.000080s ]
INFO: [ view_filter ] --END-- [ RunTime:0.000131s ]
INFO: [ app_end ] --START--
INFO: Run Behavior\ShowPageTraceBehavior [ RunTime:0.000216s ]
INFO: [ app_end ] --END-- [ RunTime:0.000270s ]

[ 2017-04-07T15:38:59+08:00 ] 172.17.0.1 /api_tp/api_tp/index.php/Home/AlipayWapPay/return_url
INFO: [ app_init ] --START--
INFO: Run Behavior\BuildLiteBehavior [ RunTime:0.000024s ]
INFO: [ app_init ] --END-- [ RunTime:0.000085s ]
INFO: [ app_begin ] --START--
INFO: Run Behavior\ReadHtmlCacheBehavior [ RunTime:0.000191s ]
INFO: [ app_begin ] --END-- [ RunTime:0.000272s ]
NOTIC: [8] Undefined index: sign /opt/htdocs/api_tp/api_tp/ThinkPHP/Library/Vendor/AlipayWapPay/aop/AopClient.php 第 648 行.
NOTIC: [8] Use of undefined constant OPENSSL_ALGO_SHA256 - assumed 'OPENSSL_ALGO_SHA256' /opt/htdocs/api_tp/api_tp/ThinkPHP/Library/Vendor/AlipayWapPay/aop/AopClient.php 第 679 行.
NOTIC: [2] openssl_verify(): Unknown signature algorithm. /opt/htdocs/api_tp/api_tp/ThinkPHP/Library/Vendor/AlipayWapPay/aop/AopClient.php 第 679 行.
INFO: [ view_parse ] --START--
INFO: [ template_filter ] --START--
INFO: Run Behavior\ContentReplaceBehavior [ RunTime:0.000059s ]
INFO: [ template_filter ] --END-- [ RunTime:0.000190s ]
INFO: Run Behavior\ParseTemplateBehavior [ RunTime:0.003750s ]
INFO: [ view_parse ] --END-- [ RunTime:0.003826s ]
INFO: [ view_filter ] --START--
INFO: Run Behavior\WriteHtmlCacheBehavior [ RunTime:0.000085s ]
INFO: [ view_filter ] --END-- [ RunTime:0.000135s ]

[ 2017-04-07T15:38:59+08:00 ] 172.17.0.1 /api_tp/api_tp/index.php/Home/AlipayWapPay/return_url
INFO: [ app_init ] --START--
INFO: Run Behavior\BuildLiteBehavior [ RunTime:0.000015s ]
INFO: [ app_init ] --END-- [ RunTime:0.000078s ]
INFO: [ app_begin ] --START--
INFO: Run Behavior\ReadHtmlCacheBehavior [ RunTime:0.000242s ]
INFO: [ app_begin ] --END-- [ RunTime:0.000306s ]
NOTIC: [8] Undefined index: sign /opt/htdocs/api_tp/api_tp/ThinkPHP/Library/Vendor/AlipayWapPay/aop/AopClient.php 第 648 行.
NOTIC: [8] Use of undefined constant OPENSSL_ALGO_SHA256 - assumed 'OPENSSL_ALGO_SHA256' /opt/htdocs/api_tp/api_tp/ThinkPHP/Library/Vendor/AlipayWapPay/aop/AopClient.php 第 679 行.
NOTIC: [2] openssl_verify(): Unknown signature algorithm. /opt/htdocs/api_tp/api_tp/ThinkPHP/Library/Vendor/AlipayWapPay/aop/AopClient.php 第 679 行.
INFO: [ view_parse ] --START--
INFO: [ template_filter ] --START--
INFO: Run Behavior\ContentReplaceBehavior [ RunTime:0.000038s ]
INFO: [ template_filter ] --END-- [ RunTime:0.000104s ]
INFO: Run Behavior\ParseTemplateBehavior [ RunTime:0.002901s ]
INFO: [ view_parse ] --END-- [ RunTime:0.002972s ]
INFO: [ view_filter ] --START--
INFO: Run Behavior\WriteHtmlCacheBehavior [ RunTime:0.000086s ]
INFO: [ view_filter ] --END-- [ RunTime:0.000138s ]

[ 2017-04-07T15:39:39+08:00 ] 172.17.0.1 /api_tp/api_tp/index.php/Home/Index/index
INFO: [ app_init ] --START--
INFO: Run Behavior\BuildLiteBehavior [ RunTime:0.000013s ]
INFO: [ app_init ] --END-- [ RunTime:0.000073s ]
INFO: [ app_begin ] --START--
INFO: Run Behavior\ReadHtmlCacheBehavior [ RunTime:0.000219s ]
INFO: [ app_begin ] --END-- [ RunTime:0.000287s ]
INFO: [ view_parse ] --START--
INFO: Run Behavior\ParseTemplateBehavior [ RunTime:0.000111s ]
INFO: [ view_parse ] --END-- [ RunTime:0.000171s ]
INFO: [ view_filter ] --START--
INFO: Run Behavior\WriteHtmlCacheBehavior [ RunTime:0.000075s ]
INFO: [ view_filter ] --END-- [ RunTime:0.000125s ]
INFO: [ app_end ] --START--
INFO: Run Behavior\ShowPageTraceBehavior [ RunTime:0.000209s ]
INFO: [ app_end ] --END-- [ RunTime:0.000262s ]

[ 2017-04-07T15:40:14+08:00 ] 172.17.0.1 /api_tp/api_tp/index.php/Home/Index/baidu.com
INFO: [ app_init ] --START--
INFO: Run Behavior\BuildLiteBehavior [ RunTime:0.000014s ]
INFO: [ app_init ] --END-- [ RunTime:0.000076s ]
INFO: [ app_begin ] --START--
INFO: Run Behavior\ReadHtmlCacheBehavior [ RunTime:0.000208s ]
INFO: [ app_begin ] --END-- [ RunTime:0.000275s ]
ERR: 非法操作:baidu.com

[ 2017-04-07T15:46:29+08:00 ] 172.17.0.1 /api_tp/api_tp/index.php/Home/Index/baidu.com
INFO: [ app_init ] --START--
INFO: Run Behavior\BuildLiteBehavior [ RunTime:0.000023s ]
INFO: [ app_init ] --END-- [ RunTime:0.000129s ]
INFO: [ app_begin ] --START--
INFO: Run Behavior\ReadHtmlCacheBehavior [ RunTime:0.000259s ]
INFO: [ app_begin ] --END-- [ RunTime:0.000346s ]
ERR: 非法操作:baidu.com

[ 2017-04-07T15:46:33+08:00 ] 172.17.0.1 /api_tp/api_tp/index.php/Home/Index/baidu.com
INFO: [ app_init ] --START--
INFO: Run Behavior\BuildLiteBehavior [ RunTime:0.000015s ]
INFO: [ app_init ] --END-- [ RunTime:0.000079s ]
INFO: [ app_begin ] --START--
INFO: Run Behavior\ReadHtmlCacheBehavior [ RunTime:0.000212s ]
INFO: [ app_begin ] --END-- [ RunTime:0.000278s ]
ERR: 非法操作:baidu.com

[ 2017-04-07T15:46:48+08:00 ] 172.17.0.1 /api_tp/api_tp/index.php/Home/AlipayWapPay/return_url
INFO: [ app_init ] --START--
INFO: Run Behavior\BuildLiteBehavior [ RunTime:0.000014s ]
INFO: [ app_init ] --END-- [ RunTime:0.000079s ]
INFO: [ app_begin ] --START--
INFO: Run Behavior\ReadHtmlCacheBehavior [ RunTime:0.000207s ]
INFO: [ app_begin ] --END-- [ RunTime:0.000275s ]
NOTIC: [8] Undefined index: sign /opt/htdocs/api_tp/api_tp/ThinkPHP/Library/Vendor/AlipayWapPay/aop/AopClient.php 第 648 行.
NOTIC: [8] Use of undefined constant OPENSSL_ALGO_SHA256 - assumed 'OPENSSL_ALGO_SHA256' /opt/htdocs/api_tp/api_tp/ThinkPHP/Library/Vendor/AlipayWapPay/aop/AopClient.php 第 679 行.
NOTIC: [2] openssl_verify(): Unknown signature algorithm. /opt/htdocs/api_tp/api_tp/ThinkPHP/Library/Vendor/AlipayWapPay/aop/AopClient.php 第 679 行.
INFO: [ app_end ] --START--
INFO: Run Behavior\ShowPageTraceBehavior [ RunTime:0.000239s ]
INFO: [ app_end ] --END-- [ RunTime:0.000310s ]

[ 2017-04-07T15:47:15+08:00 ] 172.17.0.1 /api_tp/api_tp/index.php/Home/AlipayWapPay/return_url
INFO: [ app_init ] --START--
INFO: Run Behavior\BuildLiteBehavior [ RunTime:0.000015s ]
INFO: [ app_init ] --END-- [ RunTime:0.000079s ]
INFO: [ app_begin ] --START--
INFO: Run Behavior\ReadHtmlCacheBehavior [ RunTime:0.000209s ]
INFO: [ app_begin ] --END-- [ RunTime:0.000275s ]
NOTIC: [8] Undefined index: sign /opt/htdocs/api_tp/api_tp/ThinkPHP/Library/Vendor/AlipayWapPay/aop/AopClient.php 第 648 行.
NOTIC: [8] Use of undefined constant OPENSSL_ALGO_SHA256 - assumed 'OPENSSL_ALGO_SHA256' /opt/htdocs/api_tp/api_tp/ThinkPHP/Library/Vendor/AlipayWapPay/aop/AopClient.php 第 679 行.
NOTIC: [2] openssl_verify(): Unknown signature algorithm. /opt/htdocs/api_tp/api_tp/ThinkPHP/Library/Vendor/AlipayWapPay/aop/AopClient.php 第 679 行.
INFO: [ view_parse ] --START--
INFO: [ template_filter ] --START--
INFO: Run Behavior\ContentReplaceBehavior [ RunTime:0.000035s ]
INFO: [ template_filter ] --END-- [ RunTime:0.000097s ]
INFO: Run Behavior\ParseTemplateBehavior [ RunTime:0.002935s ]
INFO: [ view_parse ] --END-- [ RunTime:0.003033s ]
INFO: [ view_filter ] --START--
INFO: Run Behavior\WriteHtmlCacheBehavior [ RunTime:0.000100s ]
INFO: [ view_filter ] --END-- [ RunTime:0.000156s ]
INFO: [ app_end ] --START--
INFO: Run Behavior\ShowPageTraceBehavior [ RunTime:0.000221s ]
INFO: [ app_end ] --END-- [ RunTime:0.000278s ]

[ 2017-04-07T16:29:45+08:00 ] 172.17.0.1 /api_tp/api_tp/index.php/Home/AlipayWapPay/test
INFO: [ app_init ] --START--
INFO: Run Behavior\BuildLiteBehavior [ RunTime:0.000014s ]
INFO: [ app_init ] --END-- [ RunTime:0.000074s ]
INFO: [ app_begin ] --START--
INFO: Run Behavior\ReadHtmlCacheBehavior [ RunTime:0.000187s ]
INFO: [ app_begin ] --END-- [ RunTime:0.000249s ]
NOTIC: [8] Use of undefined constant JSON_UNESCAPED_UNICODE - assumed 'JSON_UNESCAPED_UNICODE' /opt/htdocs/api_tp/api_tp/Application/Home/Model/AlipayWapPay/AlipayTradeWapPayContentBuilder.class.php 第 40 行.
NOTIC: [2] json_encode() expects parameter 2 to be long, string given /opt/htdocs/api_tp/api_tp/Application/Home/Model/AlipayWapPay/AlipayTradeWapPayContentBuilder.class.php 第 40 行.
NOTIC: [8] Use of undefined constant OPENSSL_ALGO_SHA256 - assumed 'OPENSSL_ALGO_SHA256' /opt/htdocs/api_tp/api_tp/ThinkPHP/Library/Vendor/AlipayWapPay/aop/AopClient.php 第 133 行.
NOTIC: [2] openssl_sign(): supplied key param cannot be coerced into a private key /opt/htdocs/api_tp/api_tp/ThinkPHP/Library/Vendor/AlipayWapPay/aop/AopClient.php 第 133 行.
INFO: [ app_end ] --START--
INFO: Run Behavior\ShowPageTraceBehavior [ RunTime:0.000240s ]
INFO: [ app_end ] --END-- [ RunTime:0.000312s ]

[ 2017-04-07T16:30:19+08:00 ] 172.17.0.1 /api_tp/api_tp/index.php/Home/AlipayWapPay/test
INFO: [ app_init ] --START--
INFO: Run Behavior\BuildLiteBehavior [ RunTime:0.000024s ]
INFO: [ app_init ] --END-- [ RunTime:0.000128s ]
INFO: [ app_begin ] --START--
INFO: Run Behavior\ReadHtmlCacheBehavior [ RunTime:0.000220s ]
INFO: [ app_begin ] --END-- [ RunTime:0.000293s ]
NOTIC: [8] Use of undefined constant JSON_UNESCAPED_UNICODE - assumed 'JSON_UNESCAPED_UNICODE' /opt/htdocs/api_tp/api_tp/Application/Home/Model/AlipayWapPay/AlipayTradeWapPayContentBuilder.class.php 第 40 行.
NOTIC: [2] json_encode() expects parameter 2 to be long, string given /opt/htdocs/api_tp/api_tp/Application/Home/Model/AlipayWapPay/AlipayTradeWapPayContentBuilder.class.php 第 40 行.
NOTIC: [8] Use of undefined constant OPENSSL_ALGO_SHA256 - assumed 'OPENSSL_ALGO_SHA256' /opt/htdocs/api_tp/api_tp/ThinkPHP/Library/Vendor/AlipayWapPay/aop/AopClient.php 第 133 行.
NOTIC: [2] openssl_sign(): supplied key param cannot be coerced into a private key /opt/htdocs/api_tp/api_tp/ThinkPHP/Library/Vendor/AlipayWapPay/aop/AopClient.php 第 133 行.
INFO: [ app_end ] --START--
INFO: Run Behavior\ShowPageTraceBehavior [ RunTime:0.000240s ]
INFO: [ app_end ] --END-- [ RunTime:0.000310s ]

[ 2017-04-07T17:23:17+08:00 ] 172.17.0.1 /api_tp/api_tp/index.php/Home/Index/baidu.com
INFO: [ app_init ] --START--
INFO: Run Behavior\BuildLiteBehavior [ RunTime:0.000016s ]
INFO: [ app_init ] --END-- [ RunTime:0.000089s ]
INFO: [ app_begin ] --START--
INFO: Run Behavior\ReadHtmlCacheBehavior [ RunTime:0.000386s ]
INFO: [ app_begin ] --END-- [ RunTime:0.000509s ]
ERR: 非法操作:baidu.com

[ 2017-04-07T17:23:19+08:00 ] 172.17.0.1 /api_tp/api_tp/index.php/Home/PageIndex/Index?method=add_cart
INFO: [ app_init ] --START--
INFO: Run Behavior\BuildLiteBehavior [ RunTime:0.000014s ]
INFO: [ app_init ] --END-- [ RunTime:0.000077s ]
INFO: [ app_begin ] --START--
INFO: Run Behavior\ReadHtmlCacheBehavior [ RunTime:0.000203s ]
INFO: [ app_begin ] --END-- [ RunTime:0.000268s ]
NOTIC: [8] Undefined index: into /opt/htdocs/api_tp/api_tp/Application/Home/Controller/PageIndexController.class.php 第 56 行.
SQL: SHOW COLUMNS FROM `cart` [ RunTime:0.0101s ]
NOTIC: [8] Undefined index: custId /opt/htdocs/api_tp/api_tp/Application/Home/Controller/PageIndexController.class.php 第 211 行.
INFO: [ app_end ] --START--
INFO: Run Behavior\ShowPageTraceBehavior [ RunTime:0.000536s ]
INFO: [ app_end ] --END-- [ RunTime:0.000650s ]

[ 2017-04-07T17:35:35+08:00 ] 172.17.0.1 /api_tp/api_tp/index.php/Home/PageIndex/Index?into=OMS&method=customerRestApi/customer/points/detail&oms_hostBn=customer
INFO: [ app_init ] --START--
INFO: Run Behavior\BuildLiteBehavior [ RunTime:0.000015s ]
INFO: [ app_init ] --END-- [ RunTime:0.000074s ]
INFO: [ app_begin ] --START--
INFO: Run Behavior\ReadHtmlCacheBehavior [ RunTime:0.000192s ]
INFO: [ app_begin ] --END-- [ RunTime:0.000254s ]
INFO: [ app_end ] --START--
INFO: Run Behavior\ShowPageTraceBehavior [ RunTime:0.000416s ]
INFO: [ app_end ] --END-- [ RunTime:0.000542s ]

[ 2017-04-07T17:35:59+08:00 ] 172.17.0.1 /api_tp/api_tp/index.php/Home/PageIndex/Index?into=OMS&method=customerRestApi/customer/points/detail&oms_hostBn=customer
INFO: [ app_init ] --START--
INFO: Run Behavior\BuildLiteBehavior [ RunTime:0.000014s ]
INFO: [ app_init ] --END-- [ RunTime:0.000073s ]
INFO: [ app_begin ] --START--
INFO: Run Behavior\ReadHtmlCacheBehavior [ RunTime:0.000188s ]
INFO: [ app_begin ] --END-- [ RunTime:0.000251s ]
INFO: [ app_end ] --START--
INFO: Run Behavior\ShowPageTraceBehavior [ RunTime:0.000304s ]
INFO: [ app_end ] --END-- [ RunTime:0.000402s ]

[ 2017-04-07T17:37:20+08:00 ] 172.17.0.1 /api_tp/api_tp/index.php/Home/PageIndex/Index?into=OMS&method=omsRestApi.oms.login&oms_hostBn=order
INFO: [ app_init ] --START--
INFO: Run Behavior\BuildLiteBehavior [ RunTime:0.000015s ]
INFO: [ app_init ] --END-- [ RunTime:0.000080s ]
INFO: [ app_begin ] --START--
INFO: Run Behavior\ReadHtmlCacheBehavior [ RunTime:0.000203s ]
INFO: [ app_begin ] --END-- [ RunTime:0.000270s ]
INFO: [ app_end ] --START--
INFO: Run Behavior\ShowPageTraceBehavior [ RunTime:0.000312s ]
INFO: [ app_end ] --END-- [ RunTime:0.000417s ]

[ 2017-04-07T17:37:47+08:00 ] 172.17.0.1 /api_tp/api_tp/index.php/Home/PageIndex/Index?into=OMS&method=customerRestApi/customer/points/detail&oms_hostBn=customer
INFO: [ app_init ] --START--
INFO: Run Behavior\BuildLiteBehavior [ RunTime:0.000016s ]
INFO: [ app_init ] --END-- [ RunTime:0.000085s ]
INFO: [ app_begin ] --START--
INFO: Run Behavior\ReadHtmlCacheBehavior [ RunTime:0.000210s ]
INFO: [ app_begin ] --END-- [ RunTime:0.000279s ]
INFO: [ app_end ] --START--
INFO: Run Behavior\ShowPageTraceBehavior [ RunTime:0.000322s ]
INFO: [ app_end ] --END-- [ RunTime:0.000431s ]

[ 2017-04-07T17:37:58+08:00 ] 172.17.0.1 /api_tp/api_tp/index.php/Home/PageIndex/Index?into=OMS&method=customerRestApi/customer/points/detail&oms_hostBn=customer
INFO: [ app_init ] --START--
INFO: Run Behavior\BuildLiteBehavior [ RunTime:0.000014s ]
INFO: [ app_init ] --END-- [ RunTime:0.000076s ]
INFO: [ app_begin ] --START--
INFO: Run Behavior\ReadHtmlCacheBehavior [ RunTime:0.000200s ]
INFO: [ app_begin ] --END-- [ RunTime:0.000266s ]
INFO: [ app_end ] --START--
INFO: Run Behavior\ShowPageTraceBehavior [ RunTime:0.000509s ]
INFO: [ app_end ] --END-- [ RunTime:0.000881s ]

[ 2017-04-07T17:38:05+08:00 ] 172.17.0.1 /api_tp/api_tp/index.php/Home/PageIndex/Index?into=OMS&method=customerRestApi/customer/points/detail&oms_hostBn=customer
INFO: [ app_init ] --START--
INFO: Run Behavior\BuildLiteBehavior [ RunTime:0.000018s ]
INFO: [ app_init ] --END-- [ RunTime:0.000095s ]
INFO: [ app_begin ] --START--
INFO: Run Behavior\ReadHtmlCacheBehavior [ RunTime:0.000248s ]
INFO: [ app_begin ] --END-- [ RunTime:0.000322s ]
INFO: [ app_end ] --START--
INFO: Run Behavior\ShowPageTraceBehavior [ RunTime:0.000305s ]
INFO: [ app_end ] --END-- [ RunTime:0.000403s ]

[ 2017-04-07T17:42:13+08:00 ] 172.17.0.1 /api_tp/api_tp/index.php/Home/PageIndex/Index?into=OMS&method=customerRestApi.customer.points.detail&oms_hostBn=customer
INFO: [ app_init ] --START--
INFO: Run Behavior\BuildLiteBehavior [ RunTime:0.000015s ]
INFO: [ app_init ] --END-- [ RunTime:0.000078s ]
INFO: [ app_begin ] --START--
INFO: Run Behavior\ReadHtmlCacheBehavior [ RunTime:0.000201s ]
INFO: [ app_begin ] --END-- [ RunTime:0.000268s ]
INFO: [ app_end ] --START--
INFO: Run Behavior\ShowPageTraceBehavior [ RunTime:0.000284s ]
INFO: [ app_end ] --END-- [ RunTime:0.000377s ]

[ 2017-04-07T17:42:15+08:00 ] 172.17.0.1 /api_tp/api_tp/index.php/Home/PageIndex/Index?into=OMS&method=customerRestApi.customer.getCrdtPpcDetail&oms_hostBn=customer
INFO: [ app_init ] --START--
INFO: Run Behavior\BuildLiteBehavior [ RunTime:0.000015s ]
INFO: [ app_init ] --END-- [ RunTime:0.000077s ]
INFO: [ app_begin ] --START--
INFO: Run Behavior\ReadHtmlCacheBehavior [ RunTime:0.000199s ]
INFO: [ app_begin ] --END-- [ RunTime:0.000265s ]
INFO: [ app_end ] --START--
INFO: Run Behavior\ShowPageTraceBehavior [ RunTime:0.000312s ]
INFO: [ app_end ] --END-- [ RunTime:0.000409s ]

[ 2017-04-07T17:48:13+08:00 ] 172.17.0.1 /api_tp/api_tp/index.php/Home/PageIndex/Index?into=OMS&method=customerRestApi.customer.points.detail&oms_hostBn=customer
INFO: [ app_init ] --START--
INFO: Run Behavior\BuildLiteBehavior [ RunTime:0.000022s ]
INFO: [ app_init ] --END-- [ RunTime:0.000125s ]
INFO: [ app_begin ] --START--
INFO: Run Behavior\ReadHtmlCacheBehavior [ RunTime:0.000357s ]
INFO: [ app_begin ] --END-- [ RunTime:0.000481s ]
INFO: [ app_end ] --START--
INFO: Run Behavior\ShowPageTraceBehavior [ RunTime:0.000310s ]
INFO: [ app_end ] --END-- [ RunTime:0.000407s ]

[ 2017-04-07T17:48:16+08:00 ] 172.17.0.1 /api_tp/api_tp/index.php/Home/PageIndex/Index?into=OMS&method=customerRestApi.customer.getCrdtPpcDetail&oms_hostBn=customer
INFO: [ app_init ] --START--
INFO: Run Behavior\BuildLiteBehavior [ RunTime:0.000014s ]
INFO: [ app_init ] --END-- [ RunTime:0.000077s ]
INFO: [ app_begin ] --START--
INFO: Run Behavior\ReadHtmlCacheBehavior [ RunTime:0.000208s ]
INFO: [ app_begin ] --END-- [ RunTime:0.000275s ]
INFO: [ app_end ] --START--
INFO: Run Behavior\ShowPageTraceBehavior [ RunTime:0.000291s ]
INFO: [ app_end ] --END-- [ RunTime:0.000382s ]

[ 2017-04-07T18:04:52+08:00 ] 172.17.0.1 /api_tp/api_tp/index.php/Home/PageIndex/Index?into=OMS&method=customerRestApi.customer.points.detail&oms_hostBn=customer
INFO: [ app_init ] --START--
INFO: Run Behavior\BuildLiteBehavior [ RunTime:0.000016s ]
INFO: [ app_init ] --END-- [ RunTime:0.000078s ]
INFO: [ app_begin ] --START--
INFO: Run Behavior\ReadHtmlCacheBehavior [ RunTime:0.000200s ]
INFO: [ app_begin ] --END-- [ RunTime:0.000268s ]
INFO: [ app_end ] --START--
INFO: Run Behavior\ShowPageTraceBehavior [ RunTime:0.000379s ]
INFO: [ app_end ] --END-- [ RunTime:0.000496s ]

[ 2017-04-07T18:05:01+08:00 ] 172.17.0.1 /api_tp/api_tp/index.php/Home/PageIndex/Index?into=OMS&method=customerRestApi.cash.select&oms_hostBn=customer
INFO: [ app_init ] --START--
INFO: Run Behavior\BuildLiteBehavior [ RunTime:0.000016s ]
INFO: [ app_init ] --END-- [ RunTime:0.000090s ]
INFO: [ app_begin ] --START--
INFO: Run Behavior\ReadHtmlCacheBehavior [ RunTime:0.000213s ]
INFO: [ app_begin ] --END-- [ RunTime:0.000281s ]
INFO: [ app_end ] --START--
INFO: Run Behavior\ShowPageTraceBehavior [ RunTime:0.000337s ]
INFO: [ app_end ] --END-- [ RunTime:0.000433s ]

[ 2017-04-07T18:15:12+08:00 ] 172.17.0.1 /api_tp/api_tp/index.php/Home/PageIndex/Index?into=OMS&method=customerRestApi.cash.select&oms_hostBn=customer
INFO: [ app_init ] --START--
INFO: Run Behavior\BuildLiteBehavior [ RunTime:0.000015s ]
INFO: [ app_init ] --END-- [ RunTime:0.000077s ]
INFO: [ app_begin ] --START--
INFO: Run Behavior\ReadHtmlCacheBehavior [ RunTime:0.000199s ]
INFO: [ app_begin ] --END-- [ RunTime:0.000267s ]
INFO: [ app_end ] --START--
INFO: Run Behavior\ShowPageTraceBehavior [ RunTime:0.000311s ]
INFO: [ app_end ] --END-- [ RunTime:0.000414s ]

[ 2017-04-07T18:16:55+08:00 ] 172.17.0.1 /api_tp/api_tp/index.php/Home/PageIndex/Index?into=OMS&method=customerRestApi.customer.getCrdtPpcDetail&oms_hostBn=customer
INFO: [ app_init ] --START--
INFO: Run Behavior\BuildLiteBehavior [ RunTime:0.000017s ]
INFO: [ app_init ] --END-- [ RunTime:0.000086s ]
INFO: [ app_begin ] --START--
INFO: Run Behavior\ReadHtmlCacheBehavior [ RunTime:0.000304s ]
INFO: [ app_begin ] --END-- [ RunTime:0.000403s ]
INFO: [ app_end ] --START--
INFO: Run Behavior\ShowPageTraceBehavior [ RunTime:0.000315s ]
INFO: [ app_end ] --END-- [ RunTime:0.000414s ]

[ 2017-04-07T18:17:01+08:00 ] 172.17.0.1 /api_tp/api_tp/index.php/Home/PageIndex/Index?into=OMS&method=customerRestApi.cash.select&oms_hostBn=customer
INFO: [ app_init ] --START--
INFO: Run Behavior\BuildLiteBehavior [ RunTime:0.000023s ]
INFO: [ app_init ] --END-- [ RunTime:0.000130s ]
INFO: [ app_begin ] --START--
INFO: Run Behavior\ReadHtmlCacheBehavior [ RunTime:0.000259s ]
INFO: [ app_begin ] --END-- [ RunTime:0.000348s ]
INFO: [ app_end ] --START--
INFO: Run Behavior\ShowPageTraceBehavior [ RunTime:0.000325s ]
INFO: [ app_end ] --END-- [ RunTime:0.000435s ]

[ 2017-04-07T18:17:08+08:00 ] 172.17.0.1 /api_tp/api_tp/index.php/Home/PageIndex/Index?into=OMS&method=customerRestApi.customer.points.detail&oms_hostBn=customer
INFO: [ app_init ] --START--
INFO: Run Behavior\BuildLiteBehavior [ RunTime:0.000027s ]
INFO: [ app_init ] --END-- [ RunTime:0.000142s ]
INFO: [ app_begin ] --START--
INFO: Run Behavior\ReadHtmlCacheBehavior [ RunTime:0.000319s ]
INFO: [ app_begin ] --END-- [ RunTime:0.000439s ]
INFO: [ app_end ] --START--
INFO: Run Behavior\ShowPageTraceBehavior [ RunTime:0.000316s ]
INFO: [ app_end ] --END-- [ RunTime:0.000416s ]

[ 2017-04-07T18:31:41+08:00 ] 172.17.0.1 /api_tp/api_tp/index.php/Home/PageIndex/Index?into=OMS&method=customerRestApi.customer.points.detail&oms_hostBn=customer
INFO: [ app_init ] --START--
INFO: Run Behavior\BuildLiteBehavior [ RunTime:0.000016s ]
INFO: [ app_init ] --END-- [ RunTime:0.000082s ]
INFO: [ app_begin ] --START--
INFO: Run Behavior\ReadHtmlCacheBehavior [ RunTime:0.000220s ]
INFO: [ app_begin ] --END-- [ RunTime:0.000303s ]
INFO: [ app_end ] --START--
INFO: Run Behavior\ShowPageTraceBehavior [ RunTime:0.000329s ]
INFO: [ app_end ] --END-- [ RunTime:0.000438s ]

