[ 2017-03-24T14:35:36+08:00 ] 172.17.0.1 /api_tp/index.php/Home/PageIndex/Index?into=OMS&method=goodsRestApi.goods.goodsInfo
INFO: [ app_init ] --START--
INFO: Run Behavior\BuildLiteBehavior [ RunTime:0.000014s ]
INFO: [ app_init ] --END-- [ RunTime:0.000077s ]
INFO: [ app_begin ] --START--
INFO: Run Behavior\ReadHtmlCacheBehavior [ RunTime:0.000373s ]
INFO: [ app_begin ] --END-- [ RunTime:0.000503s ]
NOTIC: [8] Undefined index: oms_hostBn /opt/htdocs/api_tp/Application/Home/Controller/PageIndexController.class.php 第 321 行.
INFO: [ app_end ] --START--
INFO: Run Behavior\ShowPageTraceBehavior [ RunTime:0.000825s ]
INFO: [ app_end ] --END-- [ RunTime:0.000948s ]

[ 2017-03-24T14:35:55+08:00 ] 172.17.0.1 /api_tp/index.php/Home/PageIndex/Index?into=B2C&method=b2c.product2.app_productBaseInfo&direct=true
INFO: [ app_init ] --START--
INFO: Run Behavior\BuildLiteBehavior [ RunTime:0.000018s ]
INFO: [ app_init ] --END-- [ RunTime:0.000096s ]
INFO: [ app_begin ] --START--
INFO: Run Behavior\ReadHtmlCacheBehavior [ RunTime:0.000276s ]
INFO: [ app_begin ] --END-- [ RunTime:0.000370s ]
INFO: [ app_end ] --START--
INFO: Run Behavior\ShowPageTraceBehavior [ RunTime:0.000290s ]
INFO: [ app_end ] --END-- [ RunTime:0.000389s ]

[ 2017-03-24T14:38:49+08:00 ] 172.17.0.1 /api_tp/index.php/Home/PageIndex/Index?method=add_cart
INFO: [ app_init ] --START--
INFO: Run Behavior\BuildLiteBehavior [ RunTime:0.000018s ]
INFO: [ app_init ] --END-- [ RunTime:0.000101s ]
INFO: [ app_begin ] --START--
INFO: Run Behavior\ReadHtmlCacheBehavior [ RunTime:0.000207s ]
INFO: [ app_begin ] --END-- [ RunTime:0.000279s ]
NOTIC: [8] Undefined index: into /opt/htdocs/api_tp/Application/Home/Controller/PageIndexController.class.php 第 47 行.
SQL: SHOW COLUMNS FROM `cart` [ RunTime:0.0009s ]
SQL: SELECT * FROM `cart` WHERE `custId` = 5778041 AND `goodId` = '109376' AND `colorId` = 0 AND `styleId` = 0 AND `status` = 0  [ RunTime:0.0003s ]
SQL: INSERT INTO `cart` (`custId`,`goodId`,`colorId`,`styleId`,`num`,`status`,`name`,`price`,`image`) VALUES ('5778041','109376','0','0','1','0','xxxxx','100','0') [ RunTime:0.2793s ]
INFO: [ app_end ] --START--
INFO: Run Behavior\ShowPageTraceBehavior [ RunTime:0.000476s ]
INFO: [ app_end ] --END-- [ RunTime:0.000586s ]

[ 2017-03-24T14:39:57+08:00 ] 172.17.0.1 /api_tp/index.php/Home/PageIndex/Index?method=add_cart
INFO: [ app_init ] --START--
INFO: Run Behavior\BuildLiteBehavior [ RunTime:0.000014s ]
INFO: [ app_init ] --END-- [ RunTime:0.000076s ]
INFO: [ app_begin ] --START--
INFO: Run Behavior\ReadHtmlCacheBehavior [ RunTime:0.000195s ]
INFO: [ app_begin ] --END-- [ RunTime:0.000257s ]
NOTIC: [8] Undefined index: into /opt/htdocs/api_tp/Application/Home/Controller/PageIndexController.class.php 第 47 行.
SQL: SHOW COLUMNS FROM `cart` [ RunTime:0.0010s ]
SQL: SELECT * FROM `cart` WHERE `custId` = 5778041 AND `goodId` = '109376' AND `colorId` = 0 AND `styleId` = 0 AND `status` = 0  [ RunTime:0.0003s ]
SQL: INSERT INTO `cart` (`custId`,`goodId`,`colorId`,`styleId`,`num`,`status`,`name`,`price`,`image`) VALUES ('5778041','109376','0','0','1','0','xxxxx','100','http://testec.ghs.net/public/images/60/a7/e1/340d538ce8e8ef25e628939afcb0d06c51f117c7.jpg') [ RunTime:0.0990s ]
INFO: [ app_end ] --START--
INFO: Run Behavior\ShowPageTraceBehavior [ RunTime:0.000322s ]
INFO: [ app_end ] --END-- [ RunTime:0.000401s ]

[ 2017-03-24T15:41:00+08:00 ] 172.17.0.1 /api_tp/index.php/Home/PageIndex/Index?method=get_cart
INFO: [ app_init ] --START--
INFO: Run Behavior\BuildLiteBehavior [ RunTime:0.000016s ]
INFO: [ app_init ] --END-- [ RunTime:0.000082s ]
INFO: [ app_begin ] --START--
INFO: Run Behavior\ReadHtmlCacheBehavior [ RunTime:0.000247s ]
INFO: [ app_begin ] --END-- [ RunTime:0.000323s ]
NOTIC: [8] Undefined index: into /opt/htdocs/api_tp/Application/Home/Controller/PageIndexController.class.php 第 47 行.
SQL: SHOW COLUMNS FROM `cart` [ RunTime:0.0008s ]
INFO: [ app_end ] --START--
INFO: Run Behavior\ShowPageTraceBehavior [ RunTime:0.000278s ]
INFO: [ app_end ] --END-- [ RunTime:0.000344s ]

[ 2017-03-24T15:41:55+08:00 ] 172.17.0.1 /api_tp/index.php/Home/PageIndex/Index?method=get_cart
INFO: [ app_init ] --START--
INFO: Run Behavior\BuildLiteBehavior [ RunTime:0.000014s ]
INFO: [ app_init ] --END-- [ RunTime:0.000078s ]
INFO: [ app_begin ] --START--
INFO: Run Behavior\ReadHtmlCacheBehavior [ RunTime:0.000472s ]
INFO: [ app_begin ] --END-- [ RunTime:0.000613s ]
NOTIC: [8] Undefined index: into /opt/htdocs/api_tp/Application/Home/Controller/PageIndexController.class.php 第 47 行.

[ 2017-03-24T15:42:19+08:00 ] 172.17.0.1 /api_tp/index.php/Home/PageIndex/Index?method=get_cart
INFO: [ app_init ] --START--
INFO: Run Behavior\BuildLiteBehavior [ RunTime:0.000014s ]
INFO: [ app_init ] --END-- [ RunTime:0.000072s ]
INFO: [ app_begin ] --START--
INFO: Run Behavior\ReadHtmlCacheBehavior [ RunTime:0.000229s ]
INFO: [ app_begin ] --END-- [ RunTime:0.000314s ]
NOTIC: [8] Undefined index: into /opt/htdocs/api_tp/Application/Home/Controller/PageIndexController.class.php 第 47 行.
SQL: SHOW COLUMNS FROM `cart` [ RunTime:0.0008s ]
INFO: [ app_end ] --START--
INFO: Run Behavior\ShowPageTraceBehavior [ RunTime:0.000308s ]
INFO: [ app_end ] --END-- [ RunTime:0.000386s ]

[ 2017-03-24T15:42:54+08:00 ] 172.17.0.1 /api_tp/index.php/Home/PageIndex/Index?method=get_cart
INFO: [ app_init ] --START--
INFO: Run Behavior\BuildLiteBehavior [ RunTime:0.000015s ]
INFO: [ app_init ] --END-- [ RunTime:0.000078s ]
INFO: [ app_begin ] --START--
INFO: Run Behavior\ReadHtmlCacheBehavior [ RunTime:0.000201s ]
INFO: [ app_begin ] --END-- [ RunTime:0.000267s ]
NOTIC: [8] Undefined index: into /opt/htdocs/api_tp/Application/Home/Controller/PageIndexController.class.php 第 47 行.
SQL: SHOW COLUMNS FROM `cart` [ RunTime:0.0016s ]
INFO: [ app_end ] --START--
INFO: Run Behavior\ShowPageTraceBehavior [ RunTime:0.000387s ]
INFO: [ app_end ] --END-- [ RunTime:0.000496s ]

[ 2017-03-24T15:43:17+08:00 ] 172.17.0.1 /api_tp/index.php/Home/PageIndex/Index?method=get_cart
INFO: [ app_init ] --START--
INFO: Run Behavior\BuildLiteBehavior [ RunTime:0.000014s ]
INFO: [ app_init ] --END-- [ RunTime:0.000077s ]
INFO: [ app_begin ] --START--
INFO: Run Behavior\ReadHtmlCacheBehavior [ RunTime:0.000297s ]
INFO: [ app_begin ] --END-- [ RunTime:0.000423s ]
NOTIC: [8] Undefined index: into /opt/htdocs/api_tp/Application/Home/Controller/PageIndexController.class.php 第 47 行.
SQL: SHOW COLUMNS FROM `cart` [ RunTime:0.4448s ]
SQL: SELECT * FROM `cart` WHERE `custId` = 5778041 AND `status` = 0  [ RunTime:0.0004s ]
INFO: [ app_end ] --START--
INFO: Run Behavior\ShowPageTraceBehavior [ RunTime:0.000284s ]
INFO: [ app_end ] --END-- [ RunTime:0.000352s ]

[ 2017-03-24T15:50:07+08:00 ] 172.17.0.1 /api_tp/index.php/Home/PageIndex/Index?method=del_cart
INFO: [ app_init ] --START--
INFO: Run Behavior\BuildLiteBehavior [ RunTime:0.000014s ]
INFO: [ app_init ] --END-- [ RunTime:0.000087s ]
INFO: [ app_begin ] --START--
INFO: Run Behavior\ReadHtmlCacheBehavior [ RunTime:0.000201s ]
INFO: [ app_begin ] --END-- [ RunTime:0.000266s ]
NOTIC: [8] Undefined index: into /opt/htdocs/api_tp/Application/Home/Controller/PageIndexController.class.php 第 47 行.
SQL: SHOW COLUMNS FROM `cart` [ RunTime:0.0009s ]
SQL: UPDATE `cart` SET `status`='2' WHERE `id` = 6 [ RunTime:0.2022s ]
INFO: [ app_end ] --START--
INFO: Run Behavior\ShowPageTraceBehavior [ RunTime:0.000325s ]
INFO: [ app_end ] --END-- [ RunTime:0.000406s ]

[ 2017-03-24T15:50:17+08:00 ] 172.17.0.1 /api_tp/index.php/Home/PageIndex/Index?method=get_cart
INFO: [ app_init ] --START--
INFO: Run Behavior\BuildLiteBehavior [ RunTime:0.000020s ]
INFO: [ app_init ] --END-- [ RunTime:0.000104s ]
INFO: [ app_begin ] --START--
INFO: Run Behavior\ReadHtmlCacheBehavior [ RunTime:0.000252s ]
INFO: [ app_begin ] --END-- [ RunTime:0.000351s ]
NOTIC: [8] Undefined index: into /opt/htdocs/api_tp/Application/Home/Controller/PageIndexController.class.php 第 47 行.
SQL: SHOW COLUMNS FROM `cart` [ RunTime:0.0007s ]
SQL: SELECT * FROM `cart` WHERE `custId` = 5778041 AND `status` = 0  [ RunTime:0.0003s ]
INFO: [ app_end ] --START--
INFO: Run Behavior\ShowPageTraceBehavior [ RunTime:0.000318s ]
INFO: [ app_end ] --END-- [ RunTime:0.000387s ]

[ 2017-03-24T15:50:24+08:00 ] 172.17.0.1 /api_tp/index.php/Home/PageIndex/Index?method=get_cart
INFO: [ app_init ] --START--
INFO: Run Behavior\BuildLiteBehavior [ RunTime:0.000015s ]
INFO: [ app_init ] --END-- [ RunTime:0.000079s ]
INFO: [ app_begin ] --START--
INFO: Run Behavior\ReadHtmlCacheBehavior [ RunTime:0.000203s ]
INFO: [ app_begin ] --END-- [ RunTime:0.000288s ]
NOTIC: [8] Undefined index: into /opt/htdocs/api_tp/Application/Home/Controller/PageIndexController.class.php 第 47 行.
SQL: SHOW COLUMNS FROM `cart` [ RunTime:0.0009s ]
SQL: SELECT * FROM `cart` WHERE `custId` = 5778041 AND `status` = 0  [ RunTime:0.0003s ]
INFO: [ app_end ] --START--
INFO: Run Behavior\ShowPageTraceBehavior [ RunTime:0.000264s ]
INFO: [ app_end ] --END-- [ RunTime:0.000325s ]

[ 2017-03-24T15:50:42+08:00 ] 172.17.0.1 /api_tp/index.php/Home/PageIndex/Index?method=add_cart
INFO: [ app_init ] --START--
INFO: Run Behavior\BuildLiteBehavior [ RunTime:0.000014s ]
INFO: [ app_init ] --END-- [ RunTime:0.000077s ]
INFO: [ app_begin ] --START--
INFO: Run Behavior\ReadHtmlCacheBehavior [ RunTime:0.000202s ]
INFO: [ app_begin ] --END-- [ RunTime:0.000269s ]
NOTIC: [8] Undefined index: into /opt/htdocs/api_tp/Application/Home/Controller/PageIndexController.class.php 第 47 行.
SQL: SHOW COLUMNS FROM `cart` [ RunTime:0.0008s ]
SQL: SELECT * FROM `cart` WHERE `custId` = 5778041 AND `goodId` = '109376' AND `colorId` = 0 AND `styleId` = 0 AND `status` = 0  [ RunTime:0.0004s ]
SQL: INSERT INTO `cart` (`custId`,`goodId`,`colorId`,`styleId`,`num`,`status`,`name`,`price`,`image`) VALUES ('5778041','109376','0','0','1','0','xxxxx','100','http://testec.ghs.net/public/images/60/a7/e1/340d538ce8e8ef25e628939afcb0d06c51f117c7.jpg') [ RunTime:0.2385s ]
INFO: [ app_end ] --START--
INFO: Run Behavior\ShowPageTraceBehavior [ RunTime:0.000312s ]
INFO: [ app_end ] --END-- [ RunTime:0.000402s ]

[ 2017-03-24T16:06:45+08:00 ] 172.17.0.1 /api_tp/index.php/Home/PageIndex/Index?method=del_cart
INFO: [ app_init ] --START--
INFO: Run Behavior\BuildLiteBehavior [ RunTime:0.000016s ]
INFO: [ app_init ] --END-- [ RunTime:0.000081s ]
INFO: [ app_begin ] --START--
INFO: Run Behavior\ReadHtmlCacheBehavior [ RunTime:0.000239s ]
INFO: [ app_begin ] --END-- [ RunTime:0.000314s ]
NOTIC: [8] Undefined index: into /opt/htdocs/api_tp/Application/Home/Controller/PageIndexController.class.php 第 47 行.
SQL: SHOW COLUMNS FROM `cart` [ RunTime:0.0008s ]
SQL: UPDATE `cart` SET `status`='2' WHERE `id` = 7 [ RunTime:0.1745s ]
INFO: [ app_end ] --START--
INFO: Run Behavior\ShowPageTraceBehavior [ RunTime:0.000342s ]
INFO: [ app_end ] --END-- [ RunTime:0.000443s ]

[ 2017-03-24T16:08:12+08:00 ] 172.17.0.1 /api_tp/index.php/Home/PageIndex/Index?method=oper_num
INFO: [ app_init ] --START--
INFO: Run Behavior\BuildLiteBehavior [ RunTime:0.000018s ]
INFO: [ app_init ] --END-- [ RunTime:0.000097s ]
INFO: [ app_begin ] --START--
INFO: Run Behavior\ReadHtmlCacheBehavior [ RunTime:0.000268s ]
INFO: [ app_begin ] --END-- [ RunTime:0.000363s ]
NOTIC: [8] Undefined index: into /opt/htdocs/api_tp/Application/Home/Controller/PageIndexController.class.php 第 47 行.
SQL: SHOW COLUMNS FROM `cart` [ RunTime:0.0007s ]
SQL: update cart set num=num+1 where id=7 [ RunTime:0.1419s ]
INFO: [ app_end ] --START--
INFO: Run Behavior\ShowPageTraceBehavior [ RunTime:0.000326s ]
INFO: [ app_end ] --END-- [ RunTime:0.000400s ]

[ 2017-03-24T16:08:36+08:00 ] 172.17.0.1 /api_tp/index.php/Home/PageIndex/Index?method=oper_num
INFO: [ app_init ] --START--
INFO: Run Behavior\BuildLiteBehavior [ RunTime:0.000016s ]
INFO: [ app_init ] --END-- [ RunTime:0.000101s ]
INFO: [ app_begin ] --START--
INFO: Run Behavior\ReadHtmlCacheBehavior [ RunTime:0.000216s ]
INFO: [ app_begin ] --END-- [ RunTime:0.000284s ]
NOTIC: [8] Undefined index: into /opt/htdocs/api_tp/Application/Home/Controller/PageIndexController.class.php 第 47 行.
SQL: SHOW COLUMNS FROM `cart` [ RunTime:0.0008s ]
SQL: update cart set num=num+1 where id=999 [ RunTime:0.0003s ]
INFO: [ app_end ] --START--
INFO: Run Behavior\ShowPageTraceBehavior [ RunTime:0.000272s ]
INFO: [ app_end ] --END-- [ RunTime:0.000337s ]

[ 2017-03-24T16:09:15+08:00 ] 172.17.0.1 /api_tp/index.php/Home/PageIndex/Index?method=get_cart
INFO: [ app_init ] --START--
INFO: Run Behavior\BuildLiteBehavior [ RunTime:0.000026s ]
INFO: [ app_init ] --END-- [ RunTime:0.000097s ]
INFO: [ app_begin ] --START--
INFO: Run Behavior\ReadHtmlCacheBehavior [ RunTime:0.000188s ]
INFO: [ app_begin ] --END-- [ RunTime:0.000249s ]
NOTIC: [8] Undefined index: into /opt/htdocs/api_tp/Application/Home/Controller/PageIndexController.class.php 第 47 行.
SQL: SHOW COLUMNS FROM `cart` [ RunTime:0.0008s ]
SQL: SELECT * FROM `cart` WHERE `custId` = 5778041 AND `status` = 0  [ RunTime:0.0003s ]
INFO: [ app_end ] --START--
INFO: Run Behavior\ShowPageTraceBehavior [ RunTime:0.000257s ]
INFO: [ app_end ] --END-- [ RunTime:0.000321s ]

